<?xml version="1.0" encoding="UTF-8"?>
<robot generator="Robot 3.1.2 (Python 3.8.1 on win32)" generated="20210120 17:25:14.182" rpa="false">
<suite id="s1" name="iLO repo" source="C:\Users\Administrator\Documents\Robot\Version 3\iLO_repo.robot">
<test id="s1-t1" name="Test main">
<kw name="Get File" library="OperatingSystem">
<doc>Returns the contents of a specified file.</doc>
<arguments>
<arg>c:\\input.txt</arg>
<arg>encoding=UTF-8</arg>
</arguments>
<assign>
<var>${file}</var>
</assign>
<msg timestamp="20210120 17:25:14.513" level="INFO" html="yes">Getting file '&lt;a href="file://c:\input.txt"&gt;c:\input.txt&lt;/a&gt;'.</msg>
<msg timestamp="20210120 17:25:14.513" level="INFO">${file} = #INPUT FILE
SPP_DIR= D:\spp
SPP_ISO= SPPGen10PlusSnap4.2021_0114.93.iso
CUSTOM_BASELINE_DIR= None
CD_DRIVE= E:
OUTPUT_PATH= D:

#SERVER DETAILS
#&lt;iLO/Network IP&gt; &lt;username&gt; &lt;password&gt; &lt;Linux/Windows/i...</msg>
<status status="PASS" starttime="20210120 17:25:14.513" endtime="20210120 17:25:14.513"></status>
</kw>
<kw name="Split To Lines" library="String">
<doc>Splits the given string to lines.</doc>
<arguments>
<arg>${file}</arg>
</arguments>
<assign>
<var>@{lines}</var>
</assign>
<msg timestamp="20210120 17:25:14.513" level="INFO">37 lines returned</msg>
<msg timestamp="20210120 17:25:14.513" level="INFO">@{lines} = [ #INPUT FILE | SPP_DIR= D:\spp | SPP_ISO= SPPGen10PlusSnap4.2021_0114.93.iso | CUSTOM_BASELINE_DIR= None | CD_DRIVE= E: | OUTPUT_PATH= D: |  | #SERVER DETAILS | #&lt;iLO/Network IP&gt; &lt;username&gt; &lt;password...</msg>
<status status="PASS" starttime="20210120 17:25:14.513" endtime="20210120 17:25:14.513"></status>
</kw>
<kw name="${elem} IN [ @{lines} ]" type="for">
<kw name="${elem} = #INPUT FILE" type="foritem">
<kw name="Split String" library="String">
<doc>Splits the ``string`` using ``separator`` as a delimiter string.</doc>
<arguments>
<arg>${elem}</arg>
</arguments>
<assign>
<var>${word}</var>
</assign>
<msg timestamp="20210120 17:25:14.528" level="INFO">${word} = ['#INPUT', 'FILE']</msg>
<status status="PASS" starttime="20210120 17:25:14.513" endtime="20210120 17:25:14.528"></status>
</kw>
<kw name="Run Keyword And Ignore Error" library="BuiltIn">
<doc>Runs the given keyword with the given arguments and ignores possible error.</doc>
<arguments>
<arg>should contain</arg>
<arg>${word}[0]</arg>
<arg>1</arg>
</arguments>
<assign>
<var>${status1}</var>
</assign>
<kw name="Should Contain" library="BuiltIn">
<doc>Fails if ``container`` does not contain ``item`` one or more times.</doc>
<arguments>
<arg>${word}[0]</arg>
<arg>1</arg>
</arguments>
<msg timestamp="20210120 17:25:14.528" level="FAIL">'#INPUT' does not contain '1'</msg>
<status status="FAIL" starttime="20210120 17:25:14.528" endtime="20210120 17:25:14.528"></status>
</kw>
<msg timestamp="20210120 17:25:14.528" level="INFO">${status1} = ('FAIL', "'#INPUT' does not contain '1'")</msg>
<status status="PASS" starttime="20210120 17:25:14.528" endtime="20210120 17:25:14.528"></status>
</kw>
<kw name="Run Keyword And Ignore Error" library="BuiltIn">
<doc>Runs the given keyword with the given arguments and ignores possible error.</doc>
<arguments>
<arg>should contain</arg>
<arg>${word}[0]</arg>
<arg>\#</arg>
</arguments>
<assign>
<var>${status2}</var>
</assign>
<kw name="Should Contain" library="BuiltIn">
<doc>Fails if ``container`` does not contain ``item`` one or more times.</doc>
<arguments>
<arg>${word}[0]</arg>
<arg>\#</arg>
</arguments>
<status status="PASS" starttime="20210120 17:25:14.528" endtime="20210120 17:25:14.528"></status>
</kw>
<msg timestamp="20210120 17:25:14.528" level="INFO">${status2} = ('PASS', None)</msg>
<status status="PASS" starttime="20210120 17:25:14.528" endtime="20210120 17:25:14.528"></status>
</kw>
<kw name="Continue For Loop If" library="BuiltIn">
<doc>Skips the current for loop iteration if the ``condition`` is true.</doc>
<arguments>
<arg>'${status1}[0]'=='FAIL' or '${status2}[0]'=='PASS'</arg>
</arguments>
<msg timestamp="20210120 17:25:14.528" level="INFO">Continuing for loop from the next iteration.</msg>
<status status="PASS" starttime="20210120 17:25:14.528" endtime="20210120 17:25:14.528"></status>
</kw>
<status status="PASS" starttime="20210120 17:25:14.513" endtime="20210120 17:25:14.528"></status>
</kw>
<kw name="${elem} = SPP_DIR= D:\spp" type="foritem">
<kw name="Split String" library="String">
<doc>Splits the ``string`` using ``separator`` as a delimiter string.</doc>
<arguments>
<arg>${elem}</arg>
</arguments>
<assign>
<var>${word}</var>
</assign>
<msg timestamp="20210120 17:25:14.528" level="INFO">${word} = ['SPP_DIR=', 'D:\\spp']</msg>
<status status="PASS" starttime="20210120 17:25:14.528" endtime="20210120 17:25:14.528"></status>
</kw>
<kw name="Run Keyword And Ignore Error" library="BuiltIn">
<doc>Runs the given keyword with the given arguments and ignores possible error.</doc>
<arguments>
<arg>should contain</arg>
<arg>${word}[0]</arg>
<arg>1</arg>
</arguments>
<assign>
<var>${status1}</var>
</assign>
<kw name="Should Contain" library="BuiltIn">
<doc>Fails if ``container`` does not contain ``item`` one or more times.</doc>
<arguments>
<arg>${word}[0]</arg>
<arg>1</arg>
</arguments>
<msg timestamp="20210120 17:25:14.528" level="FAIL">'SPP_DIR=' does not contain '1'</msg>
<status status="FAIL" starttime="20210120 17:25:14.528" endtime="20210120 17:25:14.528"></status>
</kw>
<msg timestamp="20210120 17:25:14.528" level="INFO">${status1} = ('FAIL', "'SPP_DIR=' does not contain '1'")</msg>
<status status="PASS" starttime="20210120 17:25:14.528" endtime="20210120 17:25:14.528"></status>
</kw>
<kw name="Run Keyword And Ignore Error" library="BuiltIn">
<doc>Runs the given keyword with the given arguments and ignores possible error.</doc>
<arguments>
<arg>should contain</arg>
<arg>${word}[0]</arg>
<arg>\#</arg>
</arguments>
<assign>
<var>${status2}</var>
</assign>
<kw name="Should Contain" library="BuiltIn">
<doc>Fails if ``container`` does not contain ``item`` one or more times.</doc>
<arguments>
<arg>${word}[0]</arg>
<arg>\#</arg>
</arguments>
<msg timestamp="20210120 17:25:14.528" level="FAIL">'SPP_DIR=' does not contain '#'</msg>
<status status="FAIL" starttime="20210120 17:25:14.528" endtime="20210120 17:25:14.528"></status>
</kw>
<msg timestamp="20210120 17:25:14.528" level="INFO">${status2} = ('FAIL', "'SPP_DIR=' does not contain '#'")</msg>
<status status="PASS" starttime="20210120 17:25:14.528" endtime="20210120 17:25:14.528"></status>
</kw>
<kw name="Continue For Loop If" library="BuiltIn">
<doc>Skips the current for loop iteration if the ``condition`` is true.</doc>
<arguments>
<arg>'${status1}[0]'=='FAIL' or '${status2}[0]'=='PASS'</arg>
</arguments>
<msg timestamp="20210120 17:25:14.528" level="INFO">Continuing for loop from the next iteration.</msg>
<status status="PASS" starttime="20210120 17:25:14.528" endtime="20210120 17:25:14.528"></status>
</kw>
<status status="PASS" starttime="20210120 17:25:14.528" endtime="20210120 17:25:14.528"></status>
</kw>
<kw name="${elem} = SPP_ISO= SPPGen10PlusSnap4.2021_0114.93.iso" type="foritem">
<kw name="Split String" library="String">
<doc>Splits the ``string`` using ``separator`` as a delimiter string.</doc>
<arguments>
<arg>${elem}</arg>
</arguments>
<assign>
<var>${word}</var>
</assign>
<msg timestamp="20210120 17:25:14.528" level="INFO">${word} = ['SPP_ISO=', 'SPPGen10PlusSnap4.2021_0114.93.iso']</msg>
<status status="PASS" starttime="20210120 17:25:14.528" endtime="20210120 17:25:14.528"></status>
</kw>
<kw name="Run Keyword And Ignore Error" library="BuiltIn">
<doc>Runs the given keyword with the given arguments and ignores possible error.</doc>
<arguments>
<arg>should contain</arg>
<arg>${word}[0]</arg>
<arg>1</arg>
</arguments>
<assign>
<var>${status1}</var>
</assign>
<kw name="Should Contain" library="BuiltIn">
<doc>Fails if ``container`` does not contain ``item`` one or more times.</doc>
<arguments>
<arg>${word}[0]</arg>
<arg>1</arg>
</arguments>
<msg timestamp="20210120 17:25:14.528" level="FAIL">'SPP_ISO=' does not contain '1'</msg>
<status status="FAIL" starttime="20210120 17:25:14.528" endtime="20210120 17:25:14.528"></status>
</kw>
<msg timestamp="20210120 17:25:14.528" level="INFO">${status1} = ('FAIL', "'SPP_ISO=' does not contain '1'")</msg>
<status status="PASS" starttime="20210120 17:25:14.528" endtime="20210120 17:25:14.528"></status>
</kw>
<kw name="Run Keyword And Ignore Error" library="BuiltIn">
<doc>Runs the given keyword with the given arguments and ignores possible error.</doc>
<arguments>
<arg>should contain</arg>
<arg>${word}[0]</arg>
<arg>\#</arg>
</arguments>
<assign>
<var>${status2}</var>
</assign>
<kw name="Should Contain" library="BuiltIn">
<doc>Fails if ``container`` does not contain ``item`` one or more times.</doc>
<arguments>
<arg>${word}[0]</arg>
<arg>\#</arg>
</arguments>
<msg timestamp="20210120 17:25:14.528" level="FAIL">'SPP_ISO=' does not contain '#'</msg>
<status status="FAIL" starttime="20210120 17:25:14.528" endtime="20210120 17:25:14.528"></status>
</kw>
<msg timestamp="20210120 17:25:14.528" level="INFO">${status2} = ('FAIL', "'SPP_ISO=' does not contain '#'")</msg>
<status status="PASS" starttime="20210120 17:25:14.528" endtime="20210120 17:25:14.528"></status>
</kw>
<kw name="Continue For Loop If" library="BuiltIn">
<doc>Skips the current for loop iteration if the ``condition`` is true.</doc>
<arguments>
<arg>'${status1}[0]'=='FAIL' or '${status2}[0]'=='PASS'</arg>
</arguments>
<msg timestamp="20210120 17:25:14.528" level="INFO">Continuing for loop from the next iteration.</msg>
<status status="PASS" starttime="20210120 17:25:14.528" endtime="20210120 17:25:14.528"></status>
</kw>
<status status="PASS" starttime="20210120 17:25:14.528" endtime="20210120 17:25:14.528"></status>
</kw>
<kw name="${elem} = CUSTOM_BASELINE_DIR= None" type="foritem">
<kw name="Split String" library="String">
<doc>Splits the ``string`` using ``separator`` as a delimiter string.</doc>
<arguments>
<arg>${elem}</arg>
</arguments>
<assign>
<var>${word}</var>
</assign>
<msg timestamp="20210120 17:25:14.528" level="INFO">${word} = ['CUSTOM_BASELINE_DIR=', 'None']</msg>
<status status="PASS" starttime="20210120 17:25:14.528" endtime="20210120 17:25:14.528"></status>
</kw>
<kw name="Run Keyword And Ignore Error" library="BuiltIn">
<doc>Runs the given keyword with the given arguments and ignores possible error.</doc>
<arguments>
<arg>should contain</arg>
<arg>${word}[0]</arg>
<arg>1</arg>
</arguments>
<assign>
<var>${status1}</var>
</assign>
<kw name="Should Contain" library="BuiltIn">
<doc>Fails if ``container`` does not contain ``item`` one or more times.</doc>
<arguments>
<arg>${word}[0]</arg>
<arg>1</arg>
</arguments>
<msg timestamp="20210120 17:25:14.528" level="FAIL">'CUSTOM_BASELINE_DIR=' does not contain '1'</msg>
<status status="FAIL" starttime="20210120 17:25:14.528" endtime="20210120 17:25:14.528"></status>
</kw>
<msg timestamp="20210120 17:25:14.528" level="INFO">${status1} = ('FAIL', "'CUSTOM_BASELINE_DIR=' does not contain '1'")</msg>
<status status="PASS" starttime="20210120 17:25:14.528" endtime="20210120 17:25:14.528"></status>
</kw>
<kw name="Run Keyword And Ignore Error" library="BuiltIn">
<doc>Runs the given keyword with the given arguments and ignores possible error.</doc>
<arguments>
<arg>should contain</arg>
<arg>${word}[0]</arg>
<arg>\#</arg>
</arguments>
<assign>
<var>${status2}</var>
</assign>
<kw name="Should Contain" library="BuiltIn">
<doc>Fails if ``container`` does not contain ``item`` one or more times.</doc>
<arguments>
<arg>${word}[0]</arg>
<arg>\#</arg>
</arguments>
<msg timestamp="20210120 17:25:14.544" level="FAIL">'CUSTOM_BASELINE_DIR=' does not contain '#'</msg>
<status status="FAIL" starttime="20210120 17:25:14.544" endtime="20210120 17:25:14.544"></status>
</kw>
<msg timestamp="20210120 17:25:14.544" level="INFO">${status2} = ('FAIL', "'CUSTOM_BASELINE_DIR=' does not contain '#'")</msg>
<status status="PASS" starttime="20210120 17:25:14.544" endtime="20210120 17:25:14.544"></status>
</kw>
<kw name="Continue For Loop If" library="BuiltIn">
<doc>Skips the current for loop iteration if the ``condition`` is true.</doc>
<arguments>
<arg>'${status1}[0]'=='FAIL' or '${status2}[0]'=='PASS'</arg>
</arguments>
<msg timestamp="20210120 17:25:14.544" level="INFO">Continuing for loop from the next iteration.</msg>
<status status="PASS" starttime="20210120 17:25:14.544" endtime="20210120 17:25:14.544"></status>
</kw>
<status status="PASS" starttime="20210120 17:25:14.528" endtime="20210120 17:25:14.544"></status>
</kw>
<kw name="${elem} = CD_DRIVE= E:" type="foritem">
<kw name="Split String" library="String">
<doc>Splits the ``string`` using ``separator`` as a delimiter string.</doc>
<arguments>
<arg>${elem}</arg>
</arguments>
<assign>
<var>${word}</var>
</assign>
<msg timestamp="20210120 17:25:14.544" level="INFO">${word} = ['CD_DRIVE=', 'E:']</msg>
<status status="PASS" starttime="20210120 17:25:14.544" endtime="20210120 17:25:14.544"></status>
</kw>
<kw name="Run Keyword And Ignore Error" library="BuiltIn">
<doc>Runs the given keyword with the given arguments and ignores possible error.</doc>
<arguments>
<arg>should contain</arg>
<arg>${word}[0]</arg>
<arg>1</arg>
</arguments>
<assign>
<var>${status1}</var>
</assign>
<kw name="Should Contain" library="BuiltIn">
<doc>Fails if ``container`` does not contain ``item`` one or more times.</doc>
<arguments>
<arg>${word}[0]</arg>
<arg>1</arg>
</arguments>
<msg timestamp="20210120 17:25:14.544" level="FAIL">'CD_DRIVE=' does not contain '1'</msg>
<status status="FAIL" starttime="20210120 17:25:14.544" endtime="20210120 17:25:14.544"></status>
</kw>
<msg timestamp="20210120 17:25:14.544" level="INFO">${status1} = ('FAIL', "'CD_DRIVE=' does not contain '1'")</msg>
<status status="PASS" starttime="20210120 17:25:14.544" endtime="20210120 17:25:14.544"></status>
</kw>
<kw name="Run Keyword And Ignore Error" library="BuiltIn">
<doc>Runs the given keyword with the given arguments and ignores possible error.</doc>
<arguments>
<arg>should contain</arg>
<arg>${word}[0]</arg>
<arg>\#</arg>
</arguments>
<assign>
<var>${status2}</var>
</assign>
<kw name="Should Contain" library="BuiltIn">
<doc>Fails if ``container`` does not contain ``item`` one or more times.</doc>
<arguments>
<arg>${word}[0]</arg>
<arg>\#</arg>
</arguments>
<msg timestamp="20210120 17:25:14.544" level="FAIL">'CD_DRIVE=' does not contain '#'</msg>
<status status="FAIL" starttime="20210120 17:25:14.544" endtime="20210120 17:25:14.544"></status>
</kw>
<msg timestamp="20210120 17:25:14.544" level="INFO">${status2} = ('FAIL', "'CD_DRIVE=' does not contain '#'")</msg>
<status status="PASS" starttime="20210120 17:25:14.544" endtime="20210120 17:25:14.544"></status>
</kw>
<kw name="Continue For Loop If" library="BuiltIn">
<doc>Skips the current for loop iteration if the ``condition`` is true.</doc>
<arguments>
<arg>'${status1}[0]'=='FAIL' or '${status2}[0]'=='PASS'</arg>
</arguments>
<msg timestamp="20210120 17:25:14.544" level="INFO">Continuing for loop from the next iteration.</msg>
<status status="PASS" starttime="20210120 17:25:14.544" endtime="20210120 17:25:14.544"></status>
</kw>
<status status="PASS" starttime="20210120 17:25:14.544" endtime="20210120 17:25:14.544"></status>
</kw>
<kw name="${elem} = OUTPUT_PATH= D:" type="foritem">
<kw name="Split String" library="String">
<doc>Splits the ``string`` using ``separator`` as a delimiter string.</doc>
<arguments>
<arg>${elem}</arg>
</arguments>
<assign>
<var>${word}</var>
</assign>
<msg timestamp="20210120 17:25:14.544" level="INFO">${word} = ['OUTPUT_PATH=', 'D:']</msg>
<status status="PASS" starttime="20210120 17:25:14.544" endtime="20210120 17:25:14.544"></status>
</kw>
<kw name="Run Keyword And Ignore Error" library="BuiltIn">
<doc>Runs the given keyword with the given arguments and ignores possible error.</doc>
<arguments>
<arg>should contain</arg>
<arg>${word}[0]</arg>
<arg>1</arg>
</arguments>
<assign>
<var>${status1}</var>
</assign>
<kw name="Should Contain" library="BuiltIn">
<doc>Fails if ``container`` does not contain ``item`` one or more times.</doc>
<arguments>
<arg>${word}[0]</arg>
<arg>1</arg>
</arguments>
<msg timestamp="20210120 17:25:14.544" level="FAIL">'OUTPUT_PATH=' does not contain '1'</msg>
<status status="FAIL" starttime="20210120 17:25:14.544" endtime="20210120 17:25:14.544"></status>
</kw>
<msg timestamp="20210120 17:25:14.544" level="INFO">${status1} = ('FAIL', "'OUTPUT_PATH=' does not contain '1'")</msg>
<status status="PASS" starttime="20210120 17:25:14.544" endtime="20210120 17:25:14.544"></status>
</kw>
<kw name="Run Keyword And Ignore Error" library="BuiltIn">
<doc>Runs the given keyword with the given arguments and ignores possible error.</doc>
<arguments>
<arg>should contain</arg>
<arg>${word}[0]</arg>
<arg>\#</arg>
</arguments>
<assign>
<var>${status2}</var>
</assign>
<kw name="Should Contain" library="BuiltIn">
<doc>Fails if ``container`` does not contain ``item`` one or more times.</doc>
<arguments>
<arg>${word}[0]</arg>
<arg>\#</arg>
</arguments>
<msg timestamp="20210120 17:25:14.544" level="FAIL">'OUTPUT_PATH=' does not contain '#'</msg>
<status status="FAIL" starttime="20210120 17:25:14.544" endtime="20210120 17:25:14.544"></status>
</kw>
<msg timestamp="20210120 17:25:14.544" level="INFO">${status2} = ('FAIL', "'OUTPUT_PATH=' does not contain '#'")</msg>
<status status="PASS" starttime="20210120 17:25:14.544" endtime="20210120 17:25:14.544"></status>
</kw>
<kw name="Continue For Loop If" library="BuiltIn">
<doc>Skips the current for loop iteration if the ``condition`` is true.</doc>
<arguments>
<arg>'${status1}[0]'=='FAIL' or '${status2}[0]'=='PASS'</arg>
</arguments>
<msg timestamp="20210120 17:25:14.544" level="INFO">Continuing for loop from the next iteration.</msg>
<status status="PASS" starttime="20210120 17:25:14.544" endtime="20210120 17:25:14.544"></status>
</kw>
<status status="PASS" starttime="20210120 17:25:14.544" endtime="20210120 17:25:14.544"></status>
</kw>
<kw name="${elem} = " type="foritem">
<kw name="Split String" library="String">
<doc>Splits the ``string`` using ``separator`` as a delimiter string.</doc>
<arguments>
<arg>${elem}</arg>
</arguments>
<assign>
<var>${word}</var>
</assign>
<msg timestamp="20210120 17:25:14.544" level="INFO">${word} = []</msg>
<status status="PASS" starttime="20210120 17:25:14.544" endtime="20210120 17:25:14.544"></status>
</kw>
<kw name="Run Keyword And Ignore Error" library="BuiltIn">
<doc>Runs the given keyword with the given arguments and ignores possible error.</doc>
<arguments>
<arg>should contain</arg>
<arg>${word}[0]</arg>
<arg>1</arg>
</arguments>
<assign>
<var>${status1}</var>
</assign>
<kw name="Should Contain" library="BuiltIn">
<doc>Fails if ``container`` does not contain ``item`` one or more times.</doc>
<arguments>
<arg>${word}[0]</arg>
<arg>1</arg>
</arguments>
<msg timestamp="20210120 17:25:14.544" level="FAIL">List '${word}' has no item in index 0.</msg>
<status status="FAIL" starttime="20210120 17:25:14.544" endtime="20210120 17:25:14.544"></status>
</kw>
<msg timestamp="20210120 17:25:14.544" level="INFO">${status1} = ('FAIL', "List '${word}' has no item in index 0.")</msg>
<status status="PASS" starttime="20210120 17:25:14.544" endtime="20210120 17:25:14.544"></status>
</kw>
<kw name="Run Keyword And Ignore Error" library="BuiltIn">
<doc>Runs the given keyword with the given arguments and ignores possible error.</doc>
<arguments>
<arg>should contain</arg>
<arg>${word}[0]</arg>
<arg>\#</arg>
</arguments>
<assign>
<var>${status2}</var>
</assign>
<kw name="Should Contain" library="BuiltIn">
<doc>Fails if ``container`` does not contain ``item`` one or more times.</doc>
<arguments>
<arg>${word}[0]</arg>
<arg>\#</arg>
</arguments>
<msg timestamp="20210120 17:25:14.544" level="FAIL">List '${word}' has no item in index 0.</msg>
<status status="FAIL" starttime="20210120 17:25:14.544" endtime="20210120 17:25:14.544"></status>
</kw>
<msg timestamp="20210120 17:25:14.544" level="INFO">${status2} = ('FAIL', "List '${word}' has no item in index 0.")</msg>
<status status="PASS" starttime="20210120 17:25:14.544" endtime="20210120 17:25:14.544"></status>
</kw>
<kw name="Continue For Loop If" library="BuiltIn">
<doc>Skips the current for loop iteration if the ``condition`` is true.</doc>
<arguments>
<arg>'${status1}[0]'=='FAIL' or '${status2}[0]'=='PASS'</arg>
</arguments>
<msg timestamp="20210120 17:25:14.544" level="INFO">Continuing for loop from the next iteration.</msg>
<status status="PASS" starttime="20210120 17:25:14.544" endtime="20210120 17:25:14.544"></status>
</kw>
<status status="PASS" starttime="20210120 17:25:14.544" endtime="20210120 17:25:14.544"></status>
</kw>
<kw name="${elem} = #SERVER DETAILS" type="foritem">
<kw name="Split String" library="String">
<doc>Splits the ``string`` using ``separator`` as a delimiter string.</doc>
<arguments>
<arg>${elem}</arg>
</arguments>
<assign>
<var>${word}</var>
</assign>
<msg timestamp="20210120 17:25:14.560" level="INFO">${word} = ['#SERVER', 'DETAILS']</msg>
<status status="PASS" starttime="20210120 17:25:14.544" endtime="20210120 17:25:14.560"></status>
</kw>
<kw name="Run Keyword And Ignore Error" library="BuiltIn">
<doc>Runs the given keyword with the given arguments and ignores possible error.</doc>
<arguments>
<arg>should contain</arg>
<arg>${word}[0]</arg>
<arg>1</arg>
</arguments>
<assign>
<var>${status1}</var>
</assign>
<kw name="Should Contain" library="BuiltIn">
<doc>Fails if ``container`` does not contain ``item`` one or more times.</doc>
<arguments>
<arg>${word}[0]</arg>
<arg>1</arg>
</arguments>
<msg timestamp="20210120 17:25:14.560" level="FAIL">'#SERVER' does not contain '1'</msg>
<status status="FAIL" starttime="20210120 17:25:14.560" endtime="20210120 17:25:14.560"></status>
</kw>
<msg timestamp="20210120 17:25:14.560" level="INFO">${status1} = ('FAIL', "'#SERVER' does not contain '1'")</msg>
<status status="PASS" starttime="20210120 17:25:14.560" endtime="20210120 17:25:14.560"></status>
</kw>
<kw name="Run Keyword And Ignore Error" library="BuiltIn">
<doc>Runs the given keyword with the given arguments and ignores possible error.</doc>
<arguments>
<arg>should contain</arg>
<arg>${word}[0]</arg>
<arg>\#</arg>
</arguments>
<assign>
<var>${status2}</var>
</assign>
<kw name="Should Contain" library="BuiltIn">
<doc>Fails if ``container`` does not contain ``item`` one or more times.</doc>
<arguments>
<arg>${word}[0]</arg>
<arg>\#</arg>
</arguments>
<status status="PASS" starttime="20210120 17:25:14.560" endtime="20210120 17:25:14.560"></status>
</kw>
<msg timestamp="20210120 17:25:14.560" level="INFO">${status2} = ('PASS', None)</msg>
<status status="PASS" starttime="20210120 17:25:14.560" endtime="20210120 17:25:14.560"></status>
</kw>
<kw name="Continue For Loop If" library="BuiltIn">
<doc>Skips the current for loop iteration if the ``condition`` is true.</doc>
<arguments>
<arg>'${status1}[0]'=='FAIL' or '${status2}[0]'=='PASS'</arg>
</arguments>
<msg timestamp="20210120 17:25:14.560" level="INFO">Continuing for loop from the next iteration.</msg>
<status status="PASS" starttime="20210120 17:25:14.560" endtime="20210120 17:25:14.560"></status>
</kw>
<status status="PASS" starttime="20210120 17:25:14.544" endtime="20210120 17:25:14.560"></status>
</kw>
<kw name="${elem} = #&lt;iLO/Network IP&gt; &lt;username&gt; &lt;password&gt; &lt;Linux/Windows/iLO-ESXi&gt; &lt;Firmware/Driver/Both/All/FW_All&gt;" type="foritem">
<kw name="Split String" library="String">
<doc>Splits the ``string`` using ``separator`` as a delimiter string.</doc>
<arguments>
<arg>${elem}</arg>
</arguments>
<assign>
<var>${word}</var>
</assign>
<msg timestamp="20210120 17:25:14.560" level="INFO">${word} = ['#&lt;iLO/Network', 'IP&gt;', '&lt;username&gt;', '&lt;password&gt;', '&lt;Linux/Windows/iLO-ESXi&gt;', '&lt;Firmware/Driver/Both/All/FW_All&gt;']</msg>
<status status="PASS" starttime="20210120 17:25:14.560" endtime="20210120 17:25:14.560"></status>
</kw>
<kw name="Run Keyword And Ignore Error" library="BuiltIn">
<doc>Runs the given keyword with the given arguments and ignores possible error.</doc>
<arguments>
<arg>should contain</arg>
<arg>${word}[0]</arg>
<arg>1</arg>
</arguments>
<assign>
<var>${status1}</var>
</assign>
<kw name="Should Contain" library="BuiltIn">
<doc>Fails if ``container`` does not contain ``item`` one or more times.</doc>
<arguments>
<arg>${word}[0]</arg>
<arg>1</arg>
</arguments>
<msg timestamp="20210120 17:25:14.560" level="FAIL">'#&lt;iLO/Network' does not contain '1'</msg>
<status status="FAIL" starttime="20210120 17:25:14.560" endtime="20210120 17:25:14.560"></status>
</kw>
<msg timestamp="20210120 17:25:14.560" level="INFO">${status1} = ('FAIL', "'#&lt;iLO/Network' does not contain '1'")</msg>
<status status="PASS" starttime="20210120 17:25:14.560" endtime="20210120 17:25:14.560"></status>
</kw>
<kw name="Run Keyword And Ignore Error" library="BuiltIn">
<doc>Runs the given keyword with the given arguments and ignores possible error.</doc>
<arguments>
<arg>should contain</arg>
<arg>${word}[0]</arg>
<arg>\#</arg>
</arguments>
<assign>
<var>${status2}</var>
</assign>
<kw name="Should Contain" library="BuiltIn">
<doc>Fails if ``container`` does not contain ``item`` one or more times.</doc>
<arguments>
<arg>${word}[0]</arg>
<arg>\#</arg>
</arguments>
<status status="PASS" starttime="20210120 17:25:14.560" endtime="20210120 17:25:14.560"></status>
</kw>
<msg timestamp="20210120 17:25:14.560" level="INFO">${status2} = ('PASS', None)</msg>
<status status="PASS" starttime="20210120 17:25:14.560" endtime="20210120 17:25:14.560"></status>
</kw>
<kw name="Continue For Loop If" library="BuiltIn">
<doc>Skips the current for loop iteration if the ``condition`` is true.</doc>
<arguments>
<arg>'${status1}[0]'=='FAIL' or '${status2}[0]'=='PASS'</arg>
</arguments>
<msg timestamp="20210120 17:25:14.560" level="INFO">Continuing for loop from the next iteration.</msg>
<status status="PASS" starttime="20210120 17:25:14.560" endtime="20210120 17:25:14.560"></status>
</kw>
<status status="PASS" starttime="20210120 17:25:14.560" endtime="20210120 17:25:14.560"></status>
</kw>
<kw name="${elem} = #192.168.5.104 admin admin123 Linux Both" type="foritem">
<kw name="Split String" library="String">
<doc>Splits the ``string`` using ``separator`` as a delimiter string.</doc>
<arguments>
<arg>${elem}</arg>
</arguments>
<assign>
<var>${word}</var>
</assign>
<msg timestamp="20210120 17:25:14.560" level="INFO">${word} = ['#192.168.5.104', 'admin', 'admin123', 'Linux', 'Both']</msg>
<status status="PASS" starttime="20210120 17:25:14.560" endtime="20210120 17:25:14.560"></status>
</kw>
<kw name="Run Keyword And Ignore Error" library="BuiltIn">
<doc>Runs the given keyword with the given arguments and ignores possible error.</doc>
<arguments>
<arg>should contain</arg>
<arg>${word}[0]</arg>
<arg>1</arg>
</arguments>
<assign>
<var>${status1}</var>
</assign>
<kw name="Should Contain" library="BuiltIn">
<doc>Fails if ``container`` does not contain ``item`` one or more times.</doc>
<arguments>
<arg>${word}[0]</arg>
<arg>1</arg>
</arguments>
<status status="PASS" starttime="20210120 17:25:14.560" endtime="20210120 17:25:14.560"></status>
</kw>
<msg timestamp="20210120 17:25:14.560" level="INFO">${status1} = ('PASS', None)</msg>
<status status="PASS" starttime="20210120 17:25:14.560" endtime="20210120 17:25:14.560"></status>
</kw>
<kw name="Run Keyword And Ignore Error" library="BuiltIn">
<doc>Runs the given keyword with the given arguments and ignores possible error.</doc>
<arguments>
<arg>should contain</arg>
<arg>${word}[0]</arg>
<arg>\#</arg>
</arguments>
<assign>
<var>${status2}</var>
</assign>
<kw name="Should Contain" library="BuiltIn">
<doc>Fails if ``container`` does not contain ``item`` one or more times.</doc>
<arguments>
<arg>${word}[0]</arg>
<arg>\#</arg>
</arguments>
<status status="PASS" starttime="20210120 17:25:14.560" endtime="20210120 17:25:14.560"></status>
</kw>
<msg timestamp="20210120 17:25:14.560" level="INFO">${status2} = ('PASS', None)</msg>
<status status="PASS" starttime="20210120 17:25:14.560" endtime="20210120 17:25:14.560"></status>
</kw>
<kw name="Continue For Loop If" library="BuiltIn">
<doc>Skips the current for loop iteration if the ``condition`` is true.</doc>
<arguments>
<arg>'${status1}[0]'=='FAIL' or '${status2}[0]'=='PASS'</arg>
</arguments>
<msg timestamp="20210120 17:25:14.560" level="INFO">Continuing for loop from the next iteration.</msg>
<status status="PASS" starttime="20210120 17:25:14.560" endtime="20210120 17:25:14.560"></status>
</kw>
<status status="PASS" starttime="20210120 17:25:14.560" endtime="20210120 17:25:14.560"></status>
</kw>
<kw name="${elem} = #192.168.2.104 root Hptc_ib Linux Both" type="foritem">
<kw name="Split String" library="String">
<doc>Splits the ``string`` using ``separator`` as a delimiter string.</doc>
<arguments>
<arg>${elem}</arg>
</arguments>
<assign>
<var>${word}</var>
</assign>
<msg timestamp="20210120 17:25:14.560" level="INFO">${word} = ['#192.168.2.104', 'root', 'Hptc_ib', 'Linux', 'Both']</msg>
<status status="PASS" starttime="20210120 17:25:14.560" endtime="20210120 17:25:14.560"></status>
</kw>
<kw name="Run Keyword And Ignore Error" library="BuiltIn">
<doc>Runs the given keyword with the given arguments and ignores possible error.</doc>
<arguments>
<arg>should contain</arg>
<arg>${word}[0]</arg>
<arg>1</arg>
</arguments>
<assign>
<var>${status1}</var>
</assign>
<kw name="Should Contain" library="BuiltIn">
<doc>Fails if ``container`` does not contain ``item`` one or more times.</doc>
<arguments>
<arg>${word}[0]</arg>
<arg>1</arg>
</arguments>
<status status="PASS" starttime="20210120 17:25:14.560" endtime="20210120 17:25:14.560"></status>
</kw>
<msg timestamp="20210120 17:25:14.560" level="INFO">${status1} = ('PASS', None)</msg>
<status status="PASS" starttime="20210120 17:25:14.560" endtime="20210120 17:25:14.560"></status>
</kw>
<kw name="Run Keyword And Ignore Error" library="BuiltIn">
<doc>Runs the given keyword with the given arguments and ignores possible error.</doc>
<arguments>
<arg>should contain</arg>
<arg>${word}[0]</arg>
<arg>\#</arg>
</arguments>
<assign>
<var>${status2}</var>
</assign>
<kw name="Should Contain" library="BuiltIn">
<doc>Fails if ``container`` does not contain ``item`` one or more times.</doc>
<arguments>
<arg>${word}[0]</arg>
<arg>\#</arg>
</arguments>
<status status="PASS" starttime="20210120 17:25:14.560" endtime="20210120 17:25:14.560"></status>
</kw>
<msg timestamp="20210120 17:25:14.560" level="INFO">${status2} = ('PASS', None)</msg>
<status status="PASS" starttime="20210120 17:25:14.560" endtime="20210120 17:25:14.560"></status>
</kw>
<kw name="Continue For Loop If" library="BuiltIn">
<doc>Skips the current for loop iteration if the ``condition`` is true.</doc>
<arguments>
<arg>'${status1}[0]'=='FAIL' or '${status2}[0]'=='PASS'</arg>
</arguments>
<msg timestamp="20210120 17:25:14.575" level="INFO">Continuing for loop from the next iteration.</msg>
<status status="PASS" starttime="20210120 17:25:14.575" endtime="20210120 17:25:14.575"></status>
</kw>
<status status="PASS" starttime="20210120 17:25:14.560" endtime="20210120 17:25:14.575"></status>
</kw>
<kw name="${elem} = #192.168.2.105 Administrator Hptc_ib Windows Firmware" type="foritem">
<kw name="Split String" library="String">
<doc>Splits the ``string`` using ``separator`` as a delimiter string.</doc>
<arguments>
<arg>${elem}</arg>
</arguments>
<assign>
<var>${word}</var>
</assign>
<msg timestamp="20210120 17:25:14.575" level="INFO">${word} = ['#192.168.2.105', 'Administrator', 'Hptc_ib', 'Windows', 'Firmware']</msg>
<status status="PASS" starttime="20210120 17:25:14.575" endtime="20210120 17:25:14.575"></status>
</kw>
<kw name="Run Keyword And Ignore Error" library="BuiltIn">
<doc>Runs the given keyword with the given arguments and ignores possible error.</doc>
<arguments>
<arg>should contain</arg>
<arg>${word}[0]</arg>
<arg>1</arg>
</arguments>
<assign>
<var>${status1}</var>
</assign>
<kw name="Should Contain" library="BuiltIn">
<doc>Fails if ``container`` does not contain ``item`` one or more times.</doc>
<arguments>
<arg>${word}[0]</arg>
<arg>1</arg>
</arguments>
<status status="PASS" starttime="20210120 17:25:14.575" endtime="20210120 17:25:14.575"></status>
</kw>
<msg timestamp="20210120 17:25:14.575" level="INFO">${status1} = ('PASS', None)</msg>
<status status="PASS" starttime="20210120 17:25:14.575" endtime="20210120 17:25:14.575"></status>
</kw>
<kw name="Run Keyword And Ignore Error" library="BuiltIn">
<doc>Runs the given keyword with the given arguments and ignores possible error.</doc>
<arguments>
<arg>should contain</arg>
<arg>${word}[0]</arg>
<arg>\#</arg>
</arguments>
<assign>
<var>${status2}</var>
</assign>
<kw name="Should Contain" library="BuiltIn">
<doc>Fails if ``container`` does not contain ``item`` one or more times.</doc>
<arguments>
<arg>${word}[0]</arg>
<arg>\#</arg>
</arguments>
<status status="PASS" starttime="20210120 17:25:14.575" endtime="20210120 17:25:14.575"></status>
</kw>
<msg timestamp="20210120 17:25:14.575" level="INFO">${status2} = ('PASS', None)</msg>
<status status="PASS" starttime="20210120 17:25:14.575" endtime="20210120 17:25:14.575"></status>
</kw>
<kw name="Continue For Loop If" library="BuiltIn">
<doc>Skips the current for loop iteration if the ``condition`` is true.</doc>
<arguments>
<arg>'${status1}[0]'=='FAIL' or '${status2}[0]'=='PASS'</arg>
</arguments>
<msg timestamp="20210120 17:25:14.575" level="INFO">Continuing for loop from the next iteration.</msg>
<status status="PASS" starttime="20210120 17:25:14.575" endtime="20210120 17:25:14.575"></status>
</kw>
<status status="PASS" starttime="20210120 17:25:14.575" endtime="20210120 17:25:14.575"></status>
</kw>
<kw name="${elem} = #192.168.5.123 admin admin123 iLO-ESXi Firmware" type="foritem">
<kw name="Split String" library="String">
<doc>Splits the ``string`` using ``separator`` as a delimiter string.</doc>
<arguments>
<arg>${elem}</arg>
</arguments>
<assign>
<var>${word}</var>
</assign>
<msg timestamp="20210120 17:25:14.575" level="INFO">${word} = ['#192.168.5.123', 'admin', 'admin123', 'iLO-ESXi', 'Firmware']</msg>
<status status="PASS" starttime="20210120 17:25:14.575" endtime="20210120 17:25:14.575"></status>
</kw>
<kw name="Run Keyword And Ignore Error" library="BuiltIn">
<doc>Runs the given keyword with the given arguments and ignores possible error.</doc>
<arguments>
<arg>should contain</arg>
<arg>${word}[0]</arg>
<arg>1</arg>
</arguments>
<assign>
<var>${status1}</var>
</assign>
<kw name="Should Contain" library="BuiltIn">
<doc>Fails if ``container`` does not contain ``item`` one or more times.</doc>
<arguments>
<arg>${word}[0]</arg>
<arg>1</arg>
</arguments>
<status status="PASS" starttime="20210120 17:25:14.575" endtime="20210120 17:25:14.575"></status>
</kw>
<msg timestamp="20210120 17:25:14.575" level="INFO">${status1} = ('PASS', None)</msg>
<status status="PASS" starttime="20210120 17:25:14.575" endtime="20210120 17:25:14.575"></status>
</kw>
<kw name="Run Keyword And Ignore Error" library="BuiltIn">
<doc>Runs the given keyword with the given arguments and ignores possible error.</doc>
<arguments>
<arg>should contain</arg>
<arg>${word}[0]</arg>
<arg>\#</arg>
</arguments>
<assign>
<var>${status2}</var>
</assign>
<kw name="Should Contain" library="BuiltIn">
<doc>Fails if ``container`` does not contain ``item`` one or more times.</doc>
<arguments>
<arg>${word}[0]</arg>
<arg>\#</arg>
</arguments>
<status status="PASS" starttime="20210120 17:25:14.575" endtime="20210120 17:25:14.575"></status>
</kw>
<msg timestamp="20210120 17:25:14.575" level="INFO">${status2} = ('PASS', None)</msg>
<status status="PASS" starttime="20210120 17:25:14.575" endtime="20210120 17:25:14.575"></status>
</kw>
<kw name="Continue For Loop If" library="BuiltIn">
<doc>Skips the current for loop iteration if the ``condition`` is true.</doc>
<arguments>
<arg>'${status1}[0]'=='FAIL' or '${status2}[0]'=='PASS'</arg>
</arguments>
<msg timestamp="20210120 17:25:14.575" level="INFO">Continuing for loop from the next iteration.</msg>
<status status="PASS" starttime="20210120 17:25:14.575" endtime="20210120 17:25:14.575"></status>
</kw>
<status status="PASS" starttime="20210120 17:25:14.575" endtime="20210120 17:25:14.575"></status>
</kw>
<kw name="${elem} = #192.168.2.124 root Hptc_ib Linux Both" type="foritem">
<kw name="Split String" library="String">
<doc>Splits the ``string`` using ``separator`` as a delimiter string.</doc>
<arguments>
<arg>${elem}</arg>
</arguments>
<assign>
<var>${word}</var>
</assign>
<msg timestamp="20210120 17:25:14.575" level="INFO">${word} = ['#192.168.2.124', 'root', 'Hptc_ib', 'Linux', 'Both']</msg>
<status status="PASS" starttime="20210120 17:25:14.575" endtime="20210120 17:25:14.575"></status>
</kw>
<kw name="Run Keyword And Ignore Error" library="BuiltIn">
<doc>Runs the given keyword with the given arguments and ignores possible error.</doc>
<arguments>
<arg>should contain</arg>
<arg>${word}[0]</arg>
<arg>1</arg>
</arguments>
<assign>
<var>${status1}</var>
</assign>
<kw name="Should Contain" library="BuiltIn">
<doc>Fails if ``container`` does not contain ``item`` one or more times.</doc>
<arguments>
<arg>${word}[0]</arg>
<arg>1</arg>
</arguments>
<status status="PASS" starttime="20210120 17:25:14.575" endtime="20210120 17:25:14.575"></status>
</kw>
<msg timestamp="20210120 17:25:14.575" level="INFO">${status1} = ('PASS', None)</msg>
<status status="PASS" starttime="20210120 17:25:14.575" endtime="20210120 17:25:14.575"></status>
</kw>
<kw name="Run Keyword And Ignore Error" library="BuiltIn">
<doc>Runs the given keyword with the given arguments and ignores possible error.</doc>
<arguments>
<arg>should contain</arg>
<arg>${word}[0]</arg>
<arg>\#</arg>
</arguments>
<assign>
<var>${status2}</var>
</assign>
<kw name="Should Contain" library="BuiltIn">
<doc>Fails if ``container`` does not contain ``item`` one or more times.</doc>
<arguments>
<arg>${word}[0]</arg>
<arg>\#</arg>
</arguments>
<status status="PASS" starttime="20210120 17:25:14.575" endtime="20210120 17:25:14.575"></status>
</kw>
<msg timestamp="20210120 17:25:14.575" level="INFO">${status2} = ('PASS', None)</msg>
<status status="PASS" starttime="20210120 17:25:14.575" endtime="20210120 17:25:14.575"></status>
</kw>
<kw name="Continue For Loop If" library="BuiltIn">
<doc>Skips the current for loop iteration if the ``condition`` is true.</doc>
<arguments>
<arg>'${status1}[0]'=='FAIL' or '${status2}[0]'=='PASS'</arg>
</arguments>
<msg timestamp="20210120 17:25:14.575" level="INFO">Continuing for loop from the next iteration.</msg>
<status status="PASS" starttime="20210120 17:25:14.575" endtime="20210120 17:25:14.575"></status>
</kw>
<status status="PASS" starttime="20210120 17:25:14.575" endtime="20210120 17:25:14.575"></status>
</kw>
<kw name="${elem} = #192.168.2.125 root Hptc_ib Linux Both" type="foritem">
<kw name="Split String" library="String">
<doc>Splits the ``string`` using ``separator`` as a delimiter string.</doc>
<arguments>
<arg>${elem}</arg>
</arguments>
<assign>
<var>${word}</var>
</assign>
<msg timestamp="20210120 17:25:14.575" level="INFO">${word} = ['#192.168.2.125', 'root', 'Hptc_ib', 'Linux', 'Both']</msg>
<status status="PASS" starttime="20210120 17:25:14.575" endtime="20210120 17:25:14.575"></status>
</kw>
<kw name="Run Keyword And Ignore Error" library="BuiltIn">
<doc>Runs the given keyword with the given arguments and ignores possible error.</doc>
<arguments>
<arg>should contain</arg>
<arg>${word}[0]</arg>
<arg>1</arg>
</arguments>
<assign>
<var>${status1}</var>
</assign>
<kw name="Should Contain" library="BuiltIn">
<doc>Fails if ``container`` does not contain ``item`` one or more times.</doc>
<arguments>
<arg>${word}[0]</arg>
<arg>1</arg>
</arguments>
<status status="PASS" starttime="20210120 17:25:14.575" endtime="20210120 17:25:14.575"></status>
</kw>
<msg timestamp="20210120 17:25:14.575" level="INFO">${status1} = ('PASS', None)</msg>
<status status="PASS" starttime="20210120 17:25:14.575" endtime="20210120 17:25:14.575"></status>
</kw>
<kw name="Run Keyword And Ignore Error" library="BuiltIn">
<doc>Runs the given keyword with the given arguments and ignores possible error.</doc>
<arguments>
<arg>should contain</arg>
<arg>${word}[0]</arg>
<arg>\#</arg>
</arguments>
<assign>
<var>${status2}</var>
</assign>
<kw name="Should Contain" library="BuiltIn">
<doc>Fails if ``container`` does not contain ``item`` one or more times.</doc>
<arguments>
<arg>${word}[0]</arg>
<arg>\#</arg>
</arguments>
<status status="PASS" starttime="20210120 17:25:14.575" endtime="20210120 17:25:14.591"></status>
</kw>
<msg timestamp="20210120 17:25:14.591" level="INFO">${status2} = ('PASS', None)</msg>
<status status="PASS" starttime="20210120 17:25:14.575" endtime="20210120 17:25:14.591"></status>
</kw>
<kw name="Continue For Loop If" library="BuiltIn">
<doc>Skips the current for loop iteration if the ``condition`` is true.</doc>
<arguments>
<arg>'${status1}[0]'=='FAIL' or '${status2}[0]'=='PASS'</arg>
</arguments>
<msg timestamp="20210120 17:25:14.592" level="INFO">Continuing for loop from the next iteration.</msg>
<status status="PASS" starttime="20210120 17:25:14.591" endtime="20210120 17:25:14.592"></status>
</kw>
<status status="PASS" starttime="20210120 17:25:14.575" endtime="20210120 17:25:14.592"></status>
</kw>
<kw name="${elem} = #192.168.5.126 admin admin123 iLO-ESXi Firmware" type="foritem">
<kw name="Split String" library="String">
<doc>Splits the ``string`` using ``separator`` as a delimiter string.</doc>
<arguments>
<arg>${elem}</arg>
</arguments>
<assign>
<var>${word}</var>
</assign>
<msg timestamp="20210120 17:25:14.593" level="INFO">${word} = ['#192.168.5.126', 'admin', 'admin123', 'iLO-ESXi', 'Firmware']</msg>
<status status="PASS" starttime="20210120 17:25:14.593" endtime="20210120 17:25:14.593"></status>
</kw>
<kw name="Run Keyword And Ignore Error" library="BuiltIn">
<doc>Runs the given keyword with the given arguments and ignores possible error.</doc>
<arguments>
<arg>should contain</arg>
<arg>${word}[0]</arg>
<arg>1</arg>
</arguments>
<assign>
<var>${status1}</var>
</assign>
<kw name="Should Contain" library="BuiltIn">
<doc>Fails if ``container`` does not contain ``item`` one or more times.</doc>
<arguments>
<arg>${word}[0]</arg>
<arg>1</arg>
</arguments>
<status status="PASS" starttime="20210120 17:25:14.594" endtime="20210120 17:25:14.594"></status>
</kw>
<msg timestamp="20210120 17:25:14.594" level="INFO">${status1} = ('PASS', None)</msg>
<status status="PASS" starttime="20210120 17:25:14.593" endtime="20210120 17:25:14.594"></status>
</kw>
<kw name="Run Keyword And Ignore Error" library="BuiltIn">
<doc>Runs the given keyword with the given arguments and ignores possible error.</doc>
<arguments>
<arg>should contain</arg>
<arg>${word}[0]</arg>
<arg>\#</arg>
</arguments>
<assign>
<var>${status2}</var>
</assign>
<kw name="Should Contain" library="BuiltIn">
<doc>Fails if ``container`` does not contain ``item`` one or more times.</doc>
<arguments>
<arg>${word}[0]</arg>
<arg>\#</arg>
</arguments>
<status status="PASS" starttime="20210120 17:25:14.595" endtime="20210120 17:25:14.595"></status>
</kw>
<msg timestamp="20210120 17:25:14.595" level="INFO">${status2} = ('PASS', None)</msg>
<status status="PASS" starttime="20210120 17:25:14.595" endtime="20210120 17:25:14.596"></status>
</kw>
<kw name="Continue For Loop If" library="BuiltIn">
<doc>Skips the current for loop iteration if the ``condition`` is true.</doc>
<arguments>
<arg>'${status1}[0]'=='FAIL' or '${status2}[0]'=='PASS'</arg>
</arguments>
<msg timestamp="20210120 17:25:14.596" level="INFO">Continuing for loop from the next iteration.</msg>
<status status="PASS" starttime="20210120 17:25:14.596" endtime="20210120 17:25:14.596"></status>
</kw>
<status status="PASS" starttime="20210120 17:25:14.592" endtime="20210120 17:25:14.596"></status>
</kw>
<kw name="${elem} = #192.168.5.127 admin admin123 iLO-ESXi Firmware" type="foritem">
<kw name="Split String" library="String">
<doc>Splits the ``string`` using ``separator`` as a delimiter string.</doc>
<arguments>
<arg>${elem}</arg>
</arguments>
<assign>
<var>${word}</var>
</assign>
<msg timestamp="20210120 17:25:14.597" level="INFO">${word} = ['#192.168.5.127', 'admin', 'admin123', 'iLO-ESXi', 'Firmware']</msg>
<status status="PASS" starttime="20210120 17:25:14.597" endtime="20210120 17:25:14.597"></status>
</kw>
<kw name="Run Keyword And Ignore Error" library="BuiltIn">
<doc>Runs the given keyword with the given arguments and ignores possible error.</doc>
<arguments>
<arg>should contain</arg>
<arg>${word}[0]</arg>
<arg>1</arg>
</arguments>
<assign>
<var>${status1}</var>
</assign>
<kw name="Should Contain" library="BuiltIn">
<doc>Fails if ``container`` does not contain ``item`` one or more times.</doc>
<arguments>
<arg>${word}[0]</arg>
<arg>1</arg>
</arguments>
<status status="PASS" starttime="20210120 17:25:14.598" endtime="20210120 17:25:14.598"></status>
</kw>
<msg timestamp="20210120 17:25:14.598" level="INFO">${status1} = ('PASS', None)</msg>
<status status="PASS" starttime="20210120 17:25:14.597" endtime="20210120 17:25:14.598"></status>
</kw>
<kw name="Run Keyword And Ignore Error" library="BuiltIn">
<doc>Runs the given keyword with the given arguments and ignores possible error.</doc>
<arguments>
<arg>should contain</arg>
<arg>${word}[0]</arg>
<arg>\#</arg>
</arguments>
<assign>
<var>${status2}</var>
</assign>
<kw name="Should Contain" library="BuiltIn">
<doc>Fails if ``container`` does not contain ``item`` one or more times.</doc>
<arguments>
<arg>${word}[0]</arg>
<arg>\#</arg>
</arguments>
<status status="PASS" starttime="20210120 17:25:14.599" endtime="20210120 17:25:14.599"></status>
</kw>
<msg timestamp="20210120 17:25:14.599" level="INFO">${status2} = ('PASS', None)</msg>
<status status="PASS" starttime="20210120 17:25:14.598" endtime="20210120 17:25:14.599"></status>
</kw>
<kw name="Continue For Loop If" library="BuiltIn">
<doc>Skips the current for loop iteration if the ``condition`` is true.</doc>
<arguments>
<arg>'${status1}[0]'=='FAIL' or '${status2}[0]'=='PASS'</arg>
</arguments>
<msg timestamp="20210120 17:25:14.600" level="INFO">Continuing for loop from the next iteration.</msg>
<status status="PASS" starttime="20210120 17:25:14.600" endtime="20210120 17:25:14.600"></status>
</kw>
<status status="PASS" starttime="20210120 17:25:14.597" endtime="20210120 17:25:14.600"></status>
</kw>
<kw name="${elem} = #192.168.2.127 root Hptc_ib Linux Both" type="foritem">
<kw name="Split String" library="String">
<doc>Splits the ``string`` using ``separator`` as a delimiter string.</doc>
<arguments>
<arg>${elem}</arg>
</arguments>
<assign>
<var>${word}</var>
</assign>
<msg timestamp="20210120 17:25:14.601" level="INFO">${word} = ['#192.168.2.127', 'root', 'Hptc_ib', 'Linux', 'Both']</msg>
<status status="PASS" starttime="20210120 17:25:14.601" endtime="20210120 17:25:14.601"></status>
</kw>
<kw name="Run Keyword And Ignore Error" library="BuiltIn">
<doc>Runs the given keyword with the given arguments and ignores possible error.</doc>
<arguments>
<arg>should contain</arg>
<arg>${word}[0]</arg>
<arg>1</arg>
</arguments>
<assign>
<var>${status1}</var>
</assign>
<kw name="Should Contain" library="BuiltIn">
<doc>Fails if ``container`` does not contain ``item`` one or more times.</doc>
<arguments>
<arg>${word}[0]</arg>
<arg>1</arg>
</arguments>
<status status="PASS" starttime="20210120 17:25:14.602" endtime="20210120 17:25:14.602"></status>
</kw>
<msg timestamp="20210120 17:25:14.602" level="INFO">${status1} = ('PASS', None)</msg>
<status status="PASS" starttime="20210120 17:25:14.601" endtime="20210120 17:25:14.602"></status>
</kw>
<kw name="Run Keyword And Ignore Error" library="BuiltIn">
<doc>Runs the given keyword with the given arguments and ignores possible error.</doc>
<arguments>
<arg>should contain</arg>
<arg>${word}[0]</arg>
<arg>\#</arg>
</arguments>
<assign>
<var>${status2}</var>
</assign>
<kw name="Should Contain" library="BuiltIn">
<doc>Fails if ``container`` does not contain ``item`` one or more times.</doc>
<arguments>
<arg>${word}[0]</arg>
<arg>\#</arg>
</arguments>
<status status="PASS" starttime="20210120 17:25:14.603" endtime="20210120 17:25:14.603"></status>
</kw>
<msg timestamp="20210120 17:25:14.603" level="INFO">${status2} = ('PASS', None)</msg>
<status status="PASS" starttime="20210120 17:25:14.602" endtime="20210120 17:25:14.603"></status>
</kw>
<kw name="Continue For Loop If" library="BuiltIn">
<doc>Skips the current for loop iteration if the ``condition`` is true.</doc>
<arguments>
<arg>'${status1}[0]'=='FAIL' or '${status2}[0]'=='PASS'</arg>
</arguments>
<msg timestamp="20210120 17:25:14.604" level="INFO">Continuing for loop from the next iteration.</msg>
<status status="PASS" starttime="20210120 17:25:14.604" endtime="20210120 17:25:14.604"></status>
</kw>
<status status="PASS" starttime="20210120 17:25:14.600" endtime="20210120 17:25:14.604"></status>
</kw>
<kw name="${elem} = #192.168.2.128 root Hptc_ib Linux Both" type="foritem">
<kw name="Split String" library="String">
<doc>Splits the ``string`` using ``separator`` as a delimiter string.</doc>
<arguments>
<arg>${elem}</arg>
</arguments>
<assign>
<var>${word}</var>
</assign>
<msg timestamp="20210120 17:25:14.605" level="INFO">${word} = ['#192.168.2.128', 'root', 'Hptc_ib', 'Linux', 'Both']</msg>
<status status="PASS" starttime="20210120 17:25:14.605" endtime="20210120 17:25:14.605"></status>
</kw>
<kw name="Run Keyword And Ignore Error" library="BuiltIn">
<doc>Runs the given keyword with the given arguments and ignores possible error.</doc>
<arguments>
<arg>should contain</arg>
<arg>${word}[0]</arg>
<arg>1</arg>
</arguments>
<assign>
<var>${status1}</var>
</assign>
<kw name="Should Contain" library="BuiltIn">
<doc>Fails if ``container`` does not contain ``item`` one or more times.</doc>
<arguments>
<arg>${word}[0]</arg>
<arg>1</arg>
</arguments>
<status status="PASS" starttime="20210120 17:25:14.606" endtime="20210120 17:25:14.606"></status>
</kw>
<msg timestamp="20210120 17:25:14.606" level="INFO">${status1} = ('PASS', None)</msg>
<status status="PASS" starttime="20210120 17:25:14.605" endtime="20210120 17:25:14.606"></status>
</kw>
<kw name="Run Keyword And Ignore Error" library="BuiltIn">
<doc>Runs the given keyword with the given arguments and ignores possible error.</doc>
<arguments>
<arg>should contain</arg>
<arg>${word}[0]</arg>
<arg>\#</arg>
</arguments>
<assign>
<var>${status2}</var>
</assign>
<kw name="Should Contain" library="BuiltIn">
<doc>Fails if ``container`` does not contain ``item`` one or more times.</doc>
<arguments>
<arg>${word}[0]</arg>
<arg>\#</arg>
</arguments>
<status status="PASS" starttime="20210120 17:25:14.607" endtime="20210120 17:25:14.607"></status>
</kw>
<msg timestamp="20210120 17:25:14.607" level="INFO">${status2} = ('PASS', None)</msg>
<status status="PASS" starttime="20210120 17:25:14.606" endtime="20210120 17:25:14.607"></status>
</kw>
<kw name="Continue For Loop If" library="BuiltIn">
<doc>Skips the current for loop iteration if the ``condition`` is true.</doc>
<arguments>
<arg>'${status1}[0]'=='FAIL' or '${status2}[0]'=='PASS'</arg>
</arguments>
<msg timestamp="20210120 17:25:14.608" level="INFO">Continuing for loop from the next iteration.</msg>
<status status="PASS" starttime="20210120 17:25:14.608" endtime="20210120 17:25:14.608"></status>
</kw>
<status status="PASS" starttime="20210120 17:25:14.605" endtime="20210120 17:25:14.609"></status>
</kw>
<kw name="${elem} = #192.168.2.129 root Hptc_ib Linux Both" type="foritem">
<kw name="Split String" library="String">
<doc>Splits the ``string`` using ``separator`` as a delimiter string.</doc>
<arguments>
<arg>${elem}</arg>
</arguments>
<assign>
<var>${word}</var>
</assign>
<msg timestamp="20210120 17:25:14.609" level="INFO">${word} = ['#192.168.2.129', 'root', 'Hptc_ib', 'Linux', 'Both']</msg>
<status status="PASS" starttime="20210120 17:25:14.609" endtime="20210120 17:25:14.609"></status>
</kw>
<kw name="Run Keyword And Ignore Error" library="BuiltIn">
<doc>Runs the given keyword with the given arguments and ignores possible error.</doc>
<arguments>
<arg>should contain</arg>
<arg>${word}[0]</arg>
<arg>1</arg>
</arguments>
<assign>
<var>${status1}</var>
</assign>
<kw name="Should Contain" library="BuiltIn">
<doc>Fails if ``container`` does not contain ``item`` one or more times.</doc>
<arguments>
<arg>${word}[0]</arg>
<arg>1</arg>
</arguments>
<status status="PASS" starttime="20210120 17:25:14.610" endtime="20210120 17:25:14.610"></status>
</kw>
<msg timestamp="20210120 17:25:14.610" level="INFO">${status1} = ('PASS', None)</msg>
<status status="PASS" starttime="20210120 17:25:14.609" endtime="20210120 17:25:14.610"></status>
</kw>
<kw name="Run Keyword And Ignore Error" library="BuiltIn">
<doc>Runs the given keyword with the given arguments and ignores possible error.</doc>
<arguments>
<arg>should contain</arg>
<arg>${word}[0]</arg>
<arg>\#</arg>
</arguments>
<assign>
<var>${status2}</var>
</assign>
<kw name="Should Contain" library="BuiltIn">
<doc>Fails if ``container`` does not contain ``item`` one or more times.</doc>
<arguments>
<arg>${word}[0]</arg>
<arg>\#</arg>
</arguments>
<status status="PASS" starttime="20210120 17:25:14.611" endtime="20210120 17:25:14.611"></status>
</kw>
<msg timestamp="20210120 17:25:14.611" level="INFO">${status2} = ('PASS', None)</msg>
<status status="PASS" starttime="20210120 17:25:14.611" endtime="20210120 17:25:14.612"></status>
</kw>
<kw name="Continue For Loop If" library="BuiltIn">
<doc>Skips the current for loop iteration if the ``condition`` is true.</doc>
<arguments>
<arg>'${status1}[0]'=='FAIL' or '${status2}[0]'=='PASS'</arg>
</arguments>
<msg timestamp="20210120 17:25:14.612" level="INFO">Continuing for loop from the next iteration.</msg>
<status status="PASS" starttime="20210120 17:25:14.612" endtime="20210120 17:25:14.612"></status>
</kw>
<status status="PASS" starttime="20210120 17:25:14.609" endtime="20210120 17:25:14.612"></status>
</kw>
<kw name="${elem} = #192.168.2.130 root Hptc_ib Linux Both" type="foritem">
<kw name="Split String" library="String">
<doc>Splits the ``string`` using ``separator`` as a delimiter string.</doc>
<arguments>
<arg>${elem}</arg>
</arguments>
<assign>
<var>${word}</var>
</assign>
<msg timestamp="20210120 17:25:14.613" level="INFO">${word} = ['#192.168.2.130', 'root', 'Hptc_ib', 'Linux', 'Both']</msg>
<status status="PASS" starttime="20210120 17:25:14.613" endtime="20210120 17:25:14.613"></status>
</kw>
<kw name="Run Keyword And Ignore Error" library="BuiltIn">
<doc>Runs the given keyword with the given arguments and ignores possible error.</doc>
<arguments>
<arg>should contain</arg>
<arg>${word}[0]</arg>
<arg>1</arg>
</arguments>
<assign>
<var>${status1}</var>
</assign>
<kw name="Should Contain" library="BuiltIn">
<doc>Fails if ``container`` does not contain ``item`` one or more times.</doc>
<arguments>
<arg>${word}[0]</arg>
<arg>1</arg>
</arguments>
<status status="PASS" starttime="20210120 17:25:14.614" endtime="20210120 17:25:14.614"></status>
</kw>
<msg timestamp="20210120 17:25:14.614" level="INFO">${status1} = ('PASS', None)</msg>
<status status="PASS" starttime="20210120 17:25:14.613" endtime="20210120 17:25:14.615"></status>
</kw>
<kw name="Run Keyword And Ignore Error" library="BuiltIn">
<doc>Runs the given keyword with the given arguments and ignores possible error.</doc>
<arguments>
<arg>should contain</arg>
<arg>${word}[0]</arg>
<arg>\#</arg>
</arguments>
<assign>
<var>${status2}</var>
</assign>
<kw name="Should Contain" library="BuiltIn">
<doc>Fails if ``container`` does not contain ``item`` one or more times.</doc>
<arguments>
<arg>${word}[0]</arg>
<arg>\#</arg>
</arguments>
<status status="PASS" starttime="20210120 17:25:14.615" endtime="20210120 17:25:14.615"></status>
</kw>
<msg timestamp="20210120 17:25:14.616" level="INFO">${status2} = ('PASS', None)</msg>
<status status="PASS" starttime="20210120 17:25:14.615" endtime="20210120 17:25:14.616"></status>
</kw>
<kw name="Continue For Loop If" library="BuiltIn">
<doc>Skips the current for loop iteration if the ``condition`` is true.</doc>
<arguments>
<arg>'${status1}[0]'=='FAIL' or '${status2}[0]'=='PASS'</arg>
</arguments>
<msg timestamp="20210120 17:25:14.616" level="INFO">Continuing for loop from the next iteration.</msg>
<status status="PASS" starttime="20210120 17:25:14.616" endtime="20210120 17:25:14.617"></status>
</kw>
<status status="PASS" starttime="20210120 17:25:14.613" endtime="20210120 17:25:14.617"></status>
</kw>
<kw name="${elem} = #192.168.2.131 root Hptc_ib Linux Both" type="foritem">
<kw name="Split String" library="String">
<doc>Splits the ``string`` using ``separator`` as a delimiter string.</doc>
<arguments>
<arg>${elem}</arg>
</arguments>
<assign>
<var>${word}</var>
</assign>
<msg timestamp="20210120 17:25:14.617" level="INFO">${word} = ['#192.168.2.131', 'root', 'Hptc_ib', 'Linux', 'Both']</msg>
<status status="PASS" starttime="20210120 17:25:14.617" endtime="20210120 17:25:14.617"></status>
</kw>
<kw name="Run Keyword And Ignore Error" library="BuiltIn">
<doc>Runs the given keyword with the given arguments and ignores possible error.</doc>
<arguments>
<arg>should contain</arg>
<arg>${word}[0]</arg>
<arg>1</arg>
</arguments>
<assign>
<var>${status1}</var>
</assign>
<kw name="Should Contain" library="BuiltIn">
<doc>Fails if ``container`` does not contain ``item`` one or more times.</doc>
<arguments>
<arg>${word}[0]</arg>
<arg>1</arg>
</arguments>
<status status="PASS" starttime="20210120 17:25:14.618" endtime="20210120 17:25:14.618"></status>
</kw>
<msg timestamp="20210120 17:25:14.618" level="INFO">${status1} = ('PASS', None)</msg>
<status status="PASS" starttime="20210120 17:25:14.618" endtime="20210120 17:25:14.618"></status>
</kw>
<kw name="Run Keyword And Ignore Error" library="BuiltIn">
<doc>Runs the given keyword with the given arguments and ignores possible error.</doc>
<arguments>
<arg>should contain</arg>
<arg>${word}[0]</arg>
<arg>\#</arg>
</arguments>
<assign>
<var>${status2}</var>
</assign>
<kw name="Should Contain" library="BuiltIn">
<doc>Fails if ``container`` does not contain ``item`` one or more times.</doc>
<arguments>
<arg>${word}[0]</arg>
<arg>\#</arg>
</arguments>
<status status="PASS" starttime="20210120 17:25:14.619" endtime="20210120 17:25:14.619"></status>
</kw>
<msg timestamp="20210120 17:25:14.620" level="INFO">${status2} = ('PASS', None)</msg>
<status status="PASS" starttime="20210120 17:25:14.619" endtime="20210120 17:25:14.620"></status>
</kw>
<kw name="Continue For Loop If" library="BuiltIn">
<doc>Skips the current for loop iteration if the ``condition`` is true.</doc>
<arguments>
<arg>'${status1}[0]'=='FAIL' or '${status2}[0]'=='PASS'</arg>
</arguments>
<msg timestamp="20210120 17:25:14.620" level="INFO">Continuing for loop from the next iteration.</msg>
<status status="PASS" starttime="20210120 17:25:14.620" endtime="20210120 17:25:14.620"></status>
</kw>
<status status="PASS" starttime="20210120 17:25:14.617" endtime="20210120 17:25:14.621"></status>
</kw>
<kw name="${elem} = #192.168.2.132 root Hptc_ib Linux Both" type="foritem">
<kw name="Split String" library="String">
<doc>Splits the ``string`` using ``separator`` as a delimiter string.</doc>
<arguments>
<arg>${elem}</arg>
</arguments>
<assign>
<var>${word}</var>
</assign>
<msg timestamp="20210120 17:25:14.621" level="INFO">${word} = ['#192.168.2.132', 'root', 'Hptc_ib', 'Linux', 'Both']</msg>
<status status="PASS" starttime="20210120 17:25:14.621" endtime="20210120 17:25:14.621"></status>
</kw>
<kw name="Run Keyword And Ignore Error" library="BuiltIn">
<doc>Runs the given keyword with the given arguments and ignores possible error.</doc>
<arguments>
<arg>should contain</arg>
<arg>${word}[0]</arg>
<arg>1</arg>
</arguments>
<assign>
<var>${status1}</var>
</assign>
<kw name="Should Contain" library="BuiltIn">
<doc>Fails if ``container`` does not contain ``item`` one or more times.</doc>
<arguments>
<arg>${word}[0]</arg>
<arg>1</arg>
</arguments>
<status status="PASS" starttime="20210120 17:25:14.622" endtime="20210120 17:25:14.622"></status>
</kw>
<msg timestamp="20210120 17:25:14.622" level="INFO">${status1} = ('PASS', None)</msg>
<status status="PASS" starttime="20210120 17:25:14.621" endtime="20210120 17:25:14.622"></status>
</kw>
<kw name="Run Keyword And Ignore Error" library="BuiltIn">
<doc>Runs the given keyword with the given arguments and ignores possible error.</doc>
<arguments>
<arg>should contain</arg>
<arg>${word}[0]</arg>
<arg>\#</arg>
</arguments>
<assign>
<var>${status2}</var>
</assign>
<kw name="Should Contain" library="BuiltIn">
<doc>Fails if ``container`` does not contain ``item`` one or more times.</doc>
<arguments>
<arg>${word}[0]</arg>
<arg>\#</arg>
</arguments>
<status status="PASS" starttime="20210120 17:25:14.623" endtime="20210120 17:25:14.623"></status>
</kw>
<msg timestamp="20210120 17:25:14.623" level="INFO">${status2} = ('PASS', None)</msg>
<status status="PASS" starttime="20210120 17:25:14.623" endtime="20210120 17:25:14.624"></status>
</kw>
<kw name="Continue For Loop If" library="BuiltIn">
<doc>Skips the current for loop iteration if the ``condition`` is true.</doc>
<arguments>
<arg>'${status1}[0]'=='FAIL' or '${status2}[0]'=='PASS'</arg>
</arguments>
<msg timestamp="20210120 17:25:14.624" level="INFO">Continuing for loop from the next iteration.</msg>
<status status="PASS" starttime="20210120 17:25:14.624" endtime="20210120 17:25:14.624"></status>
</kw>
<status status="PASS" starttime="20210120 17:25:14.621" endtime="20210120 17:25:14.624"></status>
</kw>
<kw name="${elem} = #192.168.5.105 admin admin123 Windows Firmware" type="foritem">
<kw name="Split String" library="String">
<doc>Splits the ``string`` using ``separator`` as a delimiter string.</doc>
<arguments>
<arg>${elem}</arg>
</arguments>
<assign>
<var>${word}</var>
</assign>
<msg timestamp="20210120 17:25:14.625" level="INFO">${word} = ['#192.168.5.105', 'admin', 'admin123', 'Windows', 'Firmware']</msg>
<status status="PASS" starttime="20210120 17:25:14.625" endtime="20210120 17:25:14.625"></status>
</kw>
<kw name="Run Keyword And Ignore Error" library="BuiltIn">
<doc>Runs the given keyword with the given arguments and ignores possible error.</doc>
<arguments>
<arg>should contain</arg>
<arg>${word}[0]</arg>
<arg>1</arg>
</arguments>
<assign>
<var>${status1}</var>
</assign>
<kw name="Should Contain" library="BuiltIn">
<doc>Fails if ``container`` does not contain ``item`` one or more times.</doc>
<arguments>
<arg>${word}[0]</arg>
<arg>1</arg>
</arguments>
<status status="PASS" starttime="20210120 17:25:14.626" endtime="20210120 17:25:14.626"></status>
</kw>
<msg timestamp="20210120 17:25:14.626" level="INFO">${status1} = ('PASS', None)</msg>
<status status="PASS" starttime="20210120 17:25:14.625" endtime="20210120 17:25:14.626"></status>
</kw>
<kw name="Run Keyword And Ignore Error" library="BuiltIn">
<doc>Runs the given keyword with the given arguments and ignores possible error.</doc>
<arguments>
<arg>should contain</arg>
<arg>${word}[0]</arg>
<arg>\#</arg>
</arguments>
<assign>
<var>${status2}</var>
</assign>
<kw name="Should Contain" library="BuiltIn">
<doc>Fails if ``container`` does not contain ``item`` one or more times.</doc>
<arguments>
<arg>${word}[0]</arg>
<arg>\#</arg>
</arguments>
<status status="PASS" starttime="20210120 17:25:14.627" endtime="20210120 17:25:14.627"></status>
</kw>
<msg timestamp="20210120 17:25:14.627" level="INFO">${status2} = ('PASS', None)</msg>
<status status="PASS" starttime="20210120 17:25:14.626" endtime="20210120 17:25:14.627"></status>
</kw>
<kw name="Continue For Loop If" library="BuiltIn">
<doc>Skips the current for loop iteration if the ``condition`` is true.</doc>
<arguments>
<arg>'${status1}[0]'=='FAIL' or '${status2}[0]'=='PASS'</arg>
</arguments>
<msg timestamp="20210120 17:25:14.628" level="INFO">Continuing for loop from the next iteration.</msg>
<status status="PASS" starttime="20210120 17:25:14.628" endtime="20210120 17:25:14.628"></status>
</kw>
<status status="PASS" starttime="20210120 17:25:14.625" endtime="20210120 17:25:14.628"></status>
</kw>
<kw name="${elem} = #192.168.5.133 admin admin123 iLO-ESXi Firmware" type="foritem">
<kw name="Split String" library="String">
<doc>Splits the ``string`` using ``separator`` as a delimiter string.</doc>
<arguments>
<arg>${elem}</arg>
</arguments>
<assign>
<var>${word}</var>
</assign>
<msg timestamp="20210120 17:25:14.629" level="INFO">${word} = ['#192.168.5.133', 'admin', 'admin123', 'iLO-ESXi', 'Firmware']</msg>
<status status="PASS" starttime="20210120 17:25:14.629" endtime="20210120 17:25:14.629"></status>
</kw>
<kw name="Run Keyword And Ignore Error" library="BuiltIn">
<doc>Runs the given keyword with the given arguments and ignores possible error.</doc>
<arguments>
<arg>should contain</arg>
<arg>${word}[0]</arg>
<arg>1</arg>
</arguments>
<assign>
<var>${status1}</var>
</assign>
<kw name="Should Contain" library="BuiltIn">
<doc>Fails if ``container`` does not contain ``item`` one or more times.</doc>
<arguments>
<arg>${word}[0]</arg>
<arg>1</arg>
</arguments>
<status status="PASS" starttime="20210120 17:25:14.630" endtime="20210120 17:25:14.630"></status>
</kw>
<msg timestamp="20210120 17:25:14.630" level="INFO">${status1} = ('PASS', None)</msg>
<status status="PASS" starttime="20210120 17:25:14.629" endtime="20210120 17:25:14.630"></status>
</kw>
<kw name="Run Keyword And Ignore Error" library="BuiltIn">
<doc>Runs the given keyword with the given arguments and ignores possible error.</doc>
<arguments>
<arg>should contain</arg>
<arg>${word}[0]</arg>
<arg>\#</arg>
</arguments>
<assign>
<var>${status2}</var>
</assign>
<kw name="Should Contain" library="BuiltIn">
<doc>Fails if ``container`` does not contain ``item`` one or more times.</doc>
<arguments>
<arg>${word}[0]</arg>
<arg>\#</arg>
</arguments>
<status status="PASS" starttime="20210120 17:25:14.631" endtime="20210120 17:25:14.631"></status>
</kw>
<msg timestamp="20210120 17:25:14.631" level="INFO">${status2} = ('PASS', None)</msg>
<status status="PASS" starttime="20210120 17:25:14.630" endtime="20210120 17:25:14.631"></status>
</kw>
<kw name="Continue For Loop If" library="BuiltIn">
<doc>Skips the current for loop iteration if the ``condition`` is true.</doc>
<arguments>
<arg>'${status1}[0]'=='FAIL' or '${status2}[0]'=='PASS'</arg>
</arguments>
<msg timestamp="20210120 17:25:14.632" level="INFO">Continuing for loop from the next iteration.</msg>
<status status="PASS" starttime="20210120 17:25:14.632" endtime="20210120 17:25:14.632"></status>
</kw>
<status status="PASS" starttime="20210120 17:25:14.628" endtime="20210120 17:25:14.632"></status>
</kw>
<kw name="${elem} = 192.168.5.134 admin admin123 iLO-ESXi FW_All" type="foritem">
<kw name="Split String" library="String">
<doc>Splits the ``string`` using ``separator`` as a delimiter string.</doc>
<arguments>
<arg>${elem}</arg>
</arguments>
<assign>
<var>${word}</var>
</assign>
<msg timestamp="20210120 17:25:14.633" level="INFO">${word} = ['192.168.5.134', 'admin', 'admin123', 'iLO-ESXi', 'FW_All']</msg>
<status status="PASS" starttime="20210120 17:25:14.633" endtime="20210120 17:25:14.633"></status>
</kw>
<kw name="Run Keyword And Ignore Error" library="BuiltIn">
<doc>Runs the given keyword with the given arguments and ignores possible error.</doc>
<arguments>
<arg>should contain</arg>
<arg>${word}[0]</arg>
<arg>1</arg>
</arguments>
<assign>
<var>${status1}</var>
</assign>
<kw name="Should Contain" library="BuiltIn">
<doc>Fails if ``container`` does not contain ``item`` one or more times.</doc>
<arguments>
<arg>${word}[0]</arg>
<arg>1</arg>
</arguments>
<status status="PASS" starttime="20210120 17:25:14.634" endtime="20210120 17:25:14.634"></status>
</kw>
<msg timestamp="20210120 17:25:14.634" level="INFO">${status1} = ('PASS', None)</msg>
<status status="PASS" starttime="20210120 17:25:14.633" endtime="20210120 17:25:14.634"></status>
</kw>
<kw name="Run Keyword And Ignore Error" library="BuiltIn">
<doc>Runs the given keyword with the given arguments and ignores possible error.</doc>
<arguments>
<arg>should contain</arg>
<arg>${word}[0]</arg>
<arg>\#</arg>
</arguments>
<assign>
<var>${status2}</var>
</assign>
<kw name="Should Contain" library="BuiltIn">
<doc>Fails if ``container`` does not contain ``item`` one or more times.</doc>
<arguments>
<arg>${word}[0]</arg>
<arg>\#</arg>
</arguments>
<msg timestamp="20210120 17:25:14.635" level="FAIL">'192.168.5.134' does not contain '#'</msg>
<status status="FAIL" starttime="20210120 17:25:14.635" endtime="20210120 17:25:14.636"></status>
</kw>
<msg timestamp="20210120 17:25:14.636" level="INFO">${status2} = ('FAIL', "'192.168.5.134' does not contain '#'")</msg>
<status status="PASS" starttime="20210120 17:25:14.634" endtime="20210120 17:25:14.636"></status>
</kw>
<kw name="Continue For Loop If" library="BuiltIn">
<doc>Skips the current for loop iteration if the ``condition`` is true.</doc>
<arguments>
<arg>'${status1}[0]'=='FAIL' or '${status2}[0]'=='PASS'</arg>
</arguments>
<status status="PASS" starttime="20210120 17:25:14.636" endtime="20210120 17:25:14.636"></status>
</kw>
<kw name="Log To Console" library="BuiltIn">
<doc>Logs the given message to the console.</doc>
<arguments>
<arg>${elem}</arg>
</arguments>
<status status="PASS" starttime="20210120 17:25:14.637" endtime="20210120 17:25:14.637"></status>
</kw>
<kw name="Split String" library="String">
<doc>Splits the ``string`` using ``separator`` as a delimiter string.</doc>
<arguments>
<arg>${word}[0]</arg>
<arg>.</arg>
</arguments>
<assign>
<var>${address}</var>
</assign>
<msg timestamp="20210120 17:25:14.638" level="INFO">${address} = ['192', '168', '5', '134']</msg>
<status status="PASS" starttime="20210120 17:25:14.637" endtime="20210120 17:25:14.638"></status>
</kw>
<kw name="Test Launch">
<arguments>
<arg>${address}</arg>
</arguments>
<kw name="${iter} IN RANGE [ 0 | 5 ]" type="for">
<kw name="${iter} = 0" type="foritem">
<kw name="Close All Browsers" library="Selenium2Library">
<doc>Closes all open browsers and resets the browser cache.</doc>
<status status="PASS" starttime="20210120 17:25:14.639" endtime="20210120 17:25:14.639"></status>
</kw>
<kw name="Run Keyword And Ignore Error" library="BuiltIn">
<doc>Runs the given keyword with the given arguments and ignores possible error.</doc>
<arguments>
<arg>loop</arg>
<arg>${address}</arg>
</arguments>
<assign>
<var>${status3}</var>
</assign>
<kw name="loop">
<arguments>
<arg>${address}</arg>
</arguments>
<kw name="Open Browser" library="Selenium2Library">
<doc>Opens a new browser instance to the optional ``url``.</doc>
<arguments>
<arg>https://192.168.5.${address}[-1]</arg>
<arg>ff</arg>
</arguments>
<msg timestamp="20210120 17:25:14.641" level="INFO">Opening browser 'ff' to base url 'https://192.168.5.134'.</msg>
<msg timestamp="20210120 17:25:14.642" level="INFO">Firefox driver log is always forced to to: C:\Users\Administrator\Documents\Robot\Version 3\geckodriver-7.log</msg>
<status status="PASS" starttime="20210120 17:25:14.640" endtime="20210120 17:25:22.085"></status>
</kw>
<kw name="Maximize Browser Window" library="Selenium2Library">
<doc>Maximizes current browser window.</doc>
<status status="PASS" starttime="20210120 17:25:22.085" endtime="20210120 17:25:22.369"></status>
</kw>
<kw name="Sleep" library="BuiltIn">
<doc>Pauses the test executed for the given time.</doc>
<arguments>
<arg>5</arg>
</arguments>
<msg timestamp="20210120 17:25:27.384" level="INFO">Slept 5 seconds</msg>
<status status="PASS" starttime="20210120 17:25:22.369" endtime="20210120 17:25:27.384"></status>
</kw>
<kw name="Select Frame" library="Selenium2Library">
<doc>Sets frame identified by ``locator`` as the current frame.</doc>
<arguments>
<arg>id=appFrame</arg>
</arguments>
<msg timestamp="20210120 17:25:27.384" level="INFO">Selecting frame 'id=appFrame'.</msg>
<status status="PASS" starttime="20210120 17:25:27.384" endtime="20210120 17:25:27.399"></status>
</kw>
<kw name="Wait Until Element Contains" library="Selenium2Library">
<doc>Waits until the element ``locator`` contains ``text``.</doc>
<arguments>
<arg>xpath:/html[1]/body[1]/div[1]/div[1]/div[1]/div[1]</arg>
<arg>Local login name</arg>
</arguments>
<status status="PASS" starttime="20210120 17:25:27.399" endtime="20210120 17:25:27.552"></status>
</kw>
<kw name="Input Text" library="Selenium2Library">
<doc>Types the given ``text`` into the text field identified by ``locator``.</doc>
<arguments>
<arg>xpath:/html[1]/body[1]/div[1]/div[1]/div[1]/div[1]/div[2]/div[1]/div[4]/div[1]/form[1]/fieldset[1]/div[1]/span[1]/input[1]</arg>
<arg>admin</arg>
</arguments>
<msg timestamp="20210120 17:25:27.552" level="INFO">Typing text 'admin' into text field 'xpath:/html[1]/body[1]/div[1]/div[1]/div[1]/div[1]/div[2]/div[1]/div[4]/div[1]/form[1]/fieldset[1]/div[1]/span[1]/input[1]'.</msg>
<status status="PASS" starttime="20210120 17:25:27.552" endtime="20210120 17:25:27.584"></status>
</kw>
<kw name="Input Text" library="Selenium2Library">
<doc>Types the given ``text`` into the text field identified by ``locator``.</doc>
<arguments>
<arg>xpath:/html[1]/body[1]/div[1]/div[1]/div[1]/div[1]/div[2]/div[1]/div[4]/div[1]/form[1]/fieldset[1]/div[2]/span[1]/input[1]</arg>
<arg>admin123</arg>
</arguments>
<msg timestamp="20210120 17:25:27.584" level="INFO">Typing text 'admin123' into text field 'xpath:/html[1]/body[1]/div[1]/div[1]/div[1]/div[1]/div[2]/div[1]/div[4]/div[1]/form[1]/fieldset[1]/div[2]/span[1]/input[1]'.</msg>
<status status="PASS" starttime="20210120 17:25:27.584" endtime="20210120 17:25:27.599"></status>
</kw>
<kw name="Sleep" library="BuiltIn">
<doc>Pauses the test executed for the given time.</doc>
<arguments>
<arg>5</arg>
</arguments>
<msg timestamp="20210120 17:25:32.611" level="INFO">Slept 5 seconds</msg>
<status status="PASS" starttime="20210120 17:25:27.599" endtime="20210120 17:25:32.611"></status>
</kw>
<kw name="Click Element" library="Selenium2Library">
<doc>Click the element identified by ``locator``.</doc>
<arguments>
<arg>xpath:/html[1]/body[1]/div[1]/div[1]/div[1]/div[1]/div[2]/div[1]/div[4]/div[1]/form[1]/footer[1]/button[1]</arg>
</arguments>
<msg timestamp="20210120 17:25:32.611" level="INFO">Clicking element 'xpath:/html[1]/body[1]/div[1]/div[1]/div[1]/div[1]/div[2]/div[1]/div[4]/div[1]/form[1]/footer[1]/button[1]'.</msg>
<status status="PASS" starttime="20210120 17:25:32.611" endtime="20210120 17:25:33.215"></status>
</kw>
<kw name="Sleep" library="BuiltIn">
<doc>Pauses the test executed for the given time.</doc>
<arguments>
<arg>5</arg>
</arguments>
<msg timestamp="20210120 17:25:38.215" level="INFO">Slept 5 seconds</msg>
<status status="PASS" starttime="20210120 17:25:33.215" endtime="20210120 17:25:38.215"></status>
</kw>
<kw name="Wait Until Page Contains" library="Selenium2Library">
<doc>Waits until ``text`` appears on the current page.</doc>
<arguments>
<arg>Firmware</arg>
</arguments>
<status status="PASS" starttime="20210120 17:25:38.216" endtime="20210120 17:25:38.229"></status>
</kw>
<kw name="Click Element" library="Selenium2Library">
<doc>Click the element identified by ``locator``.</doc>
<arguments>
<arg>xpath:/html[1]/body[1]/div[4]/div[1]/div[1]/div[1]/div[1]/nav[1]/ul[1]/li[3]/a[1]</arg>
</arguments>
<msg timestamp="20210120 17:25:38.229" level="INFO">Clicking element 'xpath:/html[1]/body[1]/div[4]/div[1]/div[1]/div[1]/div[1]/nav[1]/ul[1]/li[3]/a[1]'.</msg>
<status status="PASS" starttime="20210120 17:25:38.229" endtime="20210120 17:25:38.522"></status>
</kw>
<status status="PASS" starttime="20210120 17:25:14.640" endtime="20210120 17:25:38.522"></status>
</kw>
<msg timestamp="20210120 17:25:38.522" level="INFO">${status3} = ('PASS', None)</msg>
<status status="PASS" starttime="20210120 17:25:14.640" endtime="20210120 17:25:38.522"></status>
</kw>
<kw name="Exit For Loop If" library="BuiltIn">
<doc>Stops executing the enclosing for loop if the ``condition`` is true.</doc>
<arguments>
<arg>'${status3}[0]'=='PASS'</arg>
</arguments>
<msg timestamp="20210120 17:25:38.523" level="INFO">Exiting for loop altogether.</msg>
<status status="PASS" starttime="20210120 17:25:38.523" endtime="20210120 17:25:38.524"></status>
</kw>
<status status="PASS" starttime="20210120 17:25:14.639" endtime="20210120 17:25:38.524"></status>
</kw>
<status status="PASS" starttime="20210120 17:25:14.639" endtime="20210120 17:25:38.524"></status>
</kw>
<status status="PASS" starttime="20210120 17:25:14.638" endtime="20210120 17:25:38.524"></status>
</kw>
<kw name="Wait Until Page Contains" library="Selenium2Library">
<doc>Waits until ``text`` appears on the current page.</doc>
<arguments>
<arg>Installation</arg>
</arguments>
<status status="PASS" starttime="20210120 17:25:38.524" endtime="20210120 17:25:38.594"></status>
</kw>
<kw name="Click Element" library="Selenium2Library">
<doc>Click the element identified by ``locator``.</doc>
<arguments>
<arg>xpath:/html[1]/body[1]/div[4]/div[1]/div[1]/div[2]/article[1]/div[1]/article[1]/section[1]/div[1]/ul[1]/li[6]/a[1]</arg>
</arguments>
<msg timestamp="20210120 17:25:38.594" level="INFO">Clicking element 'xpath:/html[1]/body[1]/div[4]/div[1]/div[1]/div[2]/article[1]/div[1]/article[1]/section[1]/div[1]/ul[1]/li[6]/a[1]'.</msg>
<status status="PASS" starttime="20210120 17:25:38.594" endtime="20210120 17:25:38.834"></status>
</kw>
<kw name="Run Keyword And Ignore Error" library="BuiltIn">
<doc>Runs the given keyword with the given arguments and ignores possible error.</doc>
<arguments>
<arg>Test frame new</arg>
</arguments>
<kw name="Test frame new">
<kw name="Sleep" library="BuiltIn">
<doc>Pauses the test executed for the given time.</doc>
<arguments>
<arg>5</arg>
</arguments>
<msg timestamp="20210120 17:25:43.837" level="INFO">Slept 5 seconds</msg>
<status status="PASS" starttime="20210120 17:25:38.835" endtime="20210120 17:25:43.837"></status>
</kw>
<kw name="Run Keyword And Ignore Error" library="BuiltIn">
<doc>Runs the given keyword with the given arguments and ignores possible error.</doc>
<arguments>
<arg>select frame</arg>
<arg>id=iframeContent</arg>
</arguments>
<assign>
<var>${status}</var>
</assign>
<kw name="Select Frame" library="Selenium2Library">
<doc>Sets frame identified by ``locator`` as the current frame.</doc>
<arguments>
<arg>id=iframeContent</arg>
</arguments>
<msg timestamp="20210120 17:25:43.837" level="INFO">Selecting frame 'id=iframeContent'.</msg>
<status status="PASS" starttime="20210120 17:25:43.837" endtime="20210120 17:25:43.837"></status>
</kw>
<msg timestamp="20210120 17:25:43.837" level="INFO">${status} = ('PASS', None)</msg>
<status status="PASS" starttime="20210120 17:25:43.837" endtime="20210120 17:25:43.837"></status>
</kw>
<kw name="Wait Until Page Contains" library="Selenium2Library">
<doc>Waits until ``text`` appears on the current page.</doc>
<arguments>
<arg>Remove all</arg>
</arguments>
<status status="PASS" starttime="20210120 17:25:43.837" endtime="20210120 17:25:43.859"></status>
</kw>
<kw name="Run Keyword And Ignore Error" library="BuiltIn">
<doc>Runs the given keyword with the given arguments and ignores possible error.</doc>
<arguments>
<arg>click element</arg>
<arg>xpath:/html[1]/body[1]/div[5]/div[2]/div[1]/button[1]</arg>
</arguments>
<kw name="Click Element" library="Selenium2Library">
<doc>Click the element identified by ``locator``.</doc>
<arguments>
<arg>xpath:/html[1]/body[1]/div[5]/div[2]/div[1]/button[1]</arg>
</arguments>
<msg timestamp="20210120 17:25:43.859" level="INFO">Clicking element 'xpath:/html[1]/body[1]/div[5]/div[2]/div[1]/button[1]'.</msg>
<status status="PASS" starttime="20210120 17:25:43.859" endtime="20210120 17:25:44.177"></status>
</kw>
<status status="PASS" starttime="20210120 17:25:43.859" endtime="20210120 17:25:44.177"></status>
</kw>
[...]
<status status="PASS" starttime="20210120 17:26:17.527" endtime="20210120 17:26:17.527"></status>
</kw>
<msg timestamp="20210120 17:26:17.527" level="INFO">${status1} = ('PASS', None)</msg>
<status status="PASS" starttime="20210120 17:26:17.527" endtime="20210120 17:26:17.527"></status>
</kw>
<kw name="Run Keyword And Ignore Error" library="BuiltIn">
<doc>Runs the given keyword with the given arguments and ignores possible error.</doc>
<arguments>
<arg>should contain</arg>
<arg>${word}[0]</arg>
<arg>\#</arg>
</arguments>
<assign>
<var>${status2}</var>
</assign>
<kw name="Should Contain" library="BuiltIn">
<doc>Fails if ``container`` does not contain ``item`` one or more times.</doc>
<arguments>
<arg>${word}[0]</arg>
<arg>\#</arg>
</arguments>
<status status="PASS" starttime="20210120 17:26:17.527" endtime="20210120 17:26:17.527"></status>
</kw>
<msg timestamp="20210120 17:26:17.527" level="INFO">${status2} = ('PASS', None)</msg>
<status status="PASS" starttime="20210120 17:26:17.527" endtime="20210120 17:26:17.527"></status>
</kw>
<kw name="Continue For Loop If" library="BuiltIn">
<doc>Skips the current for loop iteration if the ``condition`` is true.</doc>
<arguments>
<arg>'${status1}[0]'=='FAIL' or '${status2}[0]'=='PASS'</arg>
</arguments>
<msg timestamp="20210120 17:26:17.527" level="INFO">Continuing for loop from the next iteration.</msg>
<status status="PASS" starttime="20210120 17:26:17.527" endtime="20210120 17:26:17.527"></status>
</kw>
<status status="PASS" starttime="20210120 17:26:17.511" endtime="20210120 17:26:17.527"></status>
</kw>
<kw name="${elem} = #192.168.5.139 admin admin123 iLO-ESXi FW_All" type="foritem">
<kw name="Split String" library="String">
<doc>Splits the ``string`` using ``separator`` as a delimiter string.</doc>
<arguments>
<arg>${elem}</arg>
</arguments>
<assign>
<var>${word}</var>
</assign>
<msg timestamp="20210120 17:26:17.527" level="INFO">${word} = ['#192.168.5.139', 'admin', 'admin123', 'iLO-ESXi', 'FW_All']</msg>
<status status="PASS" starttime="20210120 17:26:17.527" endtime="20210120 17:26:17.527"></status>
</kw>
<kw name="Run Keyword And Ignore Error" library="BuiltIn">
<doc>Runs the given keyword with the given arguments and ignores possible error.</doc>
<arguments>
<arg>should contain</arg>
<arg>${word}[0]</arg>
<arg>1</arg>
</arguments>
<assign>
<var>${status1}</var>
</assign>
<kw name="Should Contain" library="BuiltIn">
<doc>Fails if ``container`` does not contain ``item`` one or more times.</doc>
<arguments>
<arg>${word}[0]</arg>
<arg>1</arg>
</arguments>
<status status="PASS" starttime="20210120 17:26:17.527" endtime="20210120 17:26:17.527"></status>
</kw>
<msg timestamp="20210120 17:26:17.527" level="INFO">${status1} = ('PASS', None)</msg>
<status status="PASS" starttime="20210120 17:26:17.527" endtime="20210120 17:26:17.527"></status>
</kw>
<kw name="Run Keyword And Ignore Error" library="BuiltIn">
<doc>Runs the given keyword with the given arguments and ignores possible error.</doc>
<arguments>
<arg>should contain</arg>
<arg>${word}[0]</arg>
<arg>\#</arg>
</arguments>
<assign>
<var>${status2}</var>
</assign>
<kw name="Should Contain" library="BuiltIn">
<doc>Fails if ``container`` does not contain ``item`` one or more times.</doc>
<arguments>
<arg>${word}[0]</arg>
<arg>\#</arg>
</arguments>
<status status="PASS" starttime="20210120 17:26:17.527" endtime="20210120 17:26:17.527"></status>
</kw>
<msg timestamp="20210120 17:26:17.527" level="INFO">${status2} = ('PASS', None)</msg>
<status status="PASS" starttime="20210120 17:26:17.527" endtime="20210120 17:26:17.527"></status>
</kw>
<kw name="Continue For Loop If" library="BuiltIn">
<doc>Skips the current for loop iteration if the ``condition`` is true.</doc>
<arguments>
<arg>'${status1}[0]'=='FAIL' or '${status2}[0]'=='PASS'</arg>
</arguments>
<msg timestamp="20210120 17:26:17.527" level="INFO">Continuing for loop from the next iteration.</msg>
<status status="PASS" starttime="20210120 17:26:17.527" endtime="20210120 17:26:17.527"></status>
</kw>
<status status="PASS" starttime="20210120 17:26:17.527" endtime="20210120 17:26:17.527"></status>
</kw>
<kw name="${elem} = #192.168.5.140 admin admin123 iLO-ESXi FW_All" type="foritem">
<kw name="Split String" library="String">
<doc>Splits the ``string`` using ``separator`` as a delimiter string.</doc>
<arguments>
<arg>${elem}</arg>
</arguments>
<assign>
<var>${word}</var>
</assign>
<msg timestamp="20210120 17:26:17.527" level="INFO">${word} = ['#192.168.5.140', 'admin', 'admin123', 'iLO-ESXi', 'FW_All']</msg>
<status status="PASS" starttime="20210120 17:26:17.527" endtime="20210120 17:26:17.527"></status>
</kw>
<kw name="Run Keyword And Ignore Error" library="BuiltIn">
<doc>Runs the given keyword with the given arguments and ignores possible error.</doc>
<arguments>
<arg>should contain</arg>
<arg>${word}[0]</arg>
<arg>1</arg>
</arguments>
<assign>
<var>${status1}</var>
</assign>
<kw name="Should Contain" library="BuiltIn">
<doc>Fails if ``container`` does not contain ``item`` one or more times.</doc>
<arguments>
<arg>${word}[0]</arg>
<arg>1</arg>
</arguments>
<status status="PASS" starttime="20210120 17:26:17.527" endtime="20210120 17:26:17.527"></status>
</kw>
<msg timestamp="20210120 17:26:17.527" level="INFO">${status1} = ('PASS', None)</msg>
<status status="PASS" starttime="20210120 17:26:17.527" endtime="20210120 17:26:17.527"></status>
</kw>
<kw name="Run Keyword And Ignore Error" library="BuiltIn">
<doc>Runs the given keyword with the given arguments and ignores possible error.</doc>
<arguments>
<arg>should contain</arg>
<arg>${word}[0]</arg>
<arg>\#</arg>
</arguments>
<assign>
<var>${status2}</var>
</assign>
<kw name="Should Contain" library="BuiltIn">
<doc>Fails if ``container`` does not contain ``item`` one or more times.</doc>
<arguments>
<arg>${word}[0]</arg>
<arg>\#</arg>
</arguments>
<status status="PASS" starttime="20210120 17:26:17.527" endtime="20210120 17:26:17.527"></status>
</kw>
<msg timestamp="20210120 17:26:17.527" level="INFO">${status2} = ('PASS', None)</msg>
<status status="PASS" starttime="20210120 17:26:17.527" endtime="20210120 17:26:17.527"></status>
</kw>
<kw name="Continue For Loop If" library="BuiltIn">
<doc>Skips the current for loop iteration if the ``condition`` is true.</doc>
<arguments>
<arg>'${status1}[0]'=='FAIL' or '${status2}[0]'=='PASS'</arg>
</arguments>
<msg timestamp="20210120 17:26:17.527" level="INFO">Continuing for loop from the next iteration.</msg>
<status status="PASS" starttime="20210120 17:26:17.527" endtime="20210120 17:26:17.527"></status>
</kw>
<status status="PASS" starttime="20210120 17:26:17.527" endtime="20210120 17:26:17.527"></status>
</kw>
<kw name="${elem} = #192.168.5.141 admin admin123 iLO-ESXi FW_All" type="foritem">
<kw name="Split String" library="String">
<doc>Splits the ``string`` using ``separator`` as a delimiter string.</doc>
<arguments>
<arg>${elem}</arg>
</arguments>
<assign>
<var>${word}</var>
</assign>
<msg timestamp="20210120 17:26:17.527" level="INFO">${word} = ['#192.168.5.141', 'admin', 'admin123', 'iLO-ESXi', 'FW_All']</msg>
<status status="PASS" starttime="20210120 17:26:17.527" endtime="20210120 17:26:17.527"></status>
</kw>
<kw name="Run Keyword And Ignore Error" library="BuiltIn">
<doc>Runs the given keyword with the given arguments and ignores possible error.</doc>
<arguments>
<arg>should contain</arg>
<arg>${word}[0]</arg>
<arg>1</arg>
</arguments>
<assign>
<var>${status1}</var>
</assign>
<kw name="Should Contain" library="BuiltIn">
<doc>Fails if ``container`` does not contain ``item`` one or more times.</doc>
<arguments>
<arg>${word}[0]</arg>
<arg>1</arg>
</arguments>
<status status="PASS" starttime="20210120 17:26:17.527" endtime="20210120 17:26:17.527"></status>
</kw>
<msg timestamp="20210120 17:26:17.527" level="INFO">${status1} = ('PASS', None)</msg>
<status status="PASS" starttime="20210120 17:26:17.527" endtime="20210120 17:26:17.527"></status>
</kw>
<kw name="Run Keyword And Ignore Error" library="BuiltIn">
<doc>Runs the given keyword with the given arguments and ignores possible error.</doc>
<arguments>
<arg>should contain</arg>
<arg>${word}[0]</arg>
<arg>\#</arg>
</arguments>
<assign>
<var>${status2}</var>
</assign>
<kw name="Should Contain" library="BuiltIn">
<doc>Fails if ``container`` does not contain ``item`` one or more times.</doc>
<arguments>
<arg>${word}[0]</arg>
<arg>\#</arg>
</arguments>
<status status="PASS" starttime="20210120 17:26:17.527" endtime="20210120 17:26:17.527"></status>
</kw>
<msg timestamp="20210120 17:26:17.527" level="INFO">${status2} = ('PASS', None)</msg>
<status status="PASS" starttime="20210120 17:26:17.527" endtime="20210120 17:26:17.527"></status>
</kw>
<kw name="Continue For Loop If" library="BuiltIn">
<doc>Skips the current for loop iteration if the ``condition`` is true.</doc>
<arguments>
<arg>'${status1}[0]'=='FAIL' or '${status2}[0]'=='PASS'</arg>
</arguments>
<msg timestamp="20210120 17:26:17.542" level="INFO">Continuing for loop from the next iteration.</msg>
<status status="PASS" starttime="20210120 17:26:17.527" endtime="20210120 17:26:17.542"></status>
</kw>
<status status="PASS" starttime="20210120 17:26:17.527" endtime="20210120 17:26:17.542"></status>
</kw>
<kw name="${elem} = #192.168.5.142 admin admin123 iLO-ESXi FW_All" type="foritem">
<kw name="Split String" library="String">
<doc>Splits the ``string`` using ``separator`` as a delimiter string.</doc>
<arguments>
<arg>${elem}</arg>
</arguments>
<assign>
<var>${word}</var>
</assign>
<msg timestamp="20210120 17:26:17.542" level="INFO">${word} = ['#192.168.5.142', 'admin', 'admin123', 'iLO-ESXi', 'FW_All']</msg>
<status status="PASS" starttime="20210120 17:26:17.542" endtime="20210120 17:26:17.542"></status>
</kw>
<kw name="Run Keyword And Ignore Error" library="BuiltIn">
<doc>Runs the given keyword with the given arguments and ignores possible error.</doc>
<arguments>
<arg>should contain</arg>
<arg>${word}[0]</arg>
<arg>1</arg>
</arguments>
<assign>
<var>${status1}</var>
</assign>
<kw name="Should Contain" library="BuiltIn">
<doc>Fails if ``container`` does not contain ``item`` one or more times.</doc>
<arguments>
<arg>${word}[0]</arg>
<arg>1</arg>
</arguments>
<status status="PASS" starttime="20210120 17:26:17.542" endtime="20210120 17:26:17.542"></status>
</kw>
<msg timestamp="20210120 17:26:17.542" level="INFO">${status1} = ('PASS', None)</msg>
<status status="PASS" starttime="20210120 17:26:17.542" endtime="20210120 17:26:17.542"></status>
</kw>
<kw name="Run Keyword And Ignore Error" library="BuiltIn">
<doc>Runs the given keyword with the given arguments and ignores possible error.</doc>
<arguments>
<arg>should contain</arg>
<arg>${word}[0]</arg>
<arg>\#</arg>
</arguments>
<assign>
<var>${status2}</var>
</assign>
<kw name="Should Contain" library="BuiltIn">
<doc>Fails if ``container`` does not contain ``item`` one or more times.</doc>
<arguments>
<arg>${word}[0]</arg>
<arg>\#</arg>
</arguments>
<status status="PASS" starttime="20210120 17:26:17.542" endtime="20210120 17:26:17.542"></status>
</kw>
<msg timestamp="20210120 17:26:17.542" level="INFO">${status2} = ('PASS', None)</msg>
<status status="PASS" starttime="20210120 17:26:17.542" endtime="20210120 17:26:17.542"></status>
</kw>
<kw name="Continue For Loop If" library="BuiltIn">
<doc>Skips the current for loop iteration if the ``condition`` is true.</doc>
<arguments>
<arg>'${status1}[0]'=='FAIL' or '${status2}[0]'=='PASS'</arg>
</arguments>
<msg timestamp="20210120 17:26:17.542" level="INFO">Continuing for loop from the next iteration.</msg>
<status status="PASS" starttime="20210120 17:26:17.542" endtime="20210120 17:26:17.542"></status>
</kw>
<status status="PASS" starttime="20210120 17:26:17.542" endtime="20210120 17:26:17.542"></status>
</kw>
<kw name="${elem} = #192.168.5.143 admin admin123 iLO-ESXi FW_All" type="foritem">
<kw name="Split String" library="String">
<doc>Splits the ``string`` using ``separator`` as a delimiter string.</doc>
<arguments>
<arg>${elem}</arg>
</arguments>
<assign>
<var>${word}</var>
</assign>
<msg timestamp="20210120 17:26:17.542" level="INFO">${word} = ['#192.168.5.143', 'admin', 'admin123', 'iLO-ESXi', 'FW_All']</msg>
<status status="PASS" starttime="20210120 17:26:17.542" endtime="20210120 17:26:17.542"></status>
</kw>
<kw name="Run Keyword And Ignore Error" library="BuiltIn">
<doc>Runs the given keyword with the given arguments and ignores possible error.</doc>
<arguments>
<arg>should contain</arg>
<arg>${word}[0]</arg>
<arg>1</arg>
</arguments>
<assign>
<var>${status1}</var>
</assign>
<kw name="Should Contain" library="BuiltIn">
<doc>Fails if ``container`` does not contain ``item`` one or more times.</doc>
<arguments>
<arg>${word}[0]</arg>
<arg>1</arg>
</arguments>
<status status="PASS" starttime="20210120 17:26:17.542" endtime="20210120 17:26:17.542"></status>
</kw>
<msg timestamp="20210120 17:26:17.542" level="INFO">${status1} = ('PASS', None)</msg>
<status status="PASS" starttime="20210120 17:26:17.542" endtime="20210120 17:26:17.542"></status>
</kw>
<kw name="Run Keyword And Ignore Error" library="BuiltIn">
<doc>Runs the given keyword with the given arguments and ignores possible error.</doc>
<arguments>
<arg>should contain</arg>
<arg>${word}[0]</arg>
<arg>\#</arg>
</arguments>
<assign>
<var>${status2}</var>
</assign>
<kw name="Should Contain" library="BuiltIn">
<doc>Fails if ``container`` does not contain ``item`` one or more times.</doc>
<arguments>
<arg>${word}[0]</arg>
<arg>\#</arg>
</arguments>
<status status="PASS" starttime="20210120 17:26:17.542" endtime="20210120 17:26:17.542"></status>
</kw>
<msg timestamp="20210120 17:26:17.542" level="INFO">${status2} = ('PASS', None)</msg>
<status status="PASS" starttime="20210120 17:26:17.542" endtime="20210120 17:26:17.542"></status>
</kw>
<kw name="Continue For Loop If" library="BuiltIn">
<doc>Skips the current for loop iteration if the ``condition`` is true.</doc>
<arguments>
<arg>'${status1}[0]'=='FAIL' or '${status2}[0]'=='PASS'</arg>
</arguments>
<msg timestamp="20210120 17:26:17.542" level="INFO">Continuing for loop from the next iteration.</msg>
<status status="PASS" starttime="20210120 17:26:17.542" endtime="20210120 17:26:17.542"></status>
</kw>
<status status="PASS" starttime="20210120 17:26:17.542" endtime="20210120 17:26:17.542"></status>
</kw>
<kw name="${elem} = #192.168.5.144 admin admin123 iLO-ESXi FW_All" type="foritem">
<kw name="Split String" library="String">
<doc>Splits the ``string`` using ``separator`` as a delimiter string.</doc>
<arguments>
<arg>${elem}</arg>
</arguments>
<assign>
<var>${word}</var>
</assign>
<msg timestamp="20210120 17:26:17.542" level="INFO">${word} = ['#192.168.5.144', 'admin', 'admin123', 'iLO-ESXi', 'FW_All']</msg>
<status status="PASS" starttime="20210120 17:26:17.542" endtime="20210120 17:26:17.542"></status>
</kw>
<kw name="Run Keyword And Ignore Error" library="BuiltIn">
<doc>Runs the given keyword with the given arguments and ignores possible error.</doc>
<arguments>
<arg>should contain</arg>
<arg>${word}[0]</arg>
<arg>1</arg>
</arguments>
<assign>
<var>${status1}</var>
</assign>
<kw name="Should Contain" library="BuiltIn">
<doc>Fails if ``container`` does not contain ``item`` one or more times.</doc>
<arguments>
<arg>${word}[0]</arg>
<arg>1</arg>
</arguments>
<status status="PASS" starttime="20210120 17:26:17.542" endtime="20210120 17:26:17.542"></status>
</kw>
<msg timestamp="20210120 17:26:17.542" level="INFO">${status1} = ('PASS', None)</msg>
<status status="PASS" starttime="20210120 17:26:17.542" endtime="20210120 17:26:17.542"></status>
</kw>
<kw name="Run Keyword And Ignore Error" library="BuiltIn">
<doc>Runs the given keyword with the given arguments and ignores possible error.</doc>
<arguments>
<arg>should contain</arg>
<arg>${word}[0]</arg>
<arg>\#</arg>
</arguments>
<assign>
<var>${status2}</var>
</assign>
<kw name="Should Contain" library="BuiltIn">
<doc>Fails if ``container`` does not contain ``item`` one or more times.</doc>
<arguments>
<arg>${word}[0]</arg>
<arg>\#</arg>
</arguments>
<status status="PASS" starttime="20210120 17:26:17.542" endtime="20210120 17:26:17.542"></status>
</kw>
<msg timestamp="20210120 17:26:17.542" level="INFO">${status2} = ('PASS', None)</msg>
<status status="PASS" starttime="20210120 17:26:17.542" endtime="20210120 17:26:17.542"></status>
</kw>
<kw name="Continue For Loop If" library="BuiltIn">
<doc>Skips the current for loop iteration if the ``condition`` is true.</doc>
<arguments>
<arg>'${status1}[0]'=='FAIL' or '${status2}[0]'=='PASS'</arg>
</arguments>
<msg timestamp="20210120 17:26:17.542" level="INFO">Continuing for loop from the next iteration.</msg>
<status status="PASS" starttime="20210120 17:26:17.542" endtime="20210120 17:26:17.542"></status>
</kw>
<status status="PASS" starttime="20210120 17:26:17.542" endtime="20210120 17:26:17.542"></status>
</kw>
<kw name="${elem} = #192.168.5.145 admin admin123 iLO-ESXi FW_All" type="foritem">
<kw name="Split String" library="String">
<doc>Splits the ``string`` using ``separator`` as a delimiter string.</doc>
<arguments>
<arg>${elem}</arg>
</arguments>
<assign>
<var>${word}</var>
</assign>
<msg timestamp="20210120 17:26:17.542" level="INFO">${word} = ['#192.168.5.145', 'admin', 'admin123', 'iLO-ESXi', 'FW_All']</msg>
<status status="PASS" starttime="20210120 17:26:17.542" endtime="20210120 17:26:17.542"></status>
</kw>
<kw name="Run Keyword And Ignore Error" library="BuiltIn">
<doc>Runs the given keyword with the given arguments and ignores possible error.</doc>
<arguments>
<arg>should contain</arg>
<arg>${word}[0]</arg>
<arg>1</arg>
</arguments>
<assign>
<var>${status1}</var>
</assign>
<kw name="Should Contain" library="BuiltIn">
<doc>Fails if ``container`` does not contain ``item`` one or more times.</doc>
<arguments>
<arg>${word}[0]</arg>
<arg>1</arg>
</arguments>
<status status="PASS" starttime="20210120 17:26:17.542" endtime="20210120 17:26:17.542"></status>
</kw>
<msg timestamp="20210120 17:26:17.542" level="INFO">${status1} = ('PASS', None)</msg>
<status status="PASS" starttime="20210120 17:26:17.542" endtime="20210120 17:26:17.558"></status>
</kw>
<kw name="Run Keyword And Ignore Error" library="BuiltIn">
<doc>Runs the given keyword with the given arguments and ignores possible error.</doc>
<arguments>
<arg>should contain</arg>
<arg>${word}[0]</arg>
<arg>\#</arg>
</arguments>
<assign>
<var>${status2}</var>
</assign>
<kw name="Should Contain" library="BuiltIn">
<doc>Fails if ``container`` does not contain ``item`` one or more times.</doc>
<arguments>
<arg>${word}[0]</arg>
<arg>\#</arg>
</arguments>
<status status="PASS" starttime="20210120 17:26:17.558" endtime="20210120 17:26:17.558"></status>
</kw>
<msg timestamp="20210120 17:26:17.558" level="INFO">${status2} = ('PASS', None)</msg>
<status status="PASS" starttime="20210120 17:26:17.558" endtime="20210120 17:26:17.558"></status>
</kw>
<kw name="Continue For Loop If" library="BuiltIn">
<doc>Skips the current for loop iteration if the ``condition`` is true.</doc>
<arguments>
<arg>'${status1}[0]'=='FAIL' or '${status2}[0]'=='PASS'</arg>
</arguments>
<msg timestamp="20210120 17:26:17.559" level="INFO">Continuing for loop from the next iteration.</msg>
<status status="PASS" starttime="20210120 17:26:17.559" endtime="20210120 17:26:17.559"></status>
</kw>
<status status="PASS" starttime="20210120 17:26:17.542" endtime="20210120 17:26:17.559"></status>
</kw>
<status status="PASS" starttime="20210120 17:25:14.513" endtime="20210120 17:26:17.559"></status>
</kw>
<status status="PASS" starttime="20210120 17:25:14.513" endtime="20210120 17:26:17.560" critical="yes"></status>
</test>
<status status="PASS" starttime="20210120 17:25:14.184" endtime="20210120 17:26:17.561"></status>
</suite>
<statistics>
<total>
<stat pass="1" fail="0">Critical Tests</stat>
<stat pass="1" fail="0">All Tests</stat>
</total>
<tag>
</tag>
<suite>
<stat pass="1" fail="0" id="s1" name="iLO repo">iLO repo</stat>
</suite>
</statistics>
<errors>
</errors>
</robot>
