<?xml version="1.0" encoding="UTF-8"?>
<robot generator="Robot 3.1.2 (Python 3.8.1 on win32)" generated="20210107 12:37:50.960" rpa="false">
<suite id="s1" name="SUM Automation" source="C:\Users\Administrator\Documents\Robot\Version 3\SUM_Automation.robot">
<test id="s1-t1" name="Test Initialize">
<kw name="Get Time" library="BuiltIn">
<doc>Returns the given time in the requested format.</doc>
<arguments>
<arg>year day month</arg>
</arguments>
<assign>
<var>@{date}</var>
</assign>
<msg timestamp="20210107 12:37:51.601" level="INFO">@{date} = [ 2021 | 01 | 07 ]</msg>
<status status="PASS" starttime="20210107 12:37:51.601" endtime="20210107 12:37:51.601"></status>
</kw>
<kw name="Get Time" library="BuiltIn">
<doc>Returns the given time in the requested format.</doc>
<arguments>
<arg>hour min sec</arg>
</arguments>
<assign>
<var>@{time}</var>
</assign>
<msg timestamp="20210107 12:37:51.601" level="INFO">@{time} = [ 12 | 37 | 51 ]</msg>
<status status="PASS" starttime="20210107 12:37:51.601" endtime="20210107 12:37:51.601"></status>
</kw>
<kw name="${item} IN RANGE [ 0 | 3 ]" type="for">
<kw name="${item} = 0" type="foritem">
<kw name="Evaluate" library="BuiltIn">
<doc>Evaluates the given expression in Python and returns the results.</doc>
<arguments>
<arg>2-${item}</arg>
</arguments>
<assign>
<var>${val2}</var>
</assign>
<msg timestamp="20210107 12:37:51.601" level="INFO">${val2} = 2</msg>
<status status="PASS" starttime="20210107 12:37:51.601" endtime="20210107 12:37:51.601"></status>
</kw>
<kw name="Set Global Variable" library="BuiltIn">
<doc>Makes a variable available globally in all tests and suites.</doc>
<arguments>
<arg>${day}</arg>
<arg>${day}@{date}[${val2}]_</arg>
</arguments>
<msg timestamp="20210107 12:37:51.601" level="INFO">${day} = 07_</msg>
<status status="PASS" starttime="20210107 12:37:51.601" endtime="20210107 12:37:51.616"></status>
</kw>
<status status="PASS" starttime="20210107 12:37:51.601" endtime="20210107 12:37:51.616"></status>
</kw>
<kw name="${item} = 1" type="foritem">
<kw name="Evaluate" library="BuiltIn">
<doc>Evaluates the given expression in Python and returns the results.</doc>
<arguments>
<arg>2-${item}</arg>
</arguments>
<assign>
<var>${val2}</var>
</assign>
<msg timestamp="20210107 12:37:51.616" level="INFO">${val2} = 1</msg>
<status status="PASS" starttime="20210107 12:37:51.616" endtime="20210107 12:37:51.616"></status>
</kw>
<kw name="Set Global Variable" library="BuiltIn">
<doc>Makes a variable available globally in all tests and suites.</doc>
<arguments>
<arg>${day}</arg>
<arg>${day}@{date}[${val2}]_</arg>
</arguments>
<msg timestamp="20210107 12:37:51.616" level="INFO">${day} = 07_01_</msg>
<status status="PASS" starttime="20210107 12:37:51.616" endtime="20210107 12:37:51.616"></status>
</kw>
<status status="PASS" starttime="20210107 12:37:51.616" endtime="20210107 12:37:51.616"></status>
</kw>
<kw name="${item} = 2" type="foritem">
<kw name="Evaluate" library="BuiltIn">
<doc>Evaluates the given expression in Python and returns the results.</doc>
<arguments>
<arg>2-${item}</arg>
</arguments>
<assign>
<var>${val2}</var>
</assign>
<msg timestamp="20210107 12:37:51.616" level="INFO">${val2} = 0</msg>
<status status="PASS" starttime="20210107 12:37:51.616" endtime="20210107 12:37:51.616"></status>
</kw>
<kw name="Set Global Variable" library="BuiltIn">
<doc>Makes a variable available globally in all tests and suites.</doc>
<arguments>
<arg>${day}</arg>
<arg>${day}@{date}[${val2}]_</arg>
</arguments>
<msg timestamp="20210107 12:37:51.616" level="INFO">${day} = 07_01_2021_</msg>
<status status="PASS" starttime="20210107 12:37:51.616" endtime="20210107 12:37:51.616"></status>
</kw>
<status status="PASS" starttime="20210107 12:37:51.616" endtime="20210107 12:37:51.616"></status>
</kw>
<status status="PASS" starttime="20210107 12:37:51.601" endtime="20210107 12:37:51.616"></status>
</kw>
<kw name="${item} IN RANGE [ 0 | 3 ]" type="for">
<kw name="${item} = 0" type="foritem">
<kw name="Set Global Variable" library="BuiltIn">
<doc>Makes a variable available globally in all tests and suites.</doc>
<arguments>
<arg>${day}</arg>
<arg>${day}@{time}[${item}]_</arg>
</arguments>
<msg timestamp="20210107 12:37:51.616" level="INFO">${day} = 07_01_2021_12_</msg>
<status status="PASS" starttime="20210107 12:37:51.616" endtime="20210107 12:37:51.616"></status>
</kw>
<status status="PASS" starttime="20210107 12:37:51.616" endtime="20210107 12:37:51.616"></status>
</kw>
<kw name="${item} = 1" type="foritem">
<kw name="Set Global Variable" library="BuiltIn">
<doc>Makes a variable available globally in all tests and suites.</doc>
<arguments>
<arg>${day}</arg>
<arg>${day}@{time}[${item}]_</arg>
</arguments>
<msg timestamp="20210107 12:37:51.616" level="INFO">${day} = 07_01_2021_12_37_</msg>
<status status="PASS" starttime="20210107 12:37:51.616" endtime="20210107 12:37:51.616"></status>
</kw>
<status status="PASS" starttime="20210107 12:37:51.616" endtime="20210107 12:37:51.616"></status>
</kw>
<kw name="${item} = 2" type="foritem">
<kw name="Set Global Variable" library="BuiltIn">
<doc>Makes a variable available globally in all tests and suites.</doc>
<arguments>
<arg>${day}</arg>
<arg>${day}@{time}[${item}]_</arg>
</arguments>
<msg timestamp="20210107 12:37:51.616" level="INFO">${day} = 07_01_2021_12_37_51_</msg>
<status status="PASS" starttime="20210107 12:37:51.616" endtime="20210107 12:37:51.616"></status>
</kw>
<status status="PASS" starttime="20210107 12:37:51.616" endtime="20210107 12:37:51.616"></status>
</kw>
<status status="PASS" starttime="20210107 12:37:51.616" endtime="20210107 12:37:51.616"></status>
</kw>
<kw name="Log To Console" library="BuiltIn">
<doc>Logs the given message to the console.</doc>
<arguments>
<arg>Times stamp : ${day}</arg>
</arguments>
<status status="PASS" starttime="20210107 12:37:51.616" endtime="20210107 12:37:51.616"></status>
</kw>
<kw name="Run Keyword If" library="BuiltIn">
<doc>Runs the given keyword with the given arguments, if ``condition`` is true.</doc>
<arguments>
<arg>'${input}'=='no'</arg>
<arg>set global variable</arg>
<arg>${flag}</arg>
<arg>False</arg>
</arguments>
<kw name="Set Global Variable" library="BuiltIn">
<doc>Makes a variable available globally in all tests and suites.</doc>
<arguments>
<arg>${flag}</arg>
<arg>False</arg>
</arguments>
<msg timestamp="20210107 12:37:51.616" level="INFO">${flag} = False</msg>
<status status="PASS" starttime="20210107 12:37:51.616" endtime="20210107 12:37:51.616"></status>
</kw>
<status status="PASS" starttime="20210107 12:37:51.616" endtime="20210107 12:37:51.616"></status>
</kw>
<kw name="Run Keyword If" library="BuiltIn">
<doc>Runs the given keyword with the given arguments, if ``condition`` is true.</doc>
<arguments>
<arg>'${input}'=='no'</arg>
<arg>log to console</arg>
<arg>Input file found at "${input_file}"</arg>
</arguments>
<kw name="Log To Console" library="BuiltIn">
<doc>Logs the given message to the console.</doc>
<arguments>
<arg>Input file found at "${input_file}"</arg>
</arguments>
<status status="PASS" starttime="20210107 12:37:51.616" endtime="20210107 12:37:51.616"></status>
</kw>
<status status="PASS" starttime="20210107 12:37:51.616" endtime="20210107 12:37:51.616"></status>
</kw>
<kw name="Run Keyword If" library="BuiltIn">
<doc>Runs the given keyword with the given arguments, if ``condition`` is true.</doc>
<arguments>
<arg>${flag}==True</arg>
<arg>log to console</arg>
<arg>UI has been enabled. Input file found at "&lt;path to script&gt;\\Text_files\\input.txt"</arg>
</arguments>
<status status="PASS" starttime="20210107 12:37:51.616" endtime="20210107 12:37:51.616"></status>
</kw>
<kw name="Run Keyword If" library="BuiltIn">
<doc>Runs the given keyword with the given arguments, if ``condition`` is true.</doc>
<arguments>
<arg>${flag}==True</arg>
<arg>run process</arg>
<arg>python</arg>
<arg>Python_files\\ui.py</arg>
</arguments>
<status status="PASS" starttime="20210107 12:37:51.616" endtime="20210107 12:37:51.616"></status>
</kw>
<kw name="Run Keyword If" library="BuiltIn">
<doc>Runs the given keyword with the given arguments, if ``condition`` is true.</doc>
<arguments>
<arg>${flag}==True</arg>
<arg>set global variable</arg>
<arg>${input_file}</arg>
<arg>Text_files\\input.txt</arg>
</arguments>
<status status="PASS" starttime="20210107 12:37:51.616" endtime="20210107 12:37:51.616"></status>
</kw>
<kw name="Get File" library="OperatingSystem">
<doc>Returns the contents of a specified file.</doc>
<arguments>
<arg>${input_file}</arg>
<arg>encoding=UTF-8</arg>
</arguments>
<assign>
<var>${file}</var>
</assign>
<msg timestamp="20210107 12:37:51.616" level="INFO" html="yes">Getting file '&lt;a href="file://c:\input.txt"&gt;c:\input.txt&lt;/a&gt;'.</msg>
<msg timestamp="20210107 12:37:51.616" level="INFO">${file} = #INPUT FILE
SPP_DIR= D:\spp
SPP_ISO= SPPGen10PlusSnap4.2020_1210.82.iso
CUSTOM_BASELINE_DIR= None
CD_DRIVE= E:
OUTPUT_PATH= D:

#SERVER DETAILS
#&lt;iLO/Network IP&gt; &lt;username&gt; &lt;password&gt; &lt;Linux/Windows/i...</msg>
<status status="PASS" starttime="20210107 12:37:51.616" endtime="20210107 12:37:51.616"></status>
</kw>
<kw name="Split To Lines" library="String">
<doc>Splits the given string to lines.</doc>
<arguments>
<arg>${file}</arg>
</arguments>
<assign>
<var>@{lines}</var>
</assign>
<msg timestamp="20210107 12:37:51.616" level="INFO">37 lines returned</msg>
<msg timestamp="20210107 12:37:51.616" level="INFO">@{lines} = [ #INPUT FILE | SPP_DIR= D:\spp | SPP_ISO= SPPGen10PlusSnap4.2020_1210.82.iso | CUSTOM_BASELINE_DIR= None | CD_DRIVE= E: | OUTPUT_PATH= D: |  | #SERVER DETAILS | #&lt;iLO/Network IP&gt; &lt;username&gt; &lt;password...</msg>
<status status="PASS" starttime="20210107 12:37:51.616" endtime="20210107 12:37:51.616"></status>
</kw>
<kw name="${node_line} IN [ @{lines} ]" type="for">
<kw name="${node_line} = #INPUT FILE" type="foritem">
<kw name="Split String" library="String">
<doc>Splits the ``string`` using ``separator`` as a delimiter string.</doc>
<arguments>
<arg>${node_line}</arg>
<arg>${SPACE}</arg>
</arguments>
<assign>
<var>${node}</var>
</assign>
<msg timestamp="20210107 12:37:51.616" level="INFO">${node} = ['#INPUT', 'FILE']</msg>
<status status="PASS" starttime="20210107 12:37:51.616" endtime="20210107 12:37:51.616"></status>
</kw>
<kw name="Run Keyword If" library="BuiltIn">
<doc>Runs the given keyword with the given arguments, if ``condition`` is true.</doc>
<arguments>
<arg>'${node}[0]'=='SPP_ISO='</arg>
<arg>set global variable</arg>
<arg>${spp_dir_name}</arg>
<arg>${node}[1]</arg>
</arguments>
<status status="PASS" starttime="20210107 12:37:51.632" endtime="20210107 12:37:51.632"></status>
</kw>
<kw name="Run Keyword If" library="BuiltIn">
<doc>Runs the given keyword with the given arguments, if ``condition`` is true.</doc>
<arguments>
<arg>'${node}[0]'=='CUSTOM_BASELINE_DIR='</arg>
<arg>set global variable</arg>
<arg>${custom_baseline_path}</arg>
<arg>${node}[1]</arg>
</arguments>
<status status="PASS" starttime="20210107 12:37:51.632" endtime="20210107 12:37:51.632"></status>
</kw>
<kw name="Run Keyword If" library="BuiltIn">
<doc>Runs the given keyword with the given arguments, if ``condition`` is true.</doc>
<arguments>
<arg>'${node}[0]'=='CD_DRIVE='</arg>
<arg>set global variable</arg>
<arg>${spp_drive_path}</arg>
<arg>${node}[1]</arg>
</arguments>
<status status="PASS" starttime="20210107 12:37:51.632" endtime="20210107 12:37:51.632"></status>
</kw>
<kw name="Run Keyword If" library="BuiltIn">
<doc>Runs the given keyword with the given arguments, if ``condition`` is true.</doc>
<arguments>
<arg>'${node}[0]'=='OUTPUT_PATH='</arg>
<arg>set global variable</arg>
<arg>${output_path}</arg>
<arg>${node}[1]</arg>
</arguments>
<status status="PASS" starttime="20210107 12:37:51.632" endtime="20210107 12:37:51.632"></status>
</kw>
<status status="PASS" starttime="20210107 12:37:51.616" endtime="20210107 12:37:51.632"></status>
</kw>
<kw name="${node_line} = SPP_DIR= D:\spp" type="foritem">
<kw name="Split String" library="String">
<doc>Splits the ``string`` using ``separator`` as a delimiter string.</doc>
<arguments>
<arg>${node_line}</arg>
<arg>${SPACE}</arg>
</arguments>
<assign>
<var>${node}</var>
</assign>
<msg timestamp="20210107 12:37:51.632" level="INFO">${node} = ['SPP_DIR=', 'D:\\spp']</msg>
<status status="PASS" starttime="20210107 12:37:51.632" endtime="20210107 12:37:51.632"></status>
</kw>
<kw name="Run Keyword If" library="BuiltIn">
<doc>Runs the given keyword with the given arguments, if ``condition`` is true.</doc>
<arguments>
<arg>'${node}[0]'=='SPP_ISO='</arg>
<arg>set global variable</arg>
<arg>${spp_dir_name}</arg>
<arg>${node}[1]</arg>
</arguments>
<status status="PASS" starttime="20210107 12:37:51.632" endtime="20210107 12:37:51.632"></status>
</kw>
<kw name="Run Keyword If" library="BuiltIn">
<doc>Runs the given keyword with the given arguments, if ``condition`` is true.</doc>
<arguments>
<arg>'${node}[0]'=='CUSTOM_BASELINE_DIR='</arg>
<arg>set global variable</arg>
<arg>${custom_baseline_path}</arg>
<arg>${node}[1]</arg>
</arguments>
<status status="PASS" starttime="20210107 12:37:51.632" endtime="20210107 12:37:51.632"></status>
</kw>
<kw name="Run Keyword If" library="BuiltIn">
<doc>Runs the given keyword with the given arguments, if ``condition`` is true.</doc>
<arguments>
<arg>'${node}[0]'=='CD_DRIVE='</arg>
<arg>set global variable</arg>
<arg>${spp_drive_path}</arg>
<arg>${node}[1]</arg>
</arguments>
<status status="PASS" starttime="20210107 12:37:51.632" endtime="20210107 12:37:51.632"></status>
</kw>
<kw name="Run Keyword If" library="BuiltIn">
<doc>Runs the given keyword with the given arguments, if ``condition`` is true.</doc>
<arguments>
<arg>'${node}[0]'=='OUTPUT_PATH='</arg>
<arg>set global variable</arg>
<arg>${output_path}</arg>
<arg>${node}[1]</arg>
</arguments>
<status status="PASS" starttime="20210107 12:37:51.632" endtime="20210107 12:37:51.632"></status>
</kw>
<status status="PASS" starttime="20210107 12:37:51.632" endtime="20210107 12:37:51.632"></status>
</kw>
<kw name="${node_line} = SPP_ISO= SPPGen10PlusSnap4.2020_1210.82.iso" type="foritem">
<kw name="Split String" library="String">
<doc>Splits the ``string`` using ``separator`` as a delimiter string.</doc>
<arguments>
<arg>${node_line}</arg>
<arg>${SPACE}</arg>
</arguments>
<assign>
<var>${node}</var>
</assign>
<msg timestamp="20210107 12:37:51.632" level="INFO">${node} = ['SPP_ISO=', 'SPPGen10PlusSnap4.2020_1210.82.iso']</msg>
<status status="PASS" starttime="20210107 12:37:51.632" endtime="20210107 12:37:51.632"></status>
</kw>
<kw name="Run Keyword If" library="BuiltIn">
<doc>Runs the given keyword with the given arguments, if ``condition`` is true.</doc>
<arguments>
<arg>'${node}[0]'=='SPP_ISO='</arg>
<arg>set global variable</arg>
<arg>${spp_dir_name}</arg>
<arg>${node}[1]</arg>
</arguments>
<kw name="Set Global Variable" library="BuiltIn">
<doc>Makes a variable available globally in all tests and suites.</doc>
<arguments>
<arg>${spp_dir_name}</arg>
<arg>${node}[1]</arg>
</arguments>
<msg timestamp="20210107 12:37:51.632" level="INFO">${spp_dir_name} = SPPGen10PlusSnap4.2020_1210.82.iso</msg>
<status status="PASS" starttime="20210107 12:37:51.632" endtime="20210107 12:37:51.632"></status>
</kw>
<status status="PASS" starttime="20210107 12:37:51.632" endtime="20210107 12:37:51.632"></status>
</kw>
<kw name="Run Keyword If" library="BuiltIn">
<doc>Runs the given keyword with the given arguments, if ``condition`` is true.</doc>
<arguments>
<arg>'${node}[0]'=='CUSTOM_BASELINE_DIR='</arg>
<arg>set global variable</arg>
<arg>${custom_baseline_path}</arg>
<arg>${node}[1]</arg>
</arguments>
<status status="PASS" starttime="20210107 12:37:51.632" endtime="20210107 12:37:51.632"></status>
</kw>
<kw name="Run Keyword If" library="BuiltIn">
<doc>Runs the given keyword with the given arguments, if ``condition`` is true.</doc>
<arguments>
<arg>'${node}[0]'=='CD_DRIVE='</arg>
<arg>set global variable</arg>
<arg>${spp_drive_path}</arg>
<arg>${node}[1]</arg>
</arguments>
<status status="PASS" starttime="20210107 12:37:51.632" endtime="20210107 12:37:51.632"></status>
</kw>
<kw name="Run Keyword If" library="BuiltIn">
<doc>Runs the given keyword with the given arguments, if ``condition`` is true.</doc>
<arguments>
<arg>'${node}[0]'=='OUTPUT_PATH='</arg>
<arg>set global variable</arg>
<arg>${output_path}</arg>
<arg>${node}[1]</arg>
</arguments>
<status status="PASS" starttime="20210107 12:37:51.632" endtime="20210107 12:37:51.632"></status>
</kw>
<status status="PASS" starttime="20210107 12:37:51.632" endtime="20210107 12:37:51.632"></status>
</kw>
<kw name="${node_line} = CUSTOM_BASELINE_DIR= None" type="foritem">
<kw name="Split String" library="String">
<doc>Splits the ``string`` using ``separator`` as a delimiter string.</doc>
<arguments>
<arg>${node_line}</arg>
<arg>${SPACE}</arg>
</arguments>
<assign>
<var>${node}</var>
</assign>
<msg timestamp="20210107 12:37:51.632" level="INFO">${node} = ['CUSTOM_BASELINE_DIR=', 'None']</msg>
<status status="PASS" starttime="20210107 12:37:51.632" endtime="20210107 12:37:51.632"></status>
</kw>
<kw name="Run Keyword If" library="BuiltIn">
<doc>Runs the given keyword with the given arguments, if ``condition`` is true.</doc>
<arguments>
<arg>'${node}[0]'=='SPP_ISO='</arg>
<arg>set global variable</arg>
<arg>${spp_dir_name}</arg>
<arg>${node}[1]</arg>
</arguments>
<status status="PASS" starttime="20210107 12:37:51.632" endtime="20210107 12:37:51.632"></status>
</kw>
<kw name="Run Keyword If" library="BuiltIn">
<doc>Runs the given keyword with the given arguments, if ``condition`` is true.</doc>
<arguments>
<arg>'${node}[0]'=='CUSTOM_BASELINE_DIR='</arg>
<arg>set global variable</arg>
<arg>${custom_baseline_path}</arg>
<arg>${node}[1]</arg>
</arguments>
<kw name="Set Global Variable" library="BuiltIn">
<doc>Makes a variable available globally in all tests and suites.</doc>
<arguments>
<arg>${custom_baseline_path}</arg>
<arg>${node}[1]</arg>
</arguments>
<msg timestamp="20210107 12:37:51.632" level="INFO">${custom_baseline_path} = None</msg>
<status status="PASS" starttime="20210107 12:37:51.632" endtime="20210107 12:37:51.632"></status>
</kw>
<status status="PASS" starttime="20210107 12:37:51.632" endtime="20210107 12:37:51.632"></status>
</kw>
<kw name="Run Keyword If" library="BuiltIn">
<doc>Runs the given keyword with the given arguments, if ``condition`` is true.</doc>
<arguments>
<arg>'${node}[0]'=='CD_DRIVE='</arg>
<arg>set global variable</arg>
<arg>${spp_drive_path}</arg>
<arg>${node}[1]</arg>
</arguments>
<status status="PASS" starttime="20210107 12:37:51.632" endtime="20210107 12:37:51.632"></status>
</kw>
<kw name="Run Keyword If" library="BuiltIn">
<doc>Runs the given keyword with the given arguments, if ``condition`` is true.</doc>
<arguments>
<arg>'${node}[0]'=='OUTPUT_PATH='</arg>
<arg>set global variable</arg>
<arg>${output_path}</arg>
<arg>${node}[1]</arg>
</arguments>
<status status="PASS" starttime="20210107 12:37:51.632" endtime="20210107 12:37:51.632"></status>
</kw>
<status status="PASS" starttime="20210107 12:37:51.632" endtime="20210107 12:37:51.632"></status>
</kw>
<kw name="${node_line} = CD_DRIVE= E:" type="foritem">
<kw name="Split String" library="String">
<doc>Splits the ``string`` using ``separator`` as a delimiter string.</doc>
<arguments>
<arg>${node_line}</arg>
<arg>${SPACE}</arg>
</arguments>
<assign>
<var>${node}</var>
</assign>
<msg timestamp="20210107 12:37:51.647" level="INFO">${node} = ['CD_DRIVE=', 'E:']</msg>
<status status="PASS" starttime="20210107 12:37:51.632" endtime="20210107 12:37:51.647"></status>
</kw>
<kw name="Run Keyword If" library="BuiltIn">
<doc>Runs the given keyword with the given arguments, if ``condition`` is true.</doc>
<arguments>
<arg>'${node}[0]'=='SPP_ISO='</arg>
<arg>set global variable</arg>
<arg>${spp_dir_name}</arg>
<arg>${node}[1]</arg>
</arguments>
<status status="PASS" starttime="20210107 12:37:51.647" endtime="20210107 12:37:51.647"></status>
</kw>
<kw name="Run Keyword If" library="BuiltIn">
<doc>Runs the given keyword with the given arguments, if ``condition`` is true.</doc>
<arguments>
<arg>'${node}[0]'=='CUSTOM_BASELINE_DIR='</arg>
<arg>set global variable</arg>
<arg>${custom_baseline_path}</arg>
<arg>${node}[1]</arg>
</arguments>
<status status="PASS" starttime="20210107 12:37:51.647" endtime="20210107 12:37:51.647"></status>
</kw>
<kw name="Run Keyword If" library="BuiltIn">
<doc>Runs the given keyword with the given arguments, if ``condition`` is true.</doc>
<arguments>
<arg>'${node}[0]'=='CD_DRIVE='</arg>
<arg>set global variable</arg>
<arg>${spp_drive_path}</arg>
<arg>${node}[1]</arg>
</arguments>
<kw name="Set Global Variable" library="BuiltIn">
<doc>Makes a variable available globally in all tests and suites.</doc>
<arguments>
<arg>${spp_drive_path}</arg>
<arg>${node}[1]</arg>
</arguments>
<msg timestamp="20210107 12:37:51.647" level="INFO">${spp_drive_path} = E:</msg>
<status status="PASS" starttime="20210107 12:37:51.647" endtime="20210107 12:37:51.647"></status>
</kw>
<status status="PASS" starttime="20210107 12:37:51.647" endtime="20210107 12:37:51.647"></status>
</kw>
<kw name="Run Keyword If" library="BuiltIn">
<doc>Runs the given keyword with the given arguments, if ``condition`` is true.</doc>
<arguments>
<arg>'${node}[0]'=='OUTPUT_PATH='</arg>
<arg>set global variable</arg>
<arg>${output_path}</arg>
<arg>${node}[1]</arg>
</arguments>
<status status="PASS" starttime="20210107 12:37:51.647" endtime="20210107 12:37:51.647"></status>
</kw>
<status status="PASS" starttime="20210107 12:37:51.632" endtime="20210107 12:37:51.647"></status>
</kw>
<kw name="${node_line} = OUTPUT_PATH= D:" type="foritem">
<kw name="Split String" library="String">
<doc>Splits the ``string`` using ``separator`` as a delimiter string.</doc>
<arguments>
<arg>${node_line}</arg>
<arg>${SPACE}</arg>
</arguments>
<assign>
<var>${node}</var>
</assign>
<msg timestamp="20210107 12:37:51.647" level="INFO">${node} = ['OUTPUT_PATH=', 'D:']</msg>
<status status="PASS" starttime="20210107 12:37:51.647" endtime="20210107 12:37:51.647"></status>
</kw>
<kw name="Run Keyword If" library="BuiltIn">
<doc>Runs the given keyword with the given arguments, if ``condition`` is true.</doc>
<arguments>
<arg>'${node}[0]'=='SPP_ISO='</arg>
<arg>set global variable</arg>
<arg>${spp_dir_name}</arg>
<arg>${node}[1]</arg>
</arguments>
<status status="PASS" starttime="20210107 12:37:51.647" endtime="20210107 12:37:51.647"></status>
</kw>
<kw name="Run Keyword If" library="BuiltIn">
<doc>Runs the given keyword with the given arguments, if ``condition`` is true.</doc>
<arguments>
<arg>'${node}[0]'=='CUSTOM_BASELINE_DIR='</arg>
<arg>set global variable</arg>
<arg>${custom_baseline_path}</arg>
<arg>${node}[1]</arg>
</arguments>
<status status="PASS" starttime="20210107 12:37:51.647" endtime="20210107 12:37:51.647"></status>
</kw>
<kw name="Run Keyword If" library="BuiltIn">
<doc>Runs the given keyword with the given arguments, if ``condition`` is true.</doc>
<arguments>
<arg>'${node}[0]'=='CD_DRIVE='</arg>
<arg>set global variable</arg>
<arg>${spp_drive_path}</arg>
<arg>${node}[1]</arg>
</arguments>
<status status="PASS" starttime="20210107 12:37:51.647" endtime="20210107 12:37:51.647"></status>
</kw>
<kw name="Run Keyword If" library="BuiltIn">
<doc>Runs the given keyword with the given arguments, if ``condition`` is true.</doc>
<arguments>
<arg>'${node}[0]'=='OUTPUT_PATH='</arg>
<arg>set global variable</arg>
<arg>${output_path}</arg>
<arg>${node}[1]</arg>
</arguments>
<kw name="Set Global Variable" library="BuiltIn">
<doc>Makes a variable available globally in all tests and suites.</doc>
<arguments>
<arg>${output_path}</arg>
<arg>${node}[1]</arg>
</arguments>
<msg timestamp="20210107 12:37:51.647" level="INFO">${output_path} = D:</msg>
<status status="PASS" starttime="20210107 12:37:51.647" endtime="20210107 12:37:51.647"></status>
</kw>
<status status="PASS" starttime="20210107 12:37:51.647" endtime="20210107 12:37:51.647"></status>
</kw>
<status status="PASS" starttime="20210107 12:37:51.647" endtime="20210107 12:37:51.647"></status>
</kw>
<kw name="${node_line} = " type="foritem">
<kw name="Split String" library="String">
<doc>Splits the ``string`` using ``separator`` as a delimiter string.</doc>
<arguments>
<arg>${node_line}</arg>
<arg>${SPACE}</arg>
</arguments>
<assign>
<var>${node}</var>
</assign>
<msg timestamp="20210107 12:37:51.647" level="INFO">${node} = ['']</msg>
<status status="PASS" starttime="20210107 12:37:51.647" endtime="20210107 12:37:51.647"></status>
</kw>
<kw name="Run Keyword If" library="BuiltIn">
<doc>Runs the given keyword with the given arguments, if ``condition`` is true.</doc>
<arguments>
<arg>'${node}[0]'=='SPP_ISO='</arg>
<arg>set global variable</arg>
<arg>${spp_dir_name}</arg>
<arg>${node}[1]</arg>
</arguments>
<status status="PASS" starttime="20210107 12:37:51.647" endtime="20210107 12:37:51.647"></status>
</kw>
<kw name="Run Keyword If" library="BuiltIn">
<doc>Runs the given keyword with the given arguments, if ``condition`` is true.</doc>
<arguments>
<arg>'${node}[0]'=='CUSTOM_BASELINE_DIR='</arg>
<arg>set global variable</arg>
<arg>${custom_baseline_path}</arg>
<arg>${node}[1]</arg>
</arguments>
<status status="PASS" starttime="20210107 12:37:51.647" endtime="20210107 12:37:51.647"></status>
</kw>
<kw name="Run Keyword If" library="BuiltIn">
<doc>Runs the given keyword with the given arguments, if ``condition`` is true.</doc>
<arguments>
<arg>'${node}[0]'=='CD_DRIVE='</arg>
<arg>set global variable</arg>
<arg>${spp_drive_path}</arg>
<arg>${node}[1]</arg>
</arguments>
<status status="PASS" starttime="20210107 12:37:51.647" endtime="20210107 12:37:51.647"></status>
</kw>
<kw name="Run Keyword If" library="BuiltIn">
<doc>Runs the given keyword with the given arguments, if ``condition`` is true.</doc>
<arguments>
<arg>'${node}[0]'=='OUTPUT_PATH='</arg>
<arg>set global variable</arg>
<arg>${output_path}</arg>
<arg>${node}[1]</arg>
</arguments>
<status status="PASS" starttime="20210107 12:37:51.647" endtime="20210107 12:37:51.647"></status>
</kw>
<status status="PASS" starttime="20210107 12:37:51.647" endtime="20210107 12:37:51.647"></status>
</kw>
<kw name="${node_line} = #SERVER DETAILS" type="foritem">
<kw name="Split String" library="String">
<doc>Splits the ``string`` using ``separator`` as a delimiter string.</doc>
<arguments>
<arg>${node_line}</arg>
<arg>${SPACE}</arg>
</arguments>
<assign>
<var>${node}</var>
</assign>
<msg timestamp="20210107 12:37:51.647" level="INFO">${node} = ['#SERVER', 'DETAILS']</msg>
<status status="PASS" starttime="20210107 12:37:51.647" endtime="20210107 12:37:51.647"></status>
</kw>
<kw name="Run Keyword If" library="BuiltIn">
<doc>Runs the given keyword with the given arguments, if ``condition`` is true.</doc>
<arguments>
<arg>'${node}[0]'=='SPP_ISO='</arg>
<arg>set global variable</arg>
<arg>${spp_dir_name}</arg>
<arg>${node}[1]</arg>
</arguments>
<status status="PASS" starttime="20210107 12:37:51.647" endtime="20210107 12:37:51.647"></status>
</kw>
<kw name="Run Keyword If" library="BuiltIn">
<doc>Runs the given keyword with the given arguments, if ``condition`` is true.</doc>
<arguments>
<arg>'${node}[0]'=='CUSTOM_BASELINE_DIR='</arg>
<arg>set global variable</arg>
<arg>${custom_baseline_path}</arg>
<arg>${node}[1]</arg>
</arguments>
<status status="PASS" starttime="20210107 12:37:51.647" endtime="20210107 12:37:51.647"></status>
</kw>
<kw name="Run Keyword If" library="BuiltIn">
<doc>Runs the given keyword with the given arguments, if ``condition`` is true.</doc>
<arguments>
<arg>'${node}[0]'=='CD_DRIVE='</arg>
<arg>set global variable</arg>
<arg>${spp_drive_path}</arg>
<arg>${node}[1]</arg>
</arguments>
<status status="PASS" starttime="20210107 12:37:51.647" endtime="20210107 12:37:51.647"></status>
</kw>
<kw name="Run Keyword If" library="BuiltIn">
<doc>Runs the given keyword with the given arguments, if ``condition`` is true.</doc>
<arguments>
<arg>'${node}[0]'=='OUTPUT_PATH='</arg>
<arg>set global variable</arg>
<arg>${output_path}</arg>
<arg>${node}[1]</arg>
</arguments>
<status status="PASS" starttime="20210107 12:37:51.647" endtime="20210107 12:37:51.647"></status>
</kw>
<status status="PASS" starttime="20210107 12:37:51.647" endtime="20210107 12:37:51.647"></status>
</kw>
<kw name="${node_line} = #&lt;iLO/Network IP&gt; &lt;username&gt; &lt;password&gt; &lt;Linux/Windows/iLO-ESXi&gt; &lt;Firmware/Driver/Both/All/FW_All&gt;" type="foritem">
<kw name="Split String" library="String">
<doc>Splits the ``string`` using ``separator`` as a delimiter string.</doc>
<arguments>
<arg>${node_line}</arg>
<arg>${SPACE}</arg>
</arguments>
<assign>
<var>${node}</var>
</assign>
<msg timestamp="20210107 12:37:51.663" level="INFO">${node} = ['#&lt;iLO/Network', 'IP&gt;', '&lt;username&gt;', '&lt;password&gt;', '&lt;Linux/Windows/iLO-ESXi&gt;', '&lt;Firmware/Driver/Both/All/FW_All&gt;']</msg>
<status status="PASS" starttime="20210107 12:37:51.663" endtime="20210107 12:37:51.663"></status>
</kw>
<kw name="Run Keyword If" library="BuiltIn">
<doc>Runs the given keyword with the given arguments, if ``condition`` is true.</doc>
<arguments>
<arg>'${node}[0]'=='SPP_ISO='</arg>
<arg>set global variable</arg>
<arg>${spp_dir_name}</arg>
<arg>${node}[1]</arg>
</arguments>
<status status="PASS" starttime="20210107 12:37:51.663" endtime="20210107 12:37:51.663"></status>
</kw>
<kw name="Run Keyword If" library="BuiltIn">
<doc>Runs the given keyword with the given arguments, if ``condition`` is true.</doc>
<arguments>
<arg>'${node}[0]'=='CUSTOM_BASELINE_DIR='</arg>
<arg>set global variable</arg>
<arg>${custom_baseline_path}</arg>
<arg>${node}[1]</arg>
</arguments>
<status status="PASS" starttime="20210107 12:37:51.663" endtime="20210107 12:37:51.663"></status>
</kw>
<kw name="Run Keyword If" library="BuiltIn">
<doc>Runs the given keyword with the given arguments, if ``condition`` is true.</doc>
<arguments>
<arg>'${node}[0]'=='CD_DRIVE='</arg>
<arg>set global variable</arg>
<arg>${spp_drive_path}</arg>
<arg>${node}[1]</arg>
</arguments>
<status status="PASS" starttime="20210107 12:37:51.663" endtime="20210107 12:37:51.663"></status>
</kw>
<kw name="Run Keyword If" library="BuiltIn">
<doc>Runs the given keyword with the given arguments, if ``condition`` is true.</doc>
<arguments>
<arg>'${node}[0]'=='OUTPUT_PATH='</arg>
<arg>set global variable</arg>
<arg>${output_path}</arg>
<arg>${node}[1]</arg>
</arguments>
<status status="PASS" starttime="20210107 12:37:51.663" endtime="20210107 12:37:51.663"></status>
</kw>
<status status="PASS" starttime="20210107 12:37:51.647" endtime="20210107 12:37:51.663"></status>
</kw>
<kw name="${node_line} = #192.168.2.104 root Hptc_ib Linux Both" type="foritem">
<kw name="Split String" library="String">
<doc>Splits the ``string`` using ``separator`` as a delimiter string.</doc>
<arguments>
<arg>${node_line}</arg>
<arg>${SPACE}</arg>
</arguments>
<assign>
<var>${node}</var>
</assign>
<msg timestamp="20210107 12:37:51.663" level="INFO">${node} = ['#192.168.2.104', 'root', 'Hptc_ib', 'Linux', 'Both']</msg>
<status status="PASS" starttime="20210107 12:37:51.663" endtime="20210107 12:37:51.663"></status>
</kw>
<kw name="Run Keyword If" library="BuiltIn">
<doc>Runs the given keyword with the given arguments, if ``condition`` is true.</doc>
<arguments>
<arg>'${node}[0]'=='SPP_ISO='</arg>
<arg>set global variable</arg>
<arg>${spp_dir_name}</arg>
<arg>${node}[1]</arg>
</arguments>
<status status="PASS" starttime="20210107 12:37:51.663" endtime="20210107 12:37:51.663"></status>
</kw>
<kw name="Run Keyword If" library="BuiltIn">
<doc>Runs the given keyword with the given arguments, if ``condition`` is true.</doc>
<arguments>
<arg>'${node}[0]'=='CUSTOM_BASELINE_DIR='</arg>
<arg>set global variable</arg>
<arg>${custom_baseline_path}</arg>
<arg>${node}[1]</arg>
</arguments>
<status status="PASS" starttime="20210107 12:37:51.663" endtime="20210107 12:37:51.663"></status>
</kw>
<kw name="Run Keyword If" library="BuiltIn">
<doc>Runs the given keyword with the given arguments, if ``condition`` is true.</doc>
<arguments>
<arg>'${node}[0]'=='CD_DRIVE='</arg>
<arg>set global variable</arg>
<arg>${spp_drive_path}</arg>
<arg>${node}[1]</arg>
</arguments>
<status status="PASS" starttime="20210107 12:37:51.663" endtime="20210107 12:37:51.663"></status>
</kw>
<kw name="Run Keyword If" library="BuiltIn">
<doc>Runs the given keyword with the given arguments, if ``condition`` is true.</doc>
<arguments>
<arg>'${node}[0]'=='OUTPUT_PATH='</arg>
<arg>set global variable</arg>
<arg>${output_path}</arg>
<arg>${node}[1]</arg>
</arguments>
<status status="PASS" starttime="20210107 12:37:51.663" endtime="20210107 12:37:51.663"></status>
</kw>
<status status="PASS" starttime="20210107 12:37:51.663" endtime="20210107 12:37:51.663"></status>
</kw>
<kw name="${node_line} = #192.168.2.105 Administrator Hptc_ib Windows Firmware" type="foritem">
<kw name="Split String" library="String">
<doc>Splits the ``string`` using ``separator`` as a delimiter string.</doc>
<arguments>
<arg>${node_line}</arg>
<arg>${SPACE}</arg>
</arguments>
<assign>
<var>${node}</var>
</assign>
<msg timestamp="20210107 12:37:51.663" level="INFO">${node} = ['#192.168.2.105', 'Administrator', 'Hptc_ib', 'Windows', 'Firmware']</msg>
<status status="PASS" starttime="20210107 12:37:51.663" endtime="20210107 12:37:51.663"></status>
</kw>
<kw name="Run Keyword If" library="BuiltIn">
<doc>Runs the given keyword with the given arguments, if ``condition`` is true.</doc>
<arguments>
<arg>'${node}[0]'=='SPP_ISO='</arg>
<arg>set global variable</arg>
<arg>${spp_dir_name}</arg>
<arg>${node}[1]</arg>
</arguments>
<status status="PASS" starttime="20210107 12:37:51.663" endtime="20210107 12:37:51.663"></status>
</kw>
<kw name="Run Keyword If" library="BuiltIn">
<doc>Runs the given keyword with the given arguments, if ``condition`` is true.</doc>
<arguments>
<arg>'${node}[0]'=='CUSTOM_BASELINE_DIR='</arg>
<arg>set global variable</arg>
<arg>${custom_baseline_path}</arg>
<arg>${node}[1]</arg>
</arguments>
<status status="PASS" starttime="20210107 12:37:51.663" endtime="20210107 12:37:51.663"></status>
</kw>
<kw name="Run Keyword If" library="BuiltIn">
<doc>Runs the given keyword with the given arguments, if ``condition`` is true.</doc>
<arguments>
<arg>'${node}[0]'=='CD_DRIVE='</arg>
<arg>set global variable</arg>
<arg>${spp_drive_path}</arg>
<arg>${node}[1]</arg>
</arguments>
<status status="PASS" starttime="20210107 12:37:51.663" endtime="20210107 12:37:51.663"></status>
</kw>
<kw name="Run Keyword If" library="BuiltIn">
<doc>Runs the given keyword with the given arguments, if ``condition`` is true.</doc>
<arguments>
<arg>'${node}[0]'=='OUTPUT_PATH='</arg>
<arg>set global variable</arg>
<arg>${output_path}</arg>
<arg>${node}[1]</arg>
</arguments>
<status status="PASS" starttime="20210107 12:37:51.663" endtime="20210107 12:37:51.663"></status>
</kw>
<status status="PASS" starttime="20210107 12:37:51.663" endtime="20210107 12:37:51.663"></status>
</kw>
<kw name="${node_line} = #192.168.2.124 root Hptc_ib Linux Both" type="foritem">
<kw name="Split String" library="String">
<doc>Splits the ``string`` using ``separator`` as a delimiter string.</doc>
<arguments>
<arg>${node_line}</arg>
<arg>${SPACE}</arg>
</arguments>
<assign>
<var>${node}</var>
</assign>
<msg timestamp="20210107 12:37:51.663" level="INFO">${node} = ['#192.168.2.124', 'root', 'Hptc_ib', 'Linux', 'Both']</msg>
<status status="PASS" starttime="20210107 12:37:51.663" endtime="20210107 12:37:51.663"></status>
</kw>
<kw name="Run Keyword If" library="BuiltIn">
<doc>Runs the given keyword with the given arguments, if ``condition`` is true.</doc>
<arguments>
<arg>'${node}[0]'=='SPP_ISO='</arg>
<arg>set global variable</arg>
<arg>${spp_dir_name}</arg>
<arg>${node}[1]</arg>
</arguments>
<status status="PASS" starttime="20210107 12:37:51.663" endtime="20210107 12:37:51.663"></status>
</kw>
<kw name="Run Keyword If" library="BuiltIn">
<doc>Runs the given keyword with the given arguments, if ``condition`` is true.</doc>
<arguments>
<arg>'${node}[0]'=='CUSTOM_BASELINE_DIR='</arg>
<arg>set global variable</arg>
<arg>${custom_baseline_path}</arg>
<arg>${node}[1]</arg>
</arguments>
<status status="PASS" starttime="20210107 12:37:51.663" endtime="20210107 12:37:51.663"></status>
</kw>
<kw name="Run Keyword If" library="BuiltIn">
<doc>Runs the given keyword with the given arguments, if ``condition`` is true.</doc>
<arguments>
<arg>'${node}[0]'=='CD_DRIVE='</arg>
<arg>set global variable</arg>
<arg>${spp_drive_path}</arg>
<arg>${node}[1]</arg>
</arguments>
<status status="PASS" starttime="20210107 12:37:51.663" endtime="20210107 12:37:51.663"></status>
</kw>
<kw name="Run Keyword If" library="BuiltIn">
<doc>Runs the given keyword with the given arguments, if ``condition`` is true.</doc>
<arguments>
<arg>'${node}[0]'=='OUTPUT_PATH='</arg>
<arg>set global variable</arg>
<arg>${output_path}</arg>
<arg>${node}[1]</arg>
</arguments>
<status status="PASS" starttime="20210107 12:37:51.663" endtime="20210107 12:37:51.663"></status>
</kw>
<status status="PASS" starttime="20210107 12:37:51.663" endtime="20210107 12:37:51.663"></status>
</kw>
<kw name="${node_line} = #192.168.2.125 root Hptc_ib Linux Both" type="foritem">
<kw name="Split String" library="String">
<doc>Splits the ``string`` using ``separator`` as a delimiter string.</doc>
<arguments>
<arg>${node_line}</arg>
<arg>${SPACE}</arg>
</arguments>
<assign>
<var>${node}</var>
</assign>
<msg timestamp="20210107 12:37:51.663" level="INFO">${node} = ['#192.168.2.125', 'root', 'Hptc_ib', 'Linux', 'Both']</msg>
<status status="PASS" starttime="20210107 12:37:51.663" endtime="20210107 12:37:51.663"></status>
</kw>
<kw name="Run Keyword If" library="BuiltIn">
<doc>Runs the given keyword with the given arguments, if ``condition`` is true.</doc>
<arguments>
<arg>'${node}[0]'=='SPP_ISO='</arg>
<arg>set global variable</arg>
<arg>${spp_dir_name}</arg>
<arg>${node}[1]</arg>
</arguments>
<status status="PASS" starttime="20210107 12:37:51.663" endtime="20210107 12:37:51.663"></status>
</kw>
<kw name="Run Keyword If" library="BuiltIn">
<doc>Runs the given keyword with the given arguments, if ``condition`` is true.</doc>
<arguments>
<arg>'${node}[0]'=='CUSTOM_BASELINE_DIR='</arg>
<arg>set global variable</arg>
<arg>${custom_baseline_path}</arg>
<arg>${node}[1]</arg>
</arguments>
<status status="PASS" starttime="20210107 12:37:51.679" endtime="20210107 12:37:51.679"></status>
</kw>
<kw name="Run Keyword If" library="BuiltIn">
<doc>Runs the given keyword with the given arguments, if ``condition`` is true.</doc>
<arguments>
<arg>'${node}[0]'=='CD_DRIVE='</arg>
<arg>set global variable</arg>
<arg>${spp_drive_path}</arg>
<arg>${node}[1]</arg>
</arguments>
<status status="PASS" starttime="20210107 12:37:51.679" endtime="20210107 12:37:51.679"></status>
</kw>
<kw name="Run Keyword If" library="BuiltIn">
<doc>Runs the given keyword with the given arguments, if ``condition`` is true.</doc>
<arguments>
<arg>'${node}[0]'=='OUTPUT_PATH='</arg>
<arg>set global variable</arg>
<arg>${output_path}</arg>
<arg>${node}[1]</arg>
</arguments>
<status status="PASS" starttime="20210107 12:37:51.679" endtime="20210107 12:37:51.679"></status>
</kw>
<status status="PASS" starttime="20210107 12:37:51.663" endtime="20210107 12:37:51.679"></status>
</kw>
<kw name="${node_line} = #192.168.5.126 admin admin123 iLO-ESXi Firmware" type="foritem">
<kw name="Split String" library="String">
<doc>Splits the ``string`` using ``separator`` as a delimiter string.</doc>
<arguments>
<arg>${node_line}</arg>
<arg>${SPACE}</arg>
</arguments>
<assign>
<var>${node}</var>
</assign>
<msg timestamp="20210107 12:37:51.679" level="INFO">${node} = ['#192.168.5.126', 'admin', 'admin123', 'iLO-ESXi', 'Firmware']</msg>
<status status="PASS" starttime="20210107 12:37:51.679" endtime="20210107 12:37:51.679"></status>
</kw>
<kw name="Run Keyword If" library="BuiltIn">
<doc>Runs the given keyword with the given arguments, if ``condition`` is true.</doc>
<arguments>
<arg>'${node}[0]'=='SPP_ISO='</arg>
<arg>set global variable</arg>
<arg>${spp_dir_name}</arg>
<arg>${node}[1]</arg>
</arguments>
<status status="PASS" starttime="20210107 12:37:51.679" endtime="20210107 12:37:51.679"></status>
</kw>
<kw name="Run Keyword If" library="BuiltIn">
<doc>Runs the given keyword with the given arguments, if ``condition`` is true.</doc>
<arguments>
<arg>'${node}[0]'=='CUSTOM_BASELINE_DIR='</arg>
<arg>set global variable</arg>
<arg>${custom_baseline_path}</arg>
<arg>${node}[1]</arg>
</arguments>
<status status="PASS" starttime="20210107 12:37:51.679" endtime="20210107 12:37:51.679"></status>
</kw>
<kw name="Run Keyword If" library="BuiltIn">
<doc>Runs the given keyword with the given arguments, if ``condition`` is true.</doc>
<arguments>
<arg>'${node}[0]'=='CD_DRIVE='</arg>
<arg>set global variable</arg>
<arg>${spp_drive_path}</arg>
<arg>${node}[1]</arg>
</arguments>
<status status="PASS" starttime="20210107 12:37:51.679" endtime="20210107 12:37:51.679"></status>
</kw>
<kw name="Run Keyword If" library="BuiltIn">
<doc>Runs the given keyword with the given arguments, if ``condition`` is true.</doc>
<arguments>
<arg>'${node}[0]'=='OUTPUT_PATH='</arg>
<arg>set global variable</arg>
<arg>${output_path}</arg>
<arg>${node}[1]</arg>
</arguments>
<status status="PASS" starttime="20210107 12:37:51.679" endtime="20210107 12:37:51.679"></status>
</kw>
<status status="PASS" starttime="20210107 12:37:51.679" endtime="20210107 12:37:51.679"></status>
</kw>
<kw name="${node_line} = #192.168.5.127 admin admin123 iLO-ESXi Firmware" type="foritem">
<kw name="Split String" library="String">
<doc>Splits the ``string`` using ``separator`` as a delimiter string.</doc>
<arguments>
<arg>${node_line}</arg>
<arg>${SPACE}</arg>
</arguments>
<assign>
<var>${node}</var>
</assign>
<msg timestamp="20210107 12:37:51.679" level="INFO">${node} = ['#192.168.5.127', 'admin', 'admin123', 'iLO-ESXi', 'Firmware']</msg>
<status status="PASS" starttime="20210107 12:37:51.679" endtime="20210107 12:37:51.679"></status>
</kw>
<kw name="Run Keyword If" library="BuiltIn">
<doc>Runs the given keyword with the given arguments, if ``condition`` is true.</doc>
<arguments>
<arg>'${node}[0]'=='SPP_ISO='</arg>
<arg>set global variable</arg>
<arg>${spp_dir_name}</arg>
<arg>${node}[1]</arg>
</arguments>
<status status="PASS" starttime="20210107 12:37:51.679" endtime="20210107 12:37:51.679"></status>
</kw>
<kw name="Run Keyword If" library="BuiltIn">
<doc>Runs the given keyword with the given arguments, if ``condition`` is true.</doc>
<arguments>
<arg>'${node}[0]'=='CUSTOM_BASELINE_DIR='</arg>
<arg>set global variable</arg>
<arg>${custom_baseline_path}</arg>
<arg>${node}[1]</arg>
</arguments>
<status status="PASS" starttime="20210107 12:37:51.679" endtime="20210107 12:37:51.679"></status>
</kw>
<kw name="Run Keyword If" library="BuiltIn">
<doc>Runs the given keyword with the given arguments, if ``condition`` is true.</doc>
<arguments>
<arg>'${node}[0]'=='CD_DRIVE='</arg>
<arg>set global variable</arg>
<arg>${spp_drive_path}</arg>
<arg>${node}[1]</arg>
</arguments>
<status status="PASS" starttime="20210107 12:37:51.679" endtime="20210107 12:37:51.679"></status>
</kw>
<kw name="Run Keyword If" library="BuiltIn">
<doc>Runs the given keyword with the given arguments, if ``condition`` is true.</doc>
<arguments>
<arg>'${node}[0]'=='OUTPUT_PATH='</arg>
<arg>set global variable</arg>
<arg>${output_path}</arg>
<arg>${node}[1]</arg>
</arguments>
<status status="PASS" starttime="20210107 12:37:51.679" endtime="20210107 12:37:51.679"></status>
</kw>
<status status="PASS" starttime="20210107 12:37:51.679" endtime="20210107 12:37:51.679"></status>
</kw>
<kw name="${node_line} = #192.168.2.127 root Hptc_ib Linux Both" type="foritem">
<kw name="Split String" library="String">
<doc>Splits the ``string`` using ``separator`` as a delimiter string.</doc>
<arguments>
<arg>${node_line}</arg>
<arg>${SPACE}</arg>
</arguments>
<assign>
<var>${node}</var>
</assign>
<msg timestamp="20210107 12:37:51.679" level="INFO">${node} = ['#192.168.2.127', 'root', 'Hptc_ib', 'Linux', 'Both']</msg>
<status status="PASS" starttime="20210107 12:37:51.679" endtime="20210107 12:37:51.679"></status>
</kw>
<kw name="Run Keyword If" library="BuiltIn">
<doc>Runs the given keyword with the given arguments, if ``condition`` is true.</doc>
<arguments>
<arg>'${node}[0]'=='SPP_ISO='</arg>
<arg>set global variable</arg>
<arg>${spp_dir_name}</arg>
<arg>${node}[1]</arg>
</arguments>
<status status="PASS" starttime="20210107 12:37:51.679" endtime="20210107 12:37:51.679"></status>
</kw>
<kw name="Run Keyword If" library="BuiltIn">
<doc>Runs the given keyword with the given arguments, if ``condition`` is true.</doc>
<arguments>
<arg>'${node}[0]'=='CUSTOM_BASELINE_DIR='</arg>
<arg>set global variable</arg>
<arg>${custom_baseline_path}</arg>
<arg>${node}[1]</arg>
</arguments>
<status status="PASS" starttime="20210107 12:37:51.679" endtime="20210107 12:37:51.679"></status>
</kw>
<kw name="Run Keyword If" library="BuiltIn">
<doc>Runs the given keyword with the given arguments, if ``condition`` is true.</doc>
<arguments>
<arg>'${node}[0]'=='CD_DRIVE='</arg>
<arg>set global variable</arg>
<arg>${spp_drive_path}</arg>
<arg>${node}[1]</arg>
</arguments>
<status status="PASS" starttime="20210107 12:37:51.679" endtime="20210107 12:37:51.679"></status>
</kw>
<kw name="Run Keyword If" library="BuiltIn">
<doc>Runs the given keyword with the given arguments, if ``condition`` is true.</doc>
<arguments>
<arg>'${node}[0]'=='OUTPUT_PATH='</arg>
<arg>set global variable</arg>
<arg>${output_path}</arg>
<arg>${node}[1]</arg>
</arguments>
<status status="PASS" starttime="20210107 12:37:51.679" endtime="20210107 12:37:51.679"></status>
</kw>
<status status="PASS" starttime="20210107 12:37:51.679" endtime="20210107 12:37:51.679"></status>
</kw>
<kw name="${node_line} = #192.168.2.128 root Hptc_ib Linux Both" type="foritem">
<kw name="Split String" library="String">
<doc>Splits the ``string`` using ``separator`` as a delimiter string.</doc>
<arguments>
<arg>${node_line}</arg>
<arg>${SPACE}</arg>
</arguments>
<assign>
<var>${node}</var>
</assign>
<msg timestamp="20210107 12:37:51.679" level="INFO">${node} = ['#192.168.2.128', 'root', 'Hptc_ib', 'Linux', 'Both']</msg>
<status status="PASS" starttime="20210107 12:37:51.679" endtime="20210107 12:37:51.679"></status>
</kw>
<kw name="Run Keyword If" library="BuiltIn">
<doc>Runs the given keyword with the given arguments, if ``condition`` is true.</doc>
<arguments>
<arg>'${node}[0]'=='SPP_ISO='</arg>
<arg>set global variable</arg>
<arg>${spp_dir_name}</arg>
<arg>${node}[1]</arg>
</arguments>
<status status="PASS" starttime="20210107 12:37:51.679" endtime="20210107 12:37:51.679"></status>
</kw>
<kw name="Run Keyword If" library="BuiltIn">
<doc>Runs the given keyword with the given arguments, if ``condition`` is true.</doc>
<arguments>
<arg>'${node}[0]'=='CUSTOM_BASELINE_DIR='</arg>
<arg>set global variable</arg>
<arg>${custom_baseline_path}</arg>
<arg>${node}[1]</arg>
</arguments>
<status status="PASS" starttime="20210107 12:37:51.679" endtime="20210107 12:37:51.679"></status>
</kw>
<kw name="Run Keyword If" library="BuiltIn">
<doc>Runs the given keyword with the given arguments, if ``condition`` is true.</doc>
<arguments>
<arg>'${node}[0]'=='CD_DRIVE='</arg>
<arg>set global variable</arg>
<arg>${spp_drive_path}</arg>
<arg>${node}[1]</arg>
</arguments>
<status status="PASS" starttime="20210107 12:37:51.679" endtime="20210107 12:37:51.679"></status>
</kw>
<kw name="Run Keyword If" library="BuiltIn">
<doc>Runs the given keyword with the given arguments, if ``condition`` is true.</doc>
<arguments>
<arg>'${node}[0]'=='OUTPUT_PATH='</arg>
<arg>set global variable</arg>
<arg>${output_path}</arg>
<arg>${node}[1]</arg>
</arguments>
<status status="PASS" starttime="20210107 12:37:51.679" endtime="20210107 12:37:51.694"></status>
</kw>
<status status="PASS" starttime="20210107 12:37:51.679" endtime="20210107 12:37:51.694"></status>
</kw>
<kw name="${node_line} = #192.168.2.129 root Hptc_ib Linux Both" type="foritem">
<kw name="Split String" library="String">
<doc>Splits the ``string`` using ``separator`` as a delimiter string.</doc>
<arguments>
<arg>${node_line}</arg>
<arg>${SPACE}</arg>
</arguments>
<assign>
<var>${node}</var>
</assign>
<msg timestamp="20210107 12:37:51.694" level="INFO">${node} = ['#192.168.2.129', 'root', 'Hptc_ib', 'Linux', 'Both']</msg>
<status status="PASS" starttime="20210107 12:37:51.694" endtime="20210107 12:37:51.694"></status>
</kw>
<kw name="Run Keyword If" library="BuiltIn">
<doc>Runs the given keyword with the given arguments, if ``condition`` is true.</doc>
<arguments>
<arg>'${node}[0]'=='SPP_ISO='</arg>
<arg>set global variable</arg>
<arg>${spp_dir_name}</arg>
<arg>${node}[1]</arg>
</arguments>
<status status="PASS" starttime="20210107 12:37:51.694" endtime="20210107 12:37:51.694"></status>
</kw>
<kw name="Run Keyword If" library="BuiltIn">
<doc>Runs the given keyword with the given arguments, if ``condition`` is true.</doc>
<arguments>
<arg>'${node}[0]'=='CUSTOM_BASELINE_DIR='</arg>
<arg>set global variable</arg>
<arg>${custom_baseline_path}</arg>
<arg>${node}[1]</arg>
</arguments>
<status status="PASS" starttime="20210107 12:37:51.694" endtime="20210107 12:37:51.694"></status>
</kw>
<kw name="Run Keyword If" library="BuiltIn">
<doc>Runs the given keyword with the given arguments, if ``condition`` is true.</doc>
<arguments>
<arg>'${node}[0]'=='CD_DRIVE='</arg>
<arg>set global variable</arg>
<arg>${spp_drive_path}</arg>
<arg>${node}[1]</arg>
</arguments>
<status status="PASS" starttime="20210107 12:37:51.694" endtime="20210107 12:37:51.694"></status>
</kw>
<kw name="Run Keyword If" library="BuiltIn">
<doc>Runs the given keyword with the given arguments, if ``condition`` is true.</doc>
<arguments>
<arg>'${node}[0]'=='OUTPUT_PATH='</arg>
<arg>set global variable</arg>
<arg>${output_path}</arg>
<arg>${node}[1]</arg>
</arguments>
<status status="PASS" starttime="20210107 12:37:51.694" endtime="20210107 12:37:51.694"></status>
</kw>
<status status="PASS" starttime="20210107 12:37:51.694" endtime="20210107 12:37:51.694"></status>
</kw>
<kw name="${node_line} = #192.168.2.130 root Hptc_ib Linux Both" type="foritem">
<kw name="Split String" library="String">
<doc>Splits the ``string`` using ``separator`` as a delimiter string.</doc>
<arguments>
<arg>${node_line}</arg>
<arg>${SPACE}</arg>
</arguments>
<assign>
<var>${node}</var>
</assign>
<msg timestamp="20210107 12:37:51.694" level="INFO">${node} = ['#192.168.2.130', 'root', 'Hptc_ib', 'Linux', 'Both']</msg>
<status status="PASS" starttime="20210107 12:37:51.694" endtime="20210107 12:37:51.694"></status>
</kw>
<kw name="Run Keyword If" library="BuiltIn">
<doc>Runs the given keyword with the given arguments, if ``condition`` is true.</doc>
<arguments>
<arg>'${node}[0]'=='SPP_ISO='</arg>
<arg>set global variable</arg>
<arg>${spp_dir_name}</arg>
<arg>${node}[1]</arg>
</arguments>
<status status="PASS" starttime="20210107 12:37:51.694" endtime="20210107 12:37:51.694"></status>
</kw>
<kw name="Run Keyword If" library="BuiltIn">
<doc>Runs the given keyword with the given arguments, if ``condition`` is true.</doc>
<arguments>
<arg>'${node}[0]'=='CUSTOM_BASELINE_DIR='</arg>
<arg>set global variable</arg>
<arg>${custom_baseline_path}</arg>
<arg>${node}[1]</arg>
</arguments>
<status status="PASS" starttime="20210107 12:37:51.694" endtime="20210107 12:37:51.694"></status>
</kw>
<kw name="Run Keyword If" library="BuiltIn">
<doc>Runs the given keyword with the given arguments, if ``condition`` is true.</doc>
<arguments>
<arg>'${node}[0]'=='CD_DRIVE='</arg>
<arg>set global variable</arg>
<arg>${spp_drive_path}</arg>
<arg>${node}[1]</arg>
</arguments>
<status status="PASS" starttime="20210107 12:37:51.694" endtime="20210107 12:37:51.694"></status>
</kw>
<kw name="Run Keyword If" library="BuiltIn">
<doc>Runs the given keyword with the given arguments, if ``condition`` is true.</doc>
<arguments>
<arg>'${node}[0]'=='OUTPUT_PATH='</arg>
<arg>set global variable</arg>
<arg>${output_path}</arg>
<arg>${node}[1]</arg>
</arguments>
<status status="PASS" starttime="20210107 12:37:51.694" endtime="20210107 12:37:51.694"></status>
</kw>
<status status="PASS" starttime="20210107 12:37:51.694" endtime="20210107 12:37:51.694"></status>
</kw>
<kw name="${node_line} = #192.168.2.131 root Hptc_ib Linux Both" type="foritem">
<kw name="Split String" library="String">
<doc>Splits the ``string`` using ``separator`` as a delimiter string.</doc>
<arguments>
<arg>${node_line}</arg>
<arg>${SPACE}</arg>
</arguments>
<assign>
<var>${node}</var>
</assign>
<msg timestamp="20210107 12:37:51.694" level="INFO">${node} = ['#192.168.2.131', 'root', 'Hptc_ib', 'Linux', 'Both']</msg>
<status status="PASS" starttime="20210107 12:37:51.694" endtime="20210107 12:37:51.694"></status>
</kw>
<kw name="Run Keyword If" library="BuiltIn">
<doc>Runs the given keyword with the given arguments, if ``condition`` is true.</doc>
<arguments>
<arg>'${node}[0]'=='SPP_ISO='</arg>
<arg>set global variable</arg>
<arg>${spp_dir_name}</arg>
<arg>${node}[1]</arg>
</arguments>
<status status="PASS" starttime="20210107 12:37:51.694" endtime="20210107 12:37:51.694"></status>
</kw>
<kw name="Run Keyword If" library="BuiltIn">
<doc>Runs the given keyword with the given arguments, if ``condition`` is true.</doc>
<arguments>
<arg>'${node}[0]'=='CUSTOM_BASELINE_DIR='</arg>
<arg>set global variable</arg>
<arg>${custom_baseline_path}</arg>
<arg>${node}[1]</arg>
</arguments>
<status status="PASS" starttime="20210107 12:37:51.694" endtime="20210107 12:37:51.694"></status>
</kw>
<kw name="Run Keyword If" library="BuiltIn">
<doc>Runs the given keyword with the given arguments, if ``condition`` is true.</doc>
<arguments>
<arg>'${node}[0]'=='CD_DRIVE='</arg>
<arg>set global variable</arg>
<arg>${spp_drive_path}</arg>
<arg>${node}[1]</arg>
</arguments>
<status status="PASS" starttime="20210107 12:37:51.694" endtime="20210107 12:37:51.694"></status>
</kw>
<kw name="Run Keyword If" library="BuiltIn">
<doc>Runs the given keyword with the given arguments, if ``condition`` is true.</doc>
<arguments>
<arg>'${node}[0]'=='OUTPUT_PATH='</arg>
<arg>set global variable</arg>
<arg>${output_path}</arg>
<arg>${node}[1]</arg>
</arguments>
<status status="PASS" starttime="20210107 12:37:51.694" endtime="20210107 12:37:51.694"></status>
</kw>
<status status="PASS" starttime="20210107 12:37:51.694" endtime="20210107 12:37:51.694"></status>
</kw>
<kw name="${node_line} = #192.168.2.132 root Hptc_ib Linux Both" type="foritem">
<kw name="Split String" library="String">
<doc>Splits the ``string`` using ``separator`` as a delimiter string.</doc>
<arguments>
<arg>${node_line}</arg>
<arg>${SPACE}</arg>
</arguments>
<assign>
<var>${node}</var>
</assign>
<msg timestamp="20210107 12:37:51.694" level="INFO">${node} = ['#192.168.2.132', 'root', 'Hptc_ib', 'Linux', 'Both']</msg>
<status status="PASS" starttime="20210107 12:37:51.694" endtime="20210107 12:37:51.694"></status>
</kw>
<kw name="Run Keyword If" library="BuiltIn">
<doc>Runs the given keyword with the given arguments, if ``condition`` is true.</doc>
<arguments>
<arg>'${node}[0]'=='SPP_ISO='</arg>
<arg>set global variable</arg>
<arg>${spp_dir_name}</arg>
<arg>${node}[1]</arg>
</arguments>
<status status="PASS" starttime="20210107 12:37:51.694" endtime="20210107 12:37:51.694"></status>
</kw>
<kw name="Run Keyword If" library="BuiltIn">
<doc>Runs the given keyword with the given arguments, if ``condition`` is true.</doc>
<arguments>
<arg>'${node}[0]'=='CUSTOM_BASELINE_DIR='</arg>
<arg>set global variable</arg>
<arg>${custom_baseline_path}</arg>
<arg>${node}[1]</arg>
</arguments>
<status status="PASS" starttime="20210107 12:37:51.694" endtime="20210107 12:37:51.694"></status>
</kw>
<kw name="Run Keyword If" library="BuiltIn">
<doc>Runs the given keyword with the given arguments, if ``condition`` is true.</doc>
<arguments>
<arg>'${node}[0]'=='CD_DRIVE='</arg>
<arg>set global variable</arg>
<arg>${spp_drive_path}</arg>
<arg>${node}[1]</arg>
</arguments>
<status status="PASS" starttime="20210107 12:37:51.694" endtime="20210107 12:37:51.694"></status>
</kw>
<kw name="Run Keyword If" library="BuiltIn">
<doc>Runs the given keyword with the given arguments, if ``condition`` is true.</doc>
<arguments>
<arg>'${node}[0]'=='OUTPUT_PATH='</arg>
<arg>set global variable</arg>
<arg>${output_path}</arg>
<arg>${node}[1]</arg>
</arguments>
<status status="PASS" starttime="20210107 12:37:51.694" endtime="20210107 12:37:51.694"></status>
</kw>
<status status="PASS" starttime="20210107 12:37:51.694" endtime="20210107 12:37:51.694"></status>
</kw>
<kw name="${node_line} = #192.168.5.104 admin admin123 Linux Both" type="foritem">
<kw name="Split String" library="String">
<doc>Splits the ``string`` using ``separator`` as a delimiter string.</doc>
<arguments>
<arg>${node_line}</arg>
<arg>${SPACE}</arg>
</arguments>
<assign>
<var>${node}</var>
</assign>
<msg timestamp="20210107 12:37:51.694" level="INFO">${node} = ['#192.168.5.104', 'admin', 'admin123', 'Linux', 'Both']</msg>
<status status="PASS" starttime="20210107 12:37:51.694" endtime="20210107 12:37:51.694"></status>
</kw>
<kw name="Run Keyword If" library="BuiltIn">
<doc>Runs the given keyword with the given arguments, if ``condition`` is true.</doc>
<arguments>
<arg>'${node}[0]'=='SPP_ISO='</arg>
<arg>set global variable</arg>
<arg>${spp_dir_name}</arg>
<arg>${node}[1]</arg>
</arguments>
<status status="PASS" starttime="20210107 12:37:51.710" endtime="20210107 12:37:51.710"></status>
</kw>
<kw name="Run Keyword If" library="BuiltIn">
<doc>Runs the given keyword with the given arguments, if ``condition`` is true.</doc>
<arguments>
<arg>'${node}[0]'=='CUSTOM_BASELINE_DIR='</arg>
<arg>set global variable</arg>
<arg>${custom_baseline_path}</arg>
<arg>${node}[1]</arg>
</arguments>
<status status="PASS" starttime="20210107 12:37:51.710" endtime="20210107 12:37:51.710"></status>
</kw>
<kw name="Run Keyword If" library="BuiltIn">
<doc>Runs the given keyword with the given arguments, if ``condition`` is true.</doc>
<arguments>
<arg>'${node}[0]'=='CD_DRIVE='</arg>
<arg>set global variable</arg>
<arg>${spp_drive_path}</arg>
<arg>${node}[1]</arg>
</arguments>
<status status="PASS" starttime="20210107 12:37:51.710" endtime="20210107 12:37:51.710"></status>
</kw>
<kw name="Run Keyword If" library="BuiltIn">
<doc>Runs the given keyword with the given arguments, if ``condition`` is true.</doc>
<arguments>
<arg>'${node}[0]'=='OUTPUT_PATH='</arg>
<arg>set global variable</arg>
<arg>${output_path}</arg>
<arg>${node}[1]</arg>
</arguments>
<status status="PASS" starttime="20210107 12:37:51.710" endtime="20210107 12:37:51.710"></status>
</kw>
<status status="PASS" starttime="20210107 12:37:51.694" endtime="20210107 12:37:51.710"></status>
</kw>
<kw name="${node_line} = #192.168.5.105 admin admin123 Windows Firmware" type="foritem">
<kw name="Split String" library="String">
<doc>Splits the ``string`` using ``separator`` as a delimiter string.</doc>
<arguments>
<arg>${node_line}</arg>
<arg>${SPACE}</arg>
</arguments>
<assign>
<var>${node}</var>
</assign>
<msg timestamp="20210107 12:37:51.710" level="INFO">${node} = ['#192.168.5.105', 'admin', 'admin123', 'Windows', 'Firmware']</msg>
<status status="PASS" starttime="20210107 12:37:51.710" endtime="20210107 12:37:51.710"></status>
</kw>
<kw name="Run Keyword If" library="BuiltIn">
<doc>Runs the given keyword with the given arguments, if ``condition`` is true.</doc>
<arguments>
<arg>'${node}[0]'=='SPP_ISO='</arg>
<arg>set global variable</arg>
<arg>${spp_dir_name}</arg>
<arg>${node}[1]</arg>
</arguments>
<status status="PASS" starttime="20210107 12:37:51.710" endtime="20210107 12:37:51.710"></status>
</kw>
<kw name="Run Keyword If" library="BuiltIn">
<doc>Runs the given keyword with the given arguments, if ``condition`` is true.</doc>
<arguments>
<arg>'${node}[0]'=='CUSTOM_BASELINE_DIR='</arg>
<arg>set global variable</arg>
<arg>${custom_baseline_path}</arg>
<arg>${node}[1]</arg>
</arguments>
<status status="PASS" starttime="20210107 12:37:51.710" endtime="20210107 12:37:51.710"></status>
</kw>
<kw name="Run Keyword If" library="BuiltIn">
<doc>Runs the given keyword with the given arguments, if ``condition`` is true.</doc>
<arguments>
<arg>'${node}[0]'=='CD_DRIVE='</arg>
<arg>set global variable</arg>
<arg>${spp_drive_path}</arg>
<arg>${node}[1]</arg>
</arguments>
<status status="PASS" starttime="20210107 12:37:51.710" endtime="20210107 12:37:51.710"></status>
</kw>
<kw name="Run Keyword If" library="BuiltIn">
<doc>Runs the given keyword with the given arguments, if ``condition`` is true.</doc>
<arguments>
<arg>'${node}[0]'=='OUTPUT_PATH='</arg>
<arg>set global variable</arg>
<arg>${output_path}</arg>
<arg>${node}[1]</arg>
</arguments>
<status status="PASS" starttime="20210107 12:37:51.710" endtime="20210107 12:37:51.710"></status>
</kw>
<status status="PASS" starttime="20210107 12:37:51.710" endtime="20210107 12:37:51.710"></status>
</kw>
<kw name="${node_line} = #192.168.5.123 admin admin123 iLO-ESXi Firmware" type="foritem">
<kw name="Split String" library="String">
<doc>Splits the ``string`` using ``separator`` as a delimiter string.</doc>
<arguments>
<arg>${node_line}</arg>
<arg>${SPACE}</arg>
</arguments>
<assign>
<var>${node}</var>
</assign>
<msg timestamp="20210107 12:37:51.710" level="INFO">${node} = ['#192.168.5.123', 'admin', 'admin123', 'iLO-ESXi', 'Firmware']</msg>
<status status="PASS" starttime="20210107 12:37:51.710" endtime="20210107 12:37:51.710"></status>
</kw>
<kw name="Run Keyword If" library="BuiltIn">
<doc>Runs the given keyword with the given arguments, if ``condition`` is true.</doc>
<arguments>
<arg>'${node}[0]'=='SPP_ISO='</arg>
<arg>set global variable</arg>
<arg>${spp_dir_name}</arg>
<arg>${node}[1]</arg>
</arguments>
<status status="PASS" starttime="20210107 12:37:51.710" endtime="20210107 12:37:51.710"></status>
</kw>
<kw name="Run Keyword If" library="BuiltIn">
<doc>Runs the given keyword with the given arguments, if ``condition`` is true.</doc>
<arguments>
<arg>'${node}[0]'=='CUSTOM_BASELINE_DIR='</arg>
<arg>set global variable</arg>
<arg>${custom_baseline_path}</arg>
<arg>${node}[1]</arg>
</arguments>
<status status="PASS" starttime="20210107 12:37:51.710" endtime="20210107 12:37:51.710"></status>
</kw>
<kw name="Run Keyword If" library="BuiltIn">
<doc>Runs the given keyword with the given arguments, if ``condition`` is true.</doc>
<arguments>
<arg>'${node}[0]'=='CD_DRIVE='</arg>
<arg>set global variable</arg>
<arg>${spp_drive_path}</arg>
<arg>${node}[1]</arg>
</arguments>
<status status="PASS" starttime="20210107 12:37:51.710" endtime="20210107 12:37:51.710"></status>
</kw>
<kw name="Run Keyword If" library="BuiltIn">
<doc>Runs the given keyword with the given arguments, if ``condition`` is true.</doc>
<arguments>
<arg>'${node}[0]'=='OUTPUT_PATH='</arg>
<arg>set global variable</arg>
<arg>${output_path}</arg>
<arg>${node}[1]</arg>
</arguments>
<status status="PASS" starttime="20210107 12:37:51.710" endtime="20210107 12:37:51.710"></status>
</kw>
<status status="PASS" starttime="20210107 12:37:51.710" endtime="20210107 12:37:51.710"></status>
</kw>
<kw name="${node_line} = #192.168.5.133 admin admin123 iLO-ESXi Firmware" type="foritem">
<kw name="Split String" library="String">
<doc>Splits the ``string`` using ``separator`` as a delimiter string.</doc>
<arguments>
<arg>${node_line}</arg>
<arg>${SPACE}</arg>
</arguments>
<assign>
<var>${node}</var>
</assign>
<msg timestamp="20210107 12:37:51.710" level="INFO">${node} = ['#192.168.5.133', 'admin', 'admin123', 'iLO-ESXi', 'Firmware']</msg>
<status status="PASS" starttime="20210107 12:37:51.710" endtime="20210107 12:37:51.710"></status>
</kw>
<kw name="Run Keyword If" library="BuiltIn">
<doc>Runs the given keyword with the given arguments, if ``condition`` is true.</doc>
<arguments>
<arg>'${node}[0]'=='SPP_ISO='</arg>
<arg>set global variable</arg>
<arg>${spp_dir_name}</arg>
<arg>${node}[1]</arg>
</arguments>
<status status="PASS" starttime="20210107 12:37:51.710" endtime="20210107 12:37:51.710"></status>
</kw>
<kw name="Run Keyword If" library="BuiltIn">
<doc>Runs the given keyword with the given arguments, if ``condition`` is true.</doc>
<arguments>
<arg>'${node}[0]'=='CUSTOM_BASELINE_DIR='</arg>
<arg>set global variable</arg>
<arg>${custom_baseline_path}</arg>
<arg>${node}[1]</arg>
</arguments>
<status status="PASS" starttime="20210107 12:37:51.710" endtime="20210107 12:37:51.710"></status>
</kw>
<kw name="Run Keyword If" library="BuiltIn">
<doc>Runs the given keyword with the given arguments, if ``condition`` is true.</doc>
<arguments>
<arg>'${node}[0]'=='CD_DRIVE='</arg>
<arg>set global variable</arg>
<arg>${spp_drive_path}</arg>
<arg>${node}[1]</arg>
</arguments>
<status status="PASS" starttime="20210107 12:37:51.710" endtime="20210107 12:37:51.710"></status>
</kw>
<kw name="Run Keyword If" library="BuiltIn">
<doc>Runs the given keyword with the given arguments, if ``condition`` is true.</doc>
<arguments>
<arg>'${node}[0]'=='OUTPUT_PATH='</arg>
<arg>set global variable</arg>
<arg>${output_path}</arg>
<arg>${node}[1]</arg>
</arguments>
<status status="PASS" starttime="20210107 12:37:51.710" endtime="20210107 12:37:51.710"></status>
</kw>
<status status="PASS" starttime="20210107 12:37:51.710" endtime="20210107 12:37:51.710"></status>
</kw>
<kw name="${node_line} = 192.168.5.134 admin admin123 iLO-ESXi FW_All" type="foritem">
<kw name="Split String" library="String">
<doc>Splits the ``string`` using ``separator`` as a delimiter string.</doc>
<arguments>
<arg>${node_line}</arg>
<arg>${SPACE}</arg>
</arguments>
<assign>
<var>${node}</var>
</assign>
<msg timestamp="20210107 12:37:51.710" level="INFO">${node} = ['192.168.5.134', 'admin', 'admin123', 'iLO-ESXi', 'FW_All']</msg>
<status status="PASS" starttime="20210107 12:37:51.710" endtime="20210107 12:37:51.710"></status>
</kw>
<kw name="Run Keyword If" library="BuiltIn">
<doc>Runs the given keyword with the given arguments, if ``condition`` is true.</doc>
<arguments>
<arg>'${node}[0]'=='SPP_ISO='</arg>
<arg>set global variable</arg>
<arg>${spp_dir_name}</arg>
<arg>${node}[1]</arg>
</arguments>
<status status="PASS" starttime="20210107 12:37:51.710" endtime="20210107 12:37:51.710"></status>
</kw>
<kw name="Run Keyword If" library="BuiltIn">
<doc>Runs the given keyword with the given arguments, if ``condition`` is true.</doc>
<arguments>
<arg>'${node}[0]'=='CUSTOM_BASELINE_DIR='</arg>
<arg>set global variable</arg>
<arg>${custom_baseline_path}</arg>
<arg>${node}[1]</arg>
</arguments>
<status status="PASS" starttime="20210107 12:37:51.710" endtime="20210107 12:37:51.710"></status>
</kw>
<kw name="Run Keyword If" library="BuiltIn">
<doc>Runs the given keyword with the given arguments, if ``condition`` is true.</doc>
<arguments>
<arg>'${node}[0]'=='CD_DRIVE='</arg>
<arg>set global variable</arg>
<arg>${spp_drive_path}</arg>
<arg>${node}[1]</arg>
</arguments>
<status status="PASS" starttime="20210107 12:37:51.710" endtime="20210107 12:37:51.710"></status>
</kw>
<kw name="Run Keyword If" library="BuiltIn">
<doc>Runs the given keyword with the given arguments, if ``condition`` is true.</doc>
<arguments>
<arg>'${node}[0]'=='OUTPUT_PATH='</arg>
<arg>set global variable</arg>
<arg>${output_path}</arg>
<arg>${node}[1]</arg>
</arguments>
<status status="PASS" starttime="20210107 12:37:51.726" endtime="20210107 12:37:51.726"></status>
</kw>
<status status="PASS" starttime="20210107 12:37:51.710" endtime="20210107 12:37:51.726"></status>
</kw>
<kw name="${node_line} = #192.168.5.135 admin admin123 iLO-ESXi FW_All" type="foritem">
<kw name="Split String" library="String">
<doc>Splits the ``string`` using ``separator`` as a delimiter string.</doc>
<arguments>
<arg>${node_line}</arg>
<arg>${SPACE}</arg>
</arguments>
<assign>
<var>${node}</var>
</assign>
<msg timestamp="20210107 12:37:51.726" level="INFO">${node} = ['#192.168.5.135', 'admin', 'admin123', 'iLO-ESXi', 'FW_All']</msg>
<status status="PASS" starttime="20210107 12:37:51.726" endtime="20210107 12:37:51.726"></status>
</kw>
<kw name="Run Keyword If" library="BuiltIn">
<doc>Runs the given keyword with the given arguments, if ``condition`` is true.</doc>
<arguments>
<arg>'${node}[0]'=='SPP_ISO='</arg>
<arg>set global variable</arg>
<arg>${spp_dir_name}</arg>
<arg>${node}[1]</arg>
</arguments>
<status status="PASS" starttime="20210107 12:37:51.726" endtime="20210107 12:37:51.726"></status>
</kw>
<kw name="Run Keyword If" library="BuiltIn">
<doc>Runs the given keyword with the given arguments, if ``condition`` is true.</doc>
<arguments>
<arg>'${node}[0]'=='CUSTOM_BASELINE_DIR='</arg>
<arg>set global variable</arg>
<arg>${custom_baseline_path}</arg>
<arg>${node}[1]</arg>
</arguments>
<status status="PASS" starttime="20210107 12:37:51.726" endtime="20210107 12:37:51.726"></status>
</kw>
<kw name="Run Keyword If" library="BuiltIn">
<doc>Runs the given keyword with the given arguments, if ``condition`` is true.</doc>
<arguments>
<arg>'${node}[0]'=='CD_DRIVE='</arg>
<arg>set global variable</arg>
<arg>${spp_drive_path}</arg>
<arg>${node}[1]</arg>
</arguments>
<status status="PASS" starttime="20210107 12:37:51.726" endtime="20210107 12:37:51.726"></status>
</kw>
<kw name="Run Keyword If" library="BuiltIn">
<doc>Runs the given keyword with the given arguments, if ``condition`` is true.</doc>
<arguments>
<arg>'${node}[0]'=='OUTPUT_PATH='</arg>
<arg>set global variable</arg>
<arg>${output_path}</arg>
<arg>${node}[1]</arg>
</arguments>
<status status="PASS" starttime="20210107 12:37:51.726" endtime="20210107 12:37:51.726"></status>
</kw>
<status status="PASS" starttime="20210107 12:37:51.726" endtime="20210107 12:37:51.726"></status>
</kw>
<kw name="${node_line} = #192.168.5.136 admin admin123 iLO-ESXi FW_All" type="foritem">
<kw name="Split String" library="String">
<doc>Splits the ``string`` using ``separator`` as a delimiter string.</doc>
<arguments>
<arg>${node_line}</arg>
<arg>${SPACE}</arg>
</arguments>
<assign>
<var>${node}</var>
</assign>
<msg timestamp="20210107 12:37:51.726" level="INFO">${node} = ['#192.168.5.136', 'admin', 'admin123', 'iLO-ESXi', 'FW_All']</msg>
<status status="PASS" starttime="20210107 12:37:51.726" endtime="20210107 12:37:51.726"></status>
</kw>
<kw name="Run Keyword If" library="BuiltIn">
<doc>Runs the given keyword with the given arguments, if ``condition`` is true.</doc>
<arguments>
<arg>'${node}[0]'=='SPP_ISO='</arg>
<arg>set global variable</arg>
<arg>${spp_dir_name}</arg>
<arg>${node}[1]</arg>
</arguments>
<status status="PASS" starttime="20210107 12:37:51.726" endtime="20210107 12:37:51.726"></status>
</kw>
<kw name="Run Keyword If" library="BuiltIn">
<doc>Runs the given keyword with the given arguments, if ``condition`` is true.</doc>
<arguments>
<arg>'${node}[0]'=='CUSTOM_BASELINE_DIR='</arg>
<arg>set global variable</arg>
<arg>${custom_baseline_path}</arg>
<arg>${node}[1]</arg>
</arguments>
<status status="PASS" starttime="20210107 12:37:51.726" endtime="20210107 12:37:51.726"></status>
</kw>
<kw name="Run Keyword If" library="BuiltIn">
<doc>Runs the given keyword with the given arguments, if ``condition`` is true.</doc>
<arguments>
<arg>'${node}[0]'=='CD_DRIVE='</arg>
<arg>set global variable</arg>
<arg>${spp_drive_path}</arg>
<arg>${node}[1]</arg>
</arguments>
<status status="PASS" starttime="20210107 12:37:51.726" endtime="20210107 12:37:51.726"></status>
</kw>
<kw name="Run Keyword If" library="BuiltIn">
<doc>Runs the given keyword with the given arguments, if ``condition`` is true.</doc>
<arguments>
<arg>'${node}[0]'=='OUTPUT_PATH='</arg>
<arg>set global variable</arg>
<arg>${output_path}</arg>
<arg>${node}[1]</arg>
</arguments>
<status status="PASS" starttime="20210107 12:37:51.726" endtime="20210107 12:37:51.726"></status>
</kw>
<status status="PASS" starttime="20210107 12:37:51.726" endtime="20210107 12:37:51.726"></status>
</kw>
<kw name="${node_line} = #192.168.5.137 admin admin123 iLO-ESXi FW_All" type="foritem">
<kw name="Split String" library="String">
<doc>Splits the ``string`` using ``separator`` as a delimiter string.</doc>
<arguments>
<arg>${node_line}</arg>
<arg>${SPACE}</arg>
</arguments>
<assign>
<var>${node}</var>
</assign>
<msg timestamp="20210107 12:37:51.726" level="INFO">${node} = ['#192.168.5.137', 'admin', 'admin123', 'iLO-ESXi', 'FW_All']</msg>
<status status="PASS" starttime="20210107 12:37:51.726" endtime="20210107 12:37:51.726"></status>
</kw>
<kw name="Run Keyword If" library="BuiltIn">
<doc>Runs the given keyword with the given arguments, if ``condition`` is true.</doc>
<arguments>
<arg>'${node}[0]'=='SPP_ISO='</arg>
<arg>set global variable</arg>
<arg>${spp_dir_name}</arg>
<arg>${node}[1]</arg>
</arguments>
<status status="PASS" starttime="20210107 12:37:51.726" endtime="20210107 12:37:51.726"></status>
</kw>
<kw name="Run Keyword If" library="BuiltIn">
<doc>Runs the given keyword with the given arguments, if ``condition`` is true.</doc>
<arguments>
<arg>'${node}[0]'=='CUSTOM_BASELINE_DIR='</arg>
<arg>set global variable</arg>
<arg>${custom_baseline_path}</arg>
<arg>${node}[1]</arg>
</arguments>
<status status="PASS" starttime="20210107 12:37:51.726" endtime="20210107 12:37:51.726"></status>
</kw>
<kw name="Run Keyword If" library="BuiltIn">
<doc>Runs the given keyword with the given arguments, if ``condition`` is true.</doc>
<arguments>
<arg>'${node}[0]'=='CD_DRIVE='</arg>
<arg>set global variable</arg>
<arg>${spp_drive_path}</arg>
<arg>${node}[1]</arg>
</arguments>
<status status="PASS" starttime="20210107 12:37:51.726" endtime="20210107 12:37:51.726"></status>
</kw>
<kw name="Run Keyword If" library="BuiltIn">
<doc>Runs the given keyword with the given arguments, if ``condition`` is true.</doc>
<arguments>
<arg>'${node}[0]'=='OUTPUT_PATH='</arg>
<arg>set global variable</arg>
<arg>${output_path}</arg>
<arg>${node}[1]</arg>
</arguments>
<status status="PASS" starttime="20210107 12:37:51.726" endtime="20210107 12:37:51.726"></status>
</kw>
<status status="PASS" starttime="20210107 12:37:51.726" endtime="20210107 12:37:51.726"></status>
</kw>
<kw name="${node_line} = #192.168.5.138 admin admin123 iLO-ESXi FW_All" type="foritem">
<kw name="Split String" library="String">
<doc>Splits the ``string`` using ``separator`` as a delimiter string.</doc>
<arguments>
<arg>${node_line}</arg>
<arg>${SPACE}</arg>
</arguments>
<assign>
<var>${node}</var>
</assign>
<msg timestamp="20210107 12:37:51.726" level="INFO">${node} = ['#192.168.5.138', 'admin', 'admin123', 'iLO-ESXi', 'FW_All']</msg>
<status status="PASS" starttime="20210107 12:37:51.726" endtime="20210107 12:37:51.726"></status>
</kw>
<kw name="Run Keyword If" library="BuiltIn">
<doc>Runs the given keyword with the given arguments, if ``condition`` is true.</doc>
<arguments>
<arg>'${node}[0]'=='SPP_ISO='</arg>
<arg>set global variable</arg>
<arg>${spp_dir_name}</arg>
<arg>${node}[1]</arg>
</arguments>
<status status="PASS" starttime="20210107 12:37:51.726" endtime="20210107 12:37:51.726"></status>
</kw>
<kw name="Run Keyword If" library="BuiltIn">
<doc>Runs the given keyword with the given arguments, if ``condition`` is true.</doc>
<arguments>
<arg>'${node}[0]'=='CUSTOM_BASELINE_DIR='</arg>
<arg>set global variable</arg>
<arg>${custom_baseline_path}</arg>
<arg>${node}[1]</arg>
</arguments>
<status status="PASS" starttime="20210107 12:37:51.726" endtime="20210107 12:37:51.726"></status>
</kw>
<kw name="Run Keyword If" library="BuiltIn">
<doc>Runs the given keyword with the given arguments, if ``condition`` is true.</doc>
<arguments>
<arg>'${node}[0]'=='CD_DRIVE='</arg>
<arg>set global variable</arg>
<arg>${spp_drive_path}</arg>
<arg>${node}[1]</arg>
</arguments>
<status status="PASS" starttime="20210107 12:37:51.726" endtime="20210107 12:37:51.726"></status>
</kw>
<kw name="Run Keyword If" library="BuiltIn">
<doc>Runs the given keyword with the given arguments, if ``condition`` is true.</doc>
<arguments>
<arg>'${node}[0]'=='OUTPUT_PATH='</arg>
<arg>set global variable</arg>
<arg>${output_path}</arg>
<arg>${node}[1]</arg>
</arguments>
<status status="PASS" starttime="20210107 12:37:51.726" endtime="20210107 12:37:51.726"></status>
</kw>
<status status="PASS" starttime="20210107 12:37:51.726" endtime="20210107 12:37:51.726"></status>
</kw>
<kw name="${node_line} = #192.168.5.139 admin admin123 iLO-ESXi FW_All" type="foritem">
<kw name="Split String" library="String">
<doc>Splits the ``string`` using ``separator`` as a delimiter string.</doc>
<arguments>
<arg>${node_line}</arg>
<arg>${SPACE}</arg>
</arguments>
<assign>
<var>${node}</var>
</assign>
<msg timestamp="20210107 12:37:51.741" level="INFO">${node} = ['#192.168.5.139', 'admin', 'admin123', 'iLO-ESXi', 'FW_All']</msg>
<status status="PASS" starttime="20210107 12:37:51.726" endtime="20210107 12:37:51.741"></status>
</kw>
<kw name="Run Keyword If" library="BuiltIn">
<doc>Runs the given keyword with the given arguments, if ``condition`` is true.</doc>
<arguments>
<arg>'${node}[0]'=='SPP_ISO='</arg>
<arg>set global variable</arg>
<arg>${spp_dir_name}</arg>
<arg>${node}[1]</arg>
</arguments>
<status status="PASS" starttime="20210107 12:37:51.741" endtime="20210107 12:37:51.741"></status>
</kw>
<kw name="Run Keyword If" library="BuiltIn">
<doc>Runs the given keyword with the given arguments, if ``condition`` is true.</doc>
<arguments>
<arg>'${node}[0]'=='CUSTOM_BASELINE_DIR='</arg>
<arg>set global variable</arg>
<arg>${custom_baseline_path}</arg>
<arg>${node}[1]</arg>
</arguments>
<status status="PASS" starttime="20210107 12:37:51.741" endtime="20210107 12:37:51.741"></status>
</kw>
<kw name="Run Keyword If" library="BuiltIn">
<doc>Runs the given keyword with the given arguments, if ``condition`` is true.</doc>
<arguments>
<arg>'${node}[0]'=='CD_DRIVE='</arg>
<arg>set global variable</arg>
<arg>${spp_drive_path}</arg>
<arg>${node}[1]</arg>
</arguments>
<status status="PASS" starttime="20210107 12:37:51.741" endtime="20210107 12:37:51.741"></status>
</kw>
<kw name="Run Keyword If" library="BuiltIn">
<doc>Runs the given keyword with the given arguments, if ``condition`` is true.</doc>
<arguments>
<arg>'${node}[0]'=='OUTPUT_PATH='</arg>
<arg>set global variable</arg>
<arg>${output_path}</arg>
<arg>${node}[1]</arg>
</arguments>
<status status="PASS" starttime="20210107 12:37:51.741" endtime="20210107 12:37:51.741"></status>
</kw>
<status status="PASS" starttime="20210107 12:37:51.726" endtime="20210107 12:37:51.741"></status>
</kw>
<kw name="${node_line} = #192.168.5.140 admin admin123 iLO-ESXi FW_All" type="foritem">
<kw name="Split String" library="String">
<doc>Splits the ``string`` using ``separator`` as a delimiter string.</doc>
<arguments>
<arg>${node_line}</arg>
<arg>${SPACE}</arg>
</arguments>
<assign>
<var>${node}</var>
</assign>
<msg timestamp="20210107 12:37:51.741" level="INFO">${node} = ['#192.168.5.140', 'admin', 'admin123', 'iLO-ESXi', 'FW_All']</msg>
<status status="PASS" starttime="20210107 12:37:51.741" endtime="20210107 12:37:51.741"></status>
</kw>
<kw name="Run Keyword If" library="BuiltIn">
<doc>Runs the given keyword with the given arguments, if ``condition`` is true.</doc>
<arguments>
<arg>'${node}[0]'=='SPP_ISO='</arg>
<arg>set global variable</arg>
<arg>${spp_dir_name}</arg>
<arg>${node}[1]</arg>
</arguments>
<status status="PASS" starttime="20210107 12:37:51.741" endtime="20210107 12:37:51.741"></status>
</kw>
<kw name="Run Keyword If" library="BuiltIn">
<doc>Runs the given keyword with the given arguments, if ``condition`` is true.</doc>
<arguments>
<arg>'${node}[0]'=='CUSTOM_BASELINE_DIR='</arg>
<arg>set global variable</arg>
<arg>${custom_baseline_path}</arg>
<arg>${node}[1]</arg>
</arguments>
<status status="PASS" starttime="20210107 12:37:51.741" endtime="20210107 12:37:51.741"></status>
</kw>
<kw name="Run Keyword If" library="BuiltIn">
[...]
<doc>Splits the ``string`` using ``separator`` as a delimiter string.</doc>
<arguments>
<arg>${val}</arg>
</arguments>
<assign>
<var>@{pos}</var>
</assign>
<msg timestamp="20210107 12:55:28.873" level="INFO">@{pos} = [ 8 ]</msg>
<status status="PASS" starttime="20210107 12:55:28.873" endtime="20210107 12:55:28.873"></status>
</kw>
<kw name="Convert To Integer" library="BuiltIn">
<doc>Converts the given item to an integer number.</doc>
<arguments>
<arg>@{pos}[0]</arg>
</arguments>
<assign>
<var>${inc}</var>
</assign>
<msg timestamp="20210107 12:55:28.873" level="INFO">${inc} = 8</msg>
<status status="PASS" starttime="20210107 12:55:28.873" endtime="20210107 12:55:28.873"></status>
</kw>
<kw name="Click Element" library="Selenium2Library">
<doc>Click the element identified by ``locator``.</doc>
<arguments>
<arg>xpath:/html[1]/body[1]/div[2]/div[4]/div[1]/div[1]/section[1]/form[1]/ol[1]/li[5]/div[1]/ol[1]/li[2]/ol[1]/li[1]/div[1]/ol[1]/div[1]/ol[1]/li[2]/div[1]/div[6]/div[3]/table[1]/tbody[1]/tr[${inc}]/td[1]</arg>
</arguments>
<msg timestamp="20210107 12:55:28.873" level="INFO">Clicking element 'xpath:/html[1]/body[1]/div[2]/div[4]/div[1]/div[1]/section[1]/form[1]/ol[1]/li[5]/div[1]/ol[1]/li[2]/ol[1]/li[1]/div[1]/ol[1]/div[1]/ol[1]/li[2]/div[1]/div[6]/div[3]/table[1]/tbody[1]/tr[8]/td[1]'.</msg>
<status status="PASS" starttime="20210107 12:55:28.873" endtime="20210107 12:55:29.137"></status>
</kw>
<kw name="Sleep" library="BuiltIn">
<doc>Pauses the test executed for the given time.</doc>
<arguments>
<arg>20</arg>
</arguments>
<msg timestamp="20210107 12:55:49.155" level="INFO">Slept 20 seconds</msg>
<status status="PASS" starttime="20210107 12:55:29.138" endtime="20210107 12:55:49.155"></status>
</kw>
<status status="PASS" starttime="20210107 12:55:28.873" endtime="20210107 12:55:49.155"></status>
</kw>
<status status="PASS" starttime="20210107 12:53:27.275" endtime="20210107 12:55:49.155"></status>
</kw>
<status status="PASS" starttime="20210107 12:52:07.073" endtime="20210107 12:55:49.155"></status>
</kw>
<status status="PASS" starttime="20210107 12:52:07.073" endtime="20210107 12:55:49.155"></status>
</kw>
<kw name="Run Keyword If" library="BuiltIn">
<doc>Runs the given keyword with the given arguments, if ``condition`` is true.</doc>
<arguments>
<arg>'${node}[4]'=='All'</arg>
<arg>click element</arg>
<arg>xpath://input[@id='hpsum-selectall-comp']</arg>
</arguments>
<status status="PASS" starttime="20210107 12:55:49.155" endtime="20210107 12:55:49.155"></status>
</kw>
<kw name="Get Text" library="Selenium2Library">
<doc>Returns the text value of the element identified by ``locator``.</doc>
<arguments>
<arg>xpath:/html[1]/body[1]/div[2]/div[4]/div[1]/div[1]/section[1]/form[1]/ol[1]/li[5]/div[1]/ol[1]/li[2]/ol[1]/li[1]/div[1]/ol[1]/div[1]/ol[1]/li[2]/div[1]/div[5]/b[1]/label[1]</arg>
</arguments>
<assign>
<var>${selected}</var>
</assign>
<msg timestamp="20210107 12:55:49.171" level="INFO">${selected} = 6</msg>
<status status="PASS" starttime="20210107 12:55:49.155" endtime="20210107 12:55:49.171"></status>
</kw>
<kw name="Convert To Integer" library="BuiltIn">
<doc>Converts the given item to an integer number.</doc>
<arguments>
<arg>${selected}</arg>
</arguments>
<assign>
<var>${selected}</var>
</assign>
<msg timestamp="20210107 12:55:49.171" level="INFO">${selected} = 6</msg>
<status status="PASS" starttime="20210107 12:55:49.171" endtime="20210107 12:55:49.171"></status>
</kw>
<kw name="Log To Console" library="BuiltIn">
<doc>Logs the given message to the console.</doc>
<arguments>
<arg>Total selected components : ${selected}</arg>
</arguments>
<status status="PASS" starttime="20210107 12:55:49.171" endtime="20210107 12:55:49.171"></status>
</kw>
<kw name="Run Keyword And Ignore Error" library="BuiltIn">
<doc>Runs the given keyword with the given arguments and ignores possible error.</doc>
<arguments>
<arg>Append to file</arg>
<arg>Text_files\\result.txt</arg>
<arg>${selected} \n</arg>
</arguments>
<kw name="Append To File" library="OperatingSystem">
<doc>Appends the given content to the specified file.</doc>
<arguments>
<arg>Text_files\\result.txt</arg>
<arg>${selected} \n</arg>
</arguments>
<msg timestamp="20210107 12:55:49.171" level="INFO" html="yes">Appended to file '&lt;a href="file://C:\Users\Administrator\Documents\Robot\Version 3\Text_files\result.txt"&gt;C:\Users\Administrator\Documents\Robot\Version 3\Text_files\result.txt&lt;/a&gt;'.</msg>
<status status="PASS" starttime="20210107 12:55:49.171" endtime="20210107 12:55:49.171"></status>
</kw>
<status status="PASS" starttime="20210107 12:55:49.171" endtime="20210107 12:55:49.171"></status>
</kw>
<kw name="Run Keyword If" library="BuiltIn">
<doc>Runs the given keyword with the given arguments, if ``condition`` is true.</doc>
<arguments>
<arg>${selected}==0</arg>
<arg>FAIL</arg>
</arguments>
<status status="PASS" starttime="20210107 12:55:49.171" endtime="20210107 12:55:49.171"></status>
</kw>
<kw name="Sleep" library="BuiltIn">
<doc>Pauses the test executed for the given time.</doc>
<arguments>
<arg>1 min</arg>
</arguments>
<msg timestamp="20210107 12:56:49.173" level="INFO">Slept 1 minute</msg>
<status status="PASS" starttime="20210107 12:55:49.171" endtime="20210107 12:56:49.173"></status>
</kw>
<kw name="Click Element" library="Selenium2Library">
<doc>Click the element identified by ``locator``.</doc>
<arguments>
<arg>xpath://input[@id='hpsum-node-deploy-ok']</arg>
</arguments>
<msg timestamp="20210107 12:56:49.173" level="INFO">Clicking element 'xpath://input[@id='hpsum-node-deploy-ok']'.</msg>
<status status="PASS" starttime="20210107 12:56:49.173" endtime="20210107 12:56:49.422"></status>
</kw>
<status status="PASS" starttime="20210107 12:51:11.922" endtime="20210107 12:56:49.423"></status>
</kw>
<msg timestamp="20210107 12:56:49.423" level="INFO">${deployment_condition} = PASS</msg>
<msg timestamp="20210107 12:56:49.423" level="INFO">${selected} = 6</msg>
<status status="PASS" starttime="20210107 12:51:11.921" endtime="20210107 12:56:49.423"></status>
</kw>
<kw name="Run Keyword If" library="BuiltIn">
<doc>Runs the given keyword with the given arguments, if ``condition`` is true.</doc>
<arguments>
<arg>'${deployment_condition}'=='FAIL'</arg>
<arg>Test Main Error</arg>
<arg>Deployment_Failed</arg>
<arg>${node}</arg>
</arguments>
<status status="PASS" starttime="20210107 12:56:49.424" endtime="20210107 12:56:49.424"></status>
</kw>
<kw name="Run Keyword If" library="BuiltIn">
<doc>Runs the given keyword with the given arguments, if ``condition`` is true.</doc>
<arguments>
<arg>'${deployment_condition}'=='FAIL'</arg>
<arg>capture page screenshot</arg>
</arguments>
<status status="PASS" starttime="20210107 12:56:49.424" endtime="20210107 12:56:49.425"></status>
</kw>
<kw name="Continue For Loop If" library="BuiltIn">
<doc>Skips the current for loop iteration if the ``condition`` is true.</doc>
<arguments>
<arg>'${deployment_condition}'=='FAIL'</arg>
</arguments>
<status status="PASS" starttime="20210107 12:56:49.425" endtime="20210107 12:56:49.426"></status>
</kw>
<kw name="Log To Console" library="BuiltIn">
<doc>Logs the given message to the console.</doc>
<arguments>
<arg>Node ${node_line} ${selected} components deployment successful.</arg>
</arguments>
<status status="PASS" starttime="20210107 12:56:49.426" endtime="20210107 12:56:49.426"></status>
</kw>
<kw name="Run Keyword And Ignore Error" library="BuiltIn">
<doc>Runs the given keyword with the given arguments and ignores possible error.</doc>
<arguments>
<arg>Test Log</arg>
<arg>${selected}</arg>
</arguments>
<assign>
<var>${log_condition}</var>
<var>${ip_name}</var>
</assign>
<kw name="Test Log">
<arguments>
<arg>${selected}</arg>
</arguments>
<kw name="Get Text" library="Selenium2Library">
<doc>Returns the text value of the element identified by ``locator``.</doc>
<arguments>
<arg>xpath:/html[1]/body[1]/div[2]/div[3]/div[1]/div[2]/div[1]/div[1]/div[1]/div[2]/table[1]/tbody[1]/tr[1]/td[2]</arg>
</arguments>
<assign>
<var>${ip_name}</var>
</assign>
<msg timestamp="20210107 12:56:49.458" level="INFO">${ip_name} = 192.168.5.134</msg>
<status status="PASS" starttime="20210107 12:56:49.426" endtime="20210107 12:56:49.458"></status>
</kw>
<kw name="Create File" library="OperatingSystem">
<doc>Creates a file with the given content and encoding.</doc>
<arguments>
<arg>${output_path}\\${spp_dir_name}\\${day}\\output_logs\\${ip_name}\\result.txt</arg>
</arguments>
<msg timestamp="20210107 12:56:49.458" level="INFO" html="yes">Created file '&lt;a href="file://D:\SPPGen10PlusSnap4.2020_1210.82.iso\07_01_2021_12_37_51_\output_logs\192.168.5.134\result.txt"&gt;D:\SPPGen10PlusSnap4.2020_1210.82.iso\07_01_2021_12_37_51_\output_logs\192.168.5.134\result.txt&lt;/a&gt;'.</msg>
<status status="PASS" starttime="20210107 12:56:49.458" endtime="20210107 12:56:49.458"></status>
</kw>
<kw name="Create File" library="OperatingSystem">
<doc>Creates a file with the given content and encoding.</doc>
<arguments>
<arg>${output_path}\\${spp_dir_name}\\${day}\\output_logs\\${ip_name}\\error.txt</arg>
</arguments>
<msg timestamp="20210107 12:56:49.458" level="INFO" html="yes">Created file '&lt;a href="file://D:\SPPGen10PlusSnap4.2020_1210.82.iso\07_01_2021_12_37_51_\output_logs\192.168.5.134\error.txt"&gt;D:\SPPGen10PlusSnap4.2020_1210.82.iso\07_01_2021_12_37_51_\output_logs\192.168.5.134\error.txt&lt;/a&gt;'.</msg>
<status status="PASS" starttime="20210107 12:56:49.458" endtime="20210107 12:56:49.458"></status>
</kw>
<kw name="Run Keyword And Ignore Error" library="BuiltIn">
<doc>Runs the given keyword with the given arguments and ignores possible error.</doc>
<arguments>
<arg>wait until page contains</arg>
<arg>Install done</arg>
<arg>timeout=75 min</arg>
</arguments>
<assign>
<var>${installation_status}</var>
</assign>
<kw name="Wait Until Page Contains" library="Selenium2Library">
<doc>Waits until ``text`` appears on the current page.</doc>
<arguments>
<arg>Install done</arg>
<arg>timeout=75 min</arg>
</arguments>
<msg timestamp="20210107 14:11:57.424" level="FAIL">Text 'Install done' did not appear in 1 hour 15 minutes.</msg>
<status status="FAIL" starttime="20210107 12:56:49.458" endtime="20210107 14:11:57.424"></status>
</kw>
<msg timestamp="20210107 14:11:57.425" level="INFO">${installation_status} = ('FAIL', "Text 'Install done' did not appear in 1 hour 15 minutes.")</msg>
<status status="PASS" starttime="20210107 12:56:49.458" endtime="20210107 14:11:57.425"></status>
</kw>
<kw name="Run Keyword If" library="BuiltIn">
<doc>Runs the given keyword with the given arguments, if ``condition`` is true.</doc>
<arguments>
<arg>'${installation_status}[0]'=='FAIL'</arg>
<arg>run keyword and return status</arg>
<arg>element should contain</arg>
<arg>xpath://header[@class='hp-notification-summary']</arg>
<arg>Deploy completed with errors.</arg>
</arguments>
<assign>
<var>${error_check}</var>
</assign>
<kw name="Run Keyword And Return Status" library="BuiltIn">
<doc>Runs the given keyword with given arguments and returns the status as a Boolean value.</doc>
<arguments>
<arg>element should contain</arg>
<arg>xpath://header[@class='hp-notification-summary']</arg>
<arg>Deploy completed with errors.</arg>
</arguments>
<kw name="Element Should Contain" library="Selenium2Library">
<doc>Verifies that element ``locator`` contains text ``expected``.</doc>
<arguments>
<arg>xpath://header[@class='hp-notification-summary']</arg>
<arg>Deploy completed with errors.</arg>
</arguments>
<msg timestamp="20210107 14:11:57.461" level="INFO">Element 'xpath://header[@class='hp-notification-summary']' contains text 'Deploy completed with errors.'.</msg>
<status status="PASS" starttime="20210107 14:11:57.426" endtime="20210107 14:11:57.461"></status>
</kw>
<status status="PASS" starttime="20210107 14:11:57.426" endtime="20210107 14:11:57.461"></status>
</kw>
<msg timestamp="20210107 14:11:57.461" level="INFO">${error_check} = True</msg>
<status status="PASS" starttime="20210107 14:11:57.425" endtime="20210107 14:11:57.461"></status>
</kw>
<kw name="Run Keyword If" library="BuiltIn">
<doc>Runs the given keyword with the given arguments, if ``condition`` is true.</doc>
<arguments>
<arg>${error_check}==True</arg>
<arg>Test Error</arg>
<arg>${ip_name}</arg>
</arguments>
<kw name="Test Error">
<arguments>
<arg>${ip_name}</arg>
</arguments>
<kw name="Get Text" library="Selenium2Library">
<doc>Returns the text value of the element identified by ``locator``.</doc>
<arguments>
<arg>xpath://header[@class='hp-notification-summary']</arg>
</arguments>
<assign>
<var>${content}</var>
</assign>
<msg timestamp="20210107 14:11:57.492" level="INFO">${content} = Deploy completed with errors. Deployment failed for 20_28_4000-MCX653105A-HDA_HPE_Ax.pldm.fwpkg. Task has moved to Exception state in iLO Repository
Today 1:08:51 pm</msg>
<status status="PASS" starttime="20210107 14:11:57.461" endtime="20210107 14:11:57.492"></status>
</kw>
<kw name="Append To File" library="OperatingSystem">
<doc>Appends the given content to the specified file.</doc>
<arguments>
<arg>${output_path}\\${spp_dir_name}\\${day}\\output_logs\\${ip_name}\\error.txt</arg>
<arg>${content}</arg>
</arguments>
<msg timestamp="20210107 14:11:57.492" level="INFO" html="yes">Appended to file '&lt;a href="file://D:\SPPGen10PlusSnap4.2020_1210.82.iso\07_01_2021_12_37_51_\output_logs\192.168.5.134\error.txt"&gt;D:\SPPGen10PlusSnap4.2020_1210.82.iso\07_01_2021_12_37_51_\output_logs\192.168.5.134\error.txt&lt;/a&gt;'.</msg>
<status status="PASS" starttime="20210107 14:11:57.492" endtime="20210107 14:11:57.492"></status>
</kw>
<status status="PASS" starttime="20210107 14:11:57.461" endtime="20210107 14:11:57.492"></status>
</kw>
<status status="PASS" starttime="20210107 14:11:57.461" endtime="20210107 14:11:57.492"></status>
</kw>
<kw name="Run Keyword If" library="BuiltIn">
<doc>Runs the given keyword with the given arguments, if ``condition`` is true.</doc>
<arguments>
<arg>${error_check}==True</arg>
<arg>FAIL</arg>
<arg>Test not ready</arg>
</arguments>
<kw name="Fail" library="BuiltIn">
<doc>Fails the test with the given message and optionally alters its tags.</doc>
<arguments>
<arg>Test not ready</arg>
</arguments>
<msg timestamp="20210107 14:11:57.492" level="FAIL">Test not ready</msg>
<status status="FAIL" starttime="20210107 14:11:57.492" endtime="20210107 14:11:57.492"></status>
</kw>
<status status="FAIL" starttime="20210107 14:11:57.492" endtime="20210107 14:11:57.492"></status>
</kw>
<status status="FAIL" starttime="20210107 12:56:49.426" endtime="20210107 14:11:57.492"></status>
</kw>
<msg timestamp="20210107 14:11:57.492" level="INFO">${log_condition} = FAIL</msg>
<msg timestamp="20210107 14:11:57.507" level="INFO">${ip_name} = Test not ready</msg>
<status status="PASS" starttime="20210107 12:56:49.426" endtime="20210107 14:11:57.507"></status>
</kw>
<kw name="Run Keyword If" library="BuiltIn">
<doc>Runs the given keyword with the given arguments, if ``condition`` is true.</doc>
<arguments>
<arg>'${log_condition}'=='PASS'</arg>
<arg>run keyword and ignore error</arg>
<arg>Test End</arg>
<arg>${ip_name}</arg>
</arguments>
<status status="PASS" starttime="20210107 14:11:57.507" endtime="20210107 14:11:57.507"></status>
</kw>
<kw name="Run Keyword If" library="BuiltIn">
<doc>Runs the given keyword with the given arguments, if ``condition`` is true.</doc>
<arguments>
<arg>'${log_condition}'=='FAIL'</arg>
<arg>Test Main Error</arg>
<arg>Log_Failed</arg>
<arg>${node}</arg>
</arguments>
<kw name="Test Main Error">
<arguments>
<arg>Log_Failed</arg>
<arg>${node}</arg>
</arguments>
<kw name="Append To File" library="OperatingSystem">
<doc>Appends the given content to the specified file.</doc>
<arguments>
<arg>${output_path}\\${spp_dir_name}\\${day}\\output_logs\\Details\\dash.txt</arg>
<arg>${node}[0]:-:${status} \n</arg>
</arguments>
<msg timestamp="20210107 14:11:57.507" level="INFO" html="yes">Appended to file '&lt;a href="file://D:\SPPGen10PlusSnap4.2020_1210.82.iso\07_01_2021_12_37_51_\output_logs\Details\dash.txt"&gt;D:\SPPGen10PlusSnap4.2020_1210.82.iso\07_01_2021_12_37_51_\output_logs\Details\dash.txt&lt;/a&gt;'.</msg>
<status status="PASS" starttime="20210107 14:11:57.507" endtime="20210107 14:11:57.507"></status>
</kw>
<status status="PASS" starttime="20210107 14:11:57.507" endtime="20210107 14:11:57.507"></status>
</kw>
<status status="PASS" starttime="20210107 14:11:57.507" endtime="20210107 14:11:57.507"></status>
</kw>
<kw name="Run Keyword If" library="BuiltIn">
<doc>Runs the given keyword with the given arguments, if ``condition`` is true.</doc>
<arguments>
<arg>'${log_condition}'=='FAIL'</arg>
<arg>capture page screenshot</arg>
</arguments>
<kw name="Capture Page Screenshot" library="Selenium2Library">
<doc>Takes a screenshot of the current page and embeds it into a log file.</doc>
<msg timestamp="20210107 14:11:57.750" level="INFO" html="yes">&lt;/td&gt;&lt;/tr&gt;&lt;tr&gt;&lt;td colspan="3"&gt;&lt;a href="file:///D:/SPPGen10PlusSnap4.2020_1210.82.iso/07_01_2021_12_37_51_/output_logs/192.168.5.134/screenshots/selenium-screenshot-1.png"&gt;&lt;img src="file:///D:/SPPGen10PlusSnap4.2020_1210.82.iso/07_01_2021_12_37_51_/output_logs/192.168.5.134/screenshots/selenium-screenshot-1.png" width="800px"&gt;&lt;/a&gt;</msg>
<status status="PASS" starttime="20210107 14:11:57.507" endtime="20210107 14:11:57.750"></status>
</kw>
<status status="PASS" starttime="20210107 14:11:57.507" endtime="20210107 14:11:57.750"></status>
</kw>
<kw name="Log To Console" library="BuiltIn">
<doc>Logs the given message to the console.</doc>
<arguments>
<arg>Node ${node_line} logs collected successful.</arg>
</arguments>
<status status="PASS" starttime="20210107 14:11:57.750" endtime="20210107 14:11:57.751"></status>
</kw>
<kw name="Sleep" library="BuiltIn">
<doc>Pauses the test executed for the given time.</doc>
<arguments>
<arg>30</arg>
</arguments>
<msg timestamp="20210107 14:12:27.756" level="INFO">Slept 30 seconds</msg>
<status status="PASS" starttime="20210107 14:11:57.751" endtime="20210107 14:12:27.756"></status>
</kw>
<kw name="Clearall" library="clear">
<status status="PASS" starttime="20210107 14:12:27.757" endtime="20210107 14:12:33.021"></status>
</kw>
<kw name="Sleep" library="BuiltIn">
<doc>Pauses the test executed for the given time.</doc>
<arguments>
<arg>10</arg>
</arguments>
<msg timestamp="20210107 14:12:43.032" level="INFO">Slept 10 seconds</msg>
<status status="PASS" starttime="20210107 14:12:33.021" endtime="20210107 14:12:43.032"></status>
</kw>
<status status="PASS" starttime="20210107 12:37:54.944" endtime="20210107 14:12:43.032"></status>
</kw>
<status status="PASS" starttime="20210107 12:37:54.944" endtime="20210107 14:12:43.032"></status>
</kw>
<kw name="Run Process" library="Process">
<doc>Runs a process and waits for it to complete.</doc>
<arguments>
<arg>python</arg>
<arg>Python_files\\dashboard.py</arg>
<arg>${output_path}\\${spp_dir_name}\\${day}</arg>
</arguments>
<msg timestamp="20210107 14:12:43.032" level="INFO">Starting process:
python Python_files\dashboard.py D:\SPPGen10PlusSnap4.2020_1210.82.iso\07_01_2021_12_37_51_</msg>
<msg timestamp="20210107 14:12:43.032" level="INFO">Waiting for process to complete.</msg>
<msg timestamp="20210112 13:26:57.170" level="INFO">Process completed.</msg>
<status status="PASS" starttime="20210107 14:12:43.032" endtime="20210112 13:26:57.171"></status>
</kw>
<status status="PASS" starttime="20210107 12:37:54.944" endtime="20210112 13:26:57.171"></status>
</kw>
<status status="PASS" starttime="20210107 12:37:51.601" endtime="20210112 13:26:57.171" critical="yes"></status>
</test>
<status status="PASS" starttime="20210107 12:37:50.960" endtime="20210112 13:26:57.173"></status>
</suite>
<statistics>
<total>
<stat pass="1" fail="0">Critical Tests</stat>
<stat pass="1" fail="0">All Tests</stat>
</total>
<tag>
</tag>
<suite>
<stat pass="1" fail="0" id="s1" name="SUM Automation">SUM Automation</stat>
</suite>
</statistics>
<errors>
</errors>
</robot>
