<?xml version="1.0" encoding="UTF-8"?>
<robot generator="Robot 4.1 (Python 3.9.6 on win32)" generated="20210901 12:48:55.129" rpa="false" schemaversion="2">
<suite id="s1" name="SUM Automation" source="C:\Users\Administrator\Desktop\SUM_Automation\SUM_Automation.robot">
<test id="s1-t1" name="Test Initialize">
<kw name="Get Time" library="BuiltIn">
<var>@{date}</var>
<arg>year day month</arg>
<doc>Returns the given time in the requested format.</doc>
<msg timestamp="20210901 12:48:55.563" level="INFO">@{date} = [ 2021 | 09 | 01 ]</msg>
<status status="PASS" starttime="20210901 12:48:55.563" endtime="20210901 12:48:55.563"/>
</kw>
<kw name="Get Time" library="BuiltIn">
<var>@{time}</var>
<arg>hour min sec</arg>
<doc>Returns the given time in the requested format.</doc>
<msg timestamp="20210901 12:48:55.563" level="INFO">@{time} = [ 12 | 48 | 55 ]</msg>
<status status="PASS" starttime="20210901 12:48:55.563" endtime="20210901 12:48:55.563"/>
</kw>
<for flavor="IN RANGE">
<var>${item}</var>
<value>0</value>
<value>3</value>
<iter>
<var name="${item}">0</var>
<kw name="Evaluate" library="BuiltIn">
<var>${val2}</var>
<arg>2-${item}</arg>
<doc>Evaluates the given expression in Python and returns the result.</doc>
<msg timestamp="20210901 12:48:55.563" level="INFO">${val2} = 2</msg>
<status status="PASS" starttime="20210901 12:48:55.563" endtime="20210901 12:48:55.563"/>
</kw>
<kw name="Set Global Variable" library="BuiltIn">
<arg>${day}</arg>
<arg>${day}${date}[${val2}]_</arg>
<doc>Makes a variable available globally in all tests and suites.</doc>
<msg timestamp="20210901 12:48:55.563" level="INFO">${day} = 01_</msg>
<status status="PASS" starttime="20210901 12:48:55.563" endtime="20210901 12:48:55.563"/>
</kw>
<status status="PASS" starttime="20210901 12:48:55.563" endtime="20210901 12:48:55.563"/>
</iter>
<iter>
<var name="${item}">1</var>
<kw name="Evaluate" library="BuiltIn">
<var>${val2}</var>
<arg>2-${item}</arg>
<doc>Evaluates the given expression in Python and returns the result.</doc>
<msg timestamp="20210901 12:48:55.563" level="INFO">${val2} = 1</msg>
<status status="PASS" starttime="20210901 12:48:55.563" endtime="20210901 12:48:55.563"/>
</kw>
<kw name="Set Global Variable" library="BuiltIn">
<arg>${day}</arg>
<arg>${day}${date}[${val2}]_</arg>
<doc>Makes a variable available globally in all tests and suites.</doc>
<msg timestamp="20210901 12:48:55.572" level="INFO">${day} = 01_09_</msg>
<status status="PASS" starttime="20210901 12:48:55.563" endtime="20210901 12:48:55.572"/>
</kw>
<status status="PASS" starttime="20210901 12:48:55.563" endtime="20210901 12:48:55.572"/>
</iter>
<iter>
<var name="${item}">2</var>
<kw name="Evaluate" library="BuiltIn">
<var>${val2}</var>
<arg>2-${item}</arg>
<doc>Evaluates the given expression in Python and returns the result.</doc>
<msg timestamp="20210901 12:48:55.572" level="INFO">${val2} = 0</msg>
<status status="PASS" starttime="20210901 12:48:55.572" endtime="20210901 12:48:55.572"/>
</kw>
<kw name="Set Global Variable" library="BuiltIn">
<arg>${day}</arg>
<arg>${day}${date}[${val2}]_</arg>
<doc>Makes a variable available globally in all tests and suites.</doc>
<msg timestamp="20210901 12:48:55.572" level="INFO">${day} = 01_09_2021_</msg>
<status status="PASS" starttime="20210901 12:48:55.572" endtime="20210901 12:48:55.572"/>
</kw>
<status status="PASS" starttime="20210901 12:48:55.572" endtime="20210901 12:48:55.572"/>
</iter>
<status status="PASS" starttime="20210901 12:48:55.563" endtime="20210901 12:48:55.572"/>
</for>
<for flavor="IN RANGE">
<var>${item}</var>
<value>0</value>
<value>3</value>
<iter>
<var name="${item}">0</var>
<kw name="Set Global Variable" library="BuiltIn">
<arg>${day}</arg>
<arg>${day}${time}[${item}]_</arg>
<doc>Makes a variable available globally in all tests and suites.</doc>
<msg timestamp="20210901 12:48:55.572" level="INFO">${day} = 01_09_2021_12_</msg>
<status status="PASS" starttime="20210901 12:48:55.572" endtime="20210901 12:48:55.572"/>
</kw>
<status status="PASS" starttime="20210901 12:48:55.572" endtime="20210901 12:48:55.572"/>
</iter>
<iter>
<var name="${item}">1</var>
<kw name="Set Global Variable" library="BuiltIn">
<arg>${day}</arg>
<arg>${day}${time}[${item}]_</arg>
<doc>Makes a variable available globally in all tests and suites.</doc>
<msg timestamp="20210901 12:48:55.574" level="INFO">${day} = 01_09_2021_12_48_</msg>
<status status="PASS" starttime="20210901 12:48:55.572" endtime="20210901 12:48:55.574"/>
</kw>
<status status="PASS" starttime="20210901 12:48:55.572" endtime="20210901 12:48:55.574"/>
</iter>
<iter>
<var name="${item}">2</var>
<kw name="Set Global Variable" library="BuiltIn">
<arg>${day}</arg>
<arg>${day}${time}[${item}]_</arg>
<doc>Makes a variable available globally in all tests and suites.</doc>
<msg timestamp="20210901 12:48:55.574" level="INFO">${day} = 01_09_2021_12_48_55_</msg>
<status status="PASS" starttime="20210901 12:48:55.574" endtime="20210901 12:48:55.574"/>
</kw>
<status status="PASS" starttime="20210901 12:48:55.574" endtime="20210901 12:48:55.574"/>
</iter>
<status status="PASS" starttime="20210901 12:48:55.572" endtime="20210901 12:48:55.574"/>
</for>
<kw name="Log To Console" library="BuiltIn">
<arg>Times stamp : ${day}</arg>
<doc>Logs the given message to the console.</doc>
<status status="PASS" starttime="20210901 12:48:55.574" endtime="20210901 12:48:55.574"/>
</kw>
<kw name="Run Keyword If" library="BuiltIn">
<arg>'${input}'=='no'</arg>
<arg>set global variable</arg>
<arg>${flag}</arg>
<arg>False</arg>
<doc>Runs the given keyword with the given arguments, if ``condition`` is true.</doc>
<kw name="Set Global Variable" library="BuiltIn">
<arg>${flag}</arg>
<arg>False</arg>
<doc>Makes a variable available globally in all tests and suites.</doc>
<msg timestamp="20210901 12:48:55.574" level="INFO">${flag} = False</msg>
<status status="PASS" starttime="20210901 12:48:55.574" endtime="20210901 12:48:55.574"/>
</kw>
<status status="PASS" starttime="20210901 12:48:55.574" endtime="20210901 12:48:55.574"/>
</kw>
<kw name="Run Keyword If" library="BuiltIn">
<arg>'${input}'=='no'</arg>
<arg>log to console</arg>
<arg>Input file found at "${input_file}"</arg>
<doc>Runs the given keyword with the given arguments, if ``condition`` is true.</doc>
<kw name="Log To Console" library="BuiltIn">
<arg>Input file found at "${input_file}"</arg>
<doc>Logs the given message to the console.</doc>
<status status="PASS" starttime="20210901 12:48:55.574" endtime="20210901 12:48:55.574"/>
</kw>
<status status="PASS" starttime="20210901 12:48:55.574" endtime="20210901 12:48:55.574"/>
</kw>
<kw name="Run Keyword If" library="BuiltIn">
<arg>${flag}==True</arg>
<arg>log to console</arg>
<arg>UI has been enabled. Input file found at "&lt;path to script&gt;\\Text_files\\input.txt"</arg>
<doc>Runs the given keyword with the given arguments, if ``condition`` is true.</doc>
<status status="PASS" starttime="20210901 12:48:55.574" endtime="20210901 12:48:55.574"/>
</kw>
<kw name="Run Keyword If" library="BuiltIn">
<arg>${flag}==True</arg>
<arg>run process</arg>
<arg>python</arg>
<arg>Python_files\\ui.py</arg>
<doc>Runs the given keyword with the given arguments, if ``condition`` is true.</doc>
<status status="PASS" starttime="20210901 12:48:55.574" endtime="20210901 12:48:55.574"/>
</kw>
<kw name="Run Keyword If" library="BuiltIn">
<arg>${flag}==True</arg>
<arg>set global variable</arg>
<arg>${input_file}</arg>
<arg>Text_files\\input.txt</arg>
<doc>Runs the given keyword with the given arguments, if ``condition`` is true.</doc>
<status status="PASS" starttime="20210901 12:48:55.574" endtime="20210901 12:48:55.574"/>
</kw>
<kw name="Get File" library="OperatingSystem">
<var>${file}</var>
<arg>${input_file}</arg>
<arg>encoding=UTF-8</arg>
<doc>Returns the contents of a specified file.</doc>
<msg timestamp="20210901 12:48:55.574" level="INFO" html="true">Getting file '&lt;a href="file://C:\Users\Administrator\Desktop\input.txt"&gt;C:\Users\Administrator\Desktop\input.txt&lt;/a&gt;'.</msg>
<msg timestamp="20210901 12:48:55.574" level="INFO">${file} = #INPUT FILE
SPP_DIR= C:\Users\Administrator\Desktop\SPP_files
SPP_ISO= SPPGen10PlusSnap5.2021_0819.46.iso
CUSTOM_BASELINE_DIR= None
CD_DRIVE= E:
OUTPUT_PATH= C:\Users\Administrator\Desktop

#SERVER DE...</msg>
<status status="PASS" starttime="20210901 12:48:55.574" endtime="20210901 12:48:55.574"/>
</kw>
<kw name="Split To Lines" library="String">
<var>@{lines}</var>
<arg>${file}</arg>
<doc>Splits the given string to lines.</doc>
<msg timestamp="20210901 12:48:55.574" level="INFO">11 lines returned</msg>
<msg timestamp="20210901 12:48:55.574" level="INFO">@{lines} = [ #INPUT FILE | SPP_DIR= C:\Users\Administrator\Desktop\SPP_files | SPP_ISO= SPPGen10PlusSnap5.2021_0819.46.iso | CUSTOM_BASELINE_DIR= None | CD_DRIVE= E: | OUTPUT_PATH= C:\Users\Administrator\Desktop...</msg>
<status status="PASS" starttime="20210901 12:48:55.574" endtime="20210901 12:48:55.574"/>
</kw>
<for flavor="IN">
<var>${node_line}</var>
<value>@{lines}</value>
<iter>
<var name="${node_line}">#INPUT FILE</var>
<kw name="Split String" library="String">
<var>${node}</var>
<arg>${node_line}</arg>
<arg>${SPACE}</arg>
<doc>Splits the ``string`` using ``separator`` as a delimiter string.</doc>
<msg timestamp="20210901 12:48:55.574" level="INFO">${node} = ['#INPUT', 'FILE']</msg>
<status status="PASS" starttime="20210901 12:48:55.574" endtime="20210901 12:48:55.574"/>
</kw>
<kw name="Run Keyword If" library="BuiltIn">
<arg>'${node}[0]'=='SPP_ISO='</arg>
<arg>set global variable</arg>
<arg>${spp_dir_name}</arg>
<arg>${node}[1]</arg>
<doc>Runs the given keyword with the given arguments, if ``condition`` is true.</doc>
<status status="PASS" starttime="20210901 12:48:55.574" endtime="20210901 12:48:55.574"/>
</kw>
<kw name="Run Keyword If" library="BuiltIn">
<arg>'${node}[0]'=='CUSTOM_BASELINE_DIR='</arg>
<arg>set global variable</arg>
<arg>${custom_baseline_path}</arg>
<arg>${node}[1]</arg>
<doc>Runs the given keyword with the given arguments, if ``condition`` is true.</doc>
<status status="PASS" starttime="20210901 12:48:55.574" endtime="20210901 12:48:55.574"/>
</kw>
<kw name="Run Keyword If" library="BuiltIn">
<arg>'${node}[0]'=='CD_DRIVE='</arg>
<arg>set global variable</arg>
<arg>${spp_drive_path}</arg>
<arg>${node}[1]</arg>
<doc>Runs the given keyword with the given arguments, if ``condition`` is true.</doc>
<status status="PASS" starttime="20210901 12:48:55.574" endtime="20210901 12:48:55.574"/>
</kw>
<kw name="Run Keyword If" library="BuiltIn">
<arg>'${node}[0]'=='OUTPUT_PATH='</arg>
<arg>set global variable</arg>
<arg>${output_path}</arg>
<arg>${node}[1]</arg>
<doc>Runs the given keyword with the given arguments, if ``condition`` is true.</doc>
<status status="PASS" starttime="20210901 12:48:55.574" endtime="20210901 12:48:55.574"/>
</kw>
<status status="PASS" starttime="20210901 12:48:55.574" endtime="20210901 12:48:55.574"/>
</iter>
<iter>
<var name="${node_line}">SPP_DIR= C:\Users\Administrator\Desktop\SPP_files</var>
<kw name="Split String" library="String">
<var>${node}</var>
<arg>${node_line}</arg>
<arg>${SPACE}</arg>
<doc>Splits the ``string`` using ``separator`` as a delimiter string.</doc>
<msg timestamp="20210901 12:48:55.574" level="INFO">${node} = ['SPP_DIR=', 'C:\\Users\\Administrator\\Desktop\\SPP_files']</msg>
<status status="PASS" starttime="20210901 12:48:55.574" endtime="20210901 12:48:55.574"/>
</kw>
<kw name="Run Keyword If" library="BuiltIn">
<arg>'${node}[0]'=='SPP_ISO='</arg>
<arg>set global variable</arg>
<arg>${spp_dir_name}</arg>
<arg>${node}[1]</arg>
<doc>Runs the given keyword with the given arguments, if ``condition`` is true.</doc>
<status status="PASS" starttime="20210901 12:48:55.574" endtime="20210901 12:48:55.574"/>
</kw>
<kw name="Run Keyword If" library="BuiltIn">
<arg>'${node}[0]'=='CUSTOM_BASELINE_DIR='</arg>
<arg>set global variable</arg>
<arg>${custom_baseline_path}</arg>
<arg>${node}[1]</arg>
<doc>Runs the given keyword with the given arguments, if ``condition`` is true.</doc>
<status status="PASS" starttime="20210901 12:48:55.574" endtime="20210901 12:48:55.574"/>
</kw>
<kw name="Run Keyword If" library="BuiltIn">
<arg>'${node}[0]'=='CD_DRIVE='</arg>
<arg>set global variable</arg>
<arg>${spp_drive_path}</arg>
<arg>${node}[1]</arg>
<doc>Runs the given keyword with the given arguments, if ``condition`` is true.</doc>
<status status="PASS" starttime="20210901 12:48:55.574" endtime="20210901 12:48:55.574"/>
</kw>
<kw name="Run Keyword If" library="BuiltIn">
<arg>'${node}[0]'=='OUTPUT_PATH='</arg>
<arg>set global variable</arg>
<arg>${output_path}</arg>
<arg>${node}[1]</arg>
<doc>Runs the given keyword with the given arguments, if ``condition`` is true.</doc>
<status status="PASS" starttime="20210901 12:48:55.574" endtime="20210901 12:48:55.574"/>
</kw>
<status status="PASS" starttime="20210901 12:48:55.574" endtime="20210901 12:48:55.574"/>
</iter>
<iter>
<var name="${node_line}">SPP_ISO= SPPGen10PlusSnap5.2021_0819.46.iso</var>
<kw name="Split String" library="String">
<var>${node}</var>
<arg>${node_line}</arg>
<arg>${SPACE}</arg>
<doc>Splits the ``string`` using ``separator`` as a delimiter string.</doc>
<msg timestamp="20210901 12:48:55.574" level="INFO">${node} = ['SPP_ISO=', 'SPPGen10PlusSnap5.2021_0819.46.iso']</msg>
<status status="PASS" starttime="20210901 12:48:55.574" endtime="20210901 12:48:55.574"/>
</kw>
<kw name="Run Keyword If" library="BuiltIn">
<arg>'${node}[0]'=='SPP_ISO='</arg>
<arg>set global variable</arg>
<arg>${spp_dir_name}</arg>
<arg>${node}[1]</arg>
<doc>Runs the given keyword with the given arguments, if ``condition`` is true.</doc>
<kw name="Set Global Variable" library="BuiltIn">
<arg>${spp_dir_name}</arg>
<arg>${node}[1]</arg>
<doc>Makes a variable available globally in all tests and suites.</doc>
<msg timestamp="20210901 12:48:55.574" level="INFO">${spp_dir_name} = SPPGen10PlusSnap5.2021_0819.46.iso</msg>
<status status="PASS" starttime="20210901 12:48:55.574" endtime="20210901 12:48:55.574"/>
</kw>
<status status="PASS" starttime="20210901 12:48:55.574" endtime="20210901 12:48:55.574"/>
</kw>
<kw name="Run Keyword If" library="BuiltIn">
<arg>'${node}[0]'=='CUSTOM_BASELINE_DIR='</arg>
<arg>set global variable</arg>
<arg>${custom_baseline_path}</arg>
<arg>${node}[1]</arg>
<doc>Runs the given keyword with the given arguments, if ``condition`` is true.</doc>
<status status="PASS" starttime="20210901 12:48:55.574" endtime="20210901 12:48:55.574"/>
</kw>
<kw name="Run Keyword If" library="BuiltIn">
<arg>'${node}[0]'=='CD_DRIVE='</arg>
<arg>set global variable</arg>
<arg>${spp_drive_path}</arg>
<arg>${node}[1]</arg>
<doc>Runs the given keyword with the given arguments, if ``condition`` is true.</doc>
<status status="PASS" starttime="20210901 12:48:55.574" endtime="20210901 12:48:55.574"/>
</kw>
<kw name="Run Keyword If" library="BuiltIn">
<arg>'${node}[0]'=='OUTPUT_PATH='</arg>
<arg>set global variable</arg>
<arg>${output_path}</arg>
<arg>${node}[1]</arg>
<doc>Runs the given keyword with the given arguments, if ``condition`` is true.</doc>
<status status="PASS" starttime="20210901 12:48:55.574" endtime="20210901 12:48:55.582"/>
</kw>
<status status="PASS" starttime="20210901 12:48:55.574" endtime="20210901 12:48:55.582"/>
</iter>
<iter>
<var name="${node_line}">CUSTOM_BASELINE_DIR= None</var>
<kw name="Split String" library="String">
<var>${node}</var>
<arg>${node_line}</arg>
<arg>${SPACE}</arg>
<doc>Splits the ``string`` using ``separator`` as a delimiter string.</doc>
<msg timestamp="20210901 12:48:55.582" level="INFO">${node} = ['CUSTOM_BASELINE_DIR=', 'None']</msg>
<status status="PASS" starttime="20210901 12:48:55.582" endtime="20210901 12:48:55.582"/>
</kw>
<kw name="Run Keyword If" library="BuiltIn">
<arg>'${node}[0]'=='SPP_ISO='</arg>
<arg>set global variable</arg>
<arg>${spp_dir_name}</arg>
<arg>${node}[1]</arg>
<doc>Runs the given keyword with the given arguments, if ``condition`` is true.</doc>
<status status="PASS" starttime="20210901 12:48:55.582" endtime="20210901 12:48:55.582"/>
</kw>
<kw name="Run Keyword If" library="BuiltIn">
<arg>'${node}[0]'=='CUSTOM_BASELINE_DIR='</arg>
<arg>set global variable</arg>
<arg>${custom_baseline_path}</arg>
<arg>${node}[1]</arg>
<doc>Runs the given keyword with the given arguments, if ``condition`` is true.</doc>
<kw name="Set Global Variable" library="BuiltIn">
<arg>${custom_baseline_path}</arg>
<arg>${node}[1]</arg>
<doc>Makes a variable available globally in all tests and suites.</doc>
<msg timestamp="20210901 12:48:55.582" level="INFO">${custom_baseline_path} = None</msg>
<status status="PASS" starttime="20210901 12:48:55.582" endtime="20210901 12:48:55.582"/>
</kw>
<status status="PASS" starttime="20210901 12:48:55.582" endtime="20210901 12:48:55.582"/>
</kw>
<kw name="Run Keyword If" library="BuiltIn">
<arg>'${node}[0]'=='CD_DRIVE='</arg>
<arg>set global variable</arg>
<arg>${spp_drive_path}</arg>
<arg>${node}[1]</arg>
<doc>Runs the given keyword with the given arguments, if ``condition`` is true.</doc>
<status status="PASS" starttime="20210901 12:48:55.582" endtime="20210901 12:48:55.582"/>
</kw>
<kw name="Run Keyword If" library="BuiltIn">
<arg>'${node}[0]'=='OUTPUT_PATH='</arg>
<arg>set global variable</arg>
<arg>${output_path}</arg>
<arg>${node}[1]</arg>
<doc>Runs the given keyword with the given arguments, if ``condition`` is true.</doc>
<status status="PASS" starttime="20210901 12:48:55.582" endtime="20210901 12:48:55.582"/>
</kw>
<status status="PASS" starttime="20210901 12:48:55.582" endtime="20210901 12:48:55.584"/>
</iter>
<iter>
<var name="${node_line}">CD_DRIVE= E:</var>
<kw name="Split String" library="String">
<var>${node}</var>
<arg>${node_line}</arg>
<arg>${SPACE}</arg>
<doc>Splits the ``string`` using ``separator`` as a delimiter string.</doc>
<msg timestamp="20210901 12:48:55.584" level="INFO">${node} = ['CD_DRIVE=', 'E:']</msg>
<status status="PASS" starttime="20210901 12:48:55.584" endtime="20210901 12:48:55.584"/>
</kw>
<kw name="Run Keyword If" library="BuiltIn">
<arg>'${node}[0]'=='SPP_ISO='</arg>
<arg>set global variable</arg>
<arg>${spp_dir_name}</arg>
<arg>${node}[1]</arg>
<doc>Runs the given keyword with the given arguments, if ``condition`` is true.</doc>
<status status="PASS" starttime="20210901 12:48:55.584" endtime="20210901 12:48:55.584"/>
</kw>
<kw name="Run Keyword If" library="BuiltIn">
<arg>'${node}[0]'=='CUSTOM_BASELINE_DIR='</arg>
<arg>set global variable</arg>
<arg>${custom_baseline_path}</arg>
<arg>${node}[1]</arg>
<doc>Runs the given keyword with the given arguments, if ``condition`` is true.</doc>
<status status="PASS" starttime="20210901 12:48:55.584" endtime="20210901 12:48:55.584"/>
</kw>
<kw name="Run Keyword If" library="BuiltIn">
<arg>'${node}[0]'=='CD_DRIVE='</arg>
<arg>set global variable</arg>
<arg>${spp_drive_path}</arg>
<arg>${node}[1]</arg>
<doc>Runs the given keyword with the given arguments, if ``condition`` is true.</doc>
<kw name="Set Global Variable" library="BuiltIn">
<arg>${spp_drive_path}</arg>
<arg>${node}[1]</arg>
<doc>Makes a variable available globally in all tests and suites.</doc>
<msg timestamp="20210901 12:48:55.584" level="INFO">${spp_drive_path} = E:</msg>
<status status="PASS" starttime="20210901 12:48:55.584" endtime="20210901 12:48:55.584"/>
</kw>
<status status="PASS" starttime="20210901 12:48:55.584" endtime="20210901 12:48:55.584"/>
</kw>
<kw name="Run Keyword If" library="BuiltIn">
<arg>'${node}[0]'=='OUTPUT_PATH='</arg>
<arg>set global variable</arg>
<arg>${output_path}</arg>
<arg>${node}[1]</arg>
<doc>Runs the given keyword with the given arguments, if ``condition`` is true.</doc>
<status status="PASS" starttime="20210901 12:48:55.584" endtime="20210901 12:48:55.584"/>
</kw>
<status status="PASS" starttime="20210901 12:48:55.584" endtime="20210901 12:48:55.584"/>
</iter>
<iter>
<var name="${node_line}">OUTPUT_PATH= C:\Users\Administrator\Desktop</var>
<kw name="Split String" library="String">
<var>${node}</var>
<arg>${node_line}</arg>
<arg>${SPACE}</arg>
<doc>Splits the ``string`` using ``separator`` as a delimiter string.</doc>
<msg timestamp="20210901 12:48:55.584" level="INFO">${node} = ['OUTPUT_PATH=', 'C:\\Users\\Administrator\\Desktop']</msg>
<status status="PASS" starttime="20210901 12:48:55.584" endtime="20210901 12:48:55.584"/>
</kw>
<kw name="Run Keyword If" library="BuiltIn">
<arg>'${node}[0]'=='SPP_ISO='</arg>
<arg>set global variable</arg>
<arg>${spp_dir_name}</arg>
<arg>${node}[1]</arg>
<doc>Runs the given keyword with the given arguments, if ``condition`` is true.</doc>
<status status="PASS" starttime="20210901 12:48:55.584" endtime="20210901 12:48:55.584"/>
</kw>
<kw name="Run Keyword If" library="BuiltIn">
<arg>'${node}[0]'=='CUSTOM_BASELINE_DIR='</arg>
<arg>set global variable</arg>
<arg>${custom_baseline_path}</arg>
<arg>${node}[1]</arg>
<doc>Runs the given keyword with the given arguments, if ``condition`` is true.</doc>
<status status="PASS" starttime="20210901 12:48:55.584" endtime="20210901 12:48:55.584"/>
</kw>
<kw name="Run Keyword If" library="BuiltIn">
<arg>'${node}[0]'=='CD_DRIVE='</arg>
<arg>set global variable</arg>
<arg>${spp_drive_path}</arg>
<arg>${node}[1]</arg>
<doc>Runs the given keyword with the given arguments, if ``condition`` is true.</doc>
<status status="PASS" starttime="20210901 12:48:55.584" endtime="20210901 12:48:55.584"/>
</kw>
<kw name="Run Keyword If" library="BuiltIn">
<arg>'${node}[0]'=='OUTPUT_PATH='</arg>
<arg>set global variable</arg>
<arg>${output_path}</arg>
<arg>${node}[1]</arg>
<doc>Runs the given keyword with the given arguments, if ``condition`` is true.</doc>
<kw name="Set Global Variable" library="BuiltIn">
<arg>${output_path}</arg>
<arg>${node}[1]</arg>
<doc>Makes a variable available globally in all tests and suites.</doc>
<msg timestamp="20210901 12:48:55.584" level="INFO">${output_path} = C:\Users\Administrator\Desktop</msg>
<status status="PASS" starttime="20210901 12:48:55.584" endtime="20210901 12:48:55.584"/>
</kw>
<status status="PASS" starttime="20210901 12:48:55.584" endtime="20210901 12:48:55.584"/>
</kw>
<status status="PASS" starttime="20210901 12:48:55.584" endtime="20210901 12:48:55.584"/>
</iter>
<iter>
<var name="${node_line}"/>
<kw name="Split String" library="String">
<var>${node}</var>
<arg>${node_line}</arg>
<arg>${SPACE}</arg>
<doc>Splits the ``string`` using ``separator`` as a delimiter string.</doc>
<msg timestamp="20210901 12:48:55.584" level="INFO">${node} = ['']</msg>
<status status="PASS" starttime="20210901 12:48:55.584" endtime="20210901 12:48:55.584"/>
</kw>
<kw name="Run Keyword If" library="BuiltIn">
<arg>'${node}[0]'=='SPP_ISO='</arg>
<arg>set global variable</arg>
<arg>${spp_dir_name}</arg>
<arg>${node}[1]</arg>
<doc>Runs the given keyword with the given arguments, if ``condition`` is true.</doc>
<status status="PASS" starttime="20210901 12:48:55.584" endtime="20210901 12:48:55.584"/>
</kw>
<kw name="Run Keyword If" library="BuiltIn">
<arg>'${node}[0]'=='CUSTOM_BASELINE_DIR='</arg>
<arg>set global variable</arg>
<arg>${custom_baseline_path}</arg>
<arg>${node}[1]</arg>
<doc>Runs the given keyword with the given arguments, if ``condition`` is true.</doc>
<status status="PASS" starttime="20210901 12:48:55.584" endtime="20210901 12:48:55.584"/>
</kw>
<kw name="Run Keyword If" library="BuiltIn">
<arg>'${node}[0]'=='CD_DRIVE='</arg>
<arg>set global variable</arg>
<arg>${spp_drive_path}</arg>
<arg>${node}[1]</arg>
<doc>Runs the given keyword with the given arguments, if ``condition`` is true.</doc>
<status status="PASS" starttime="20210901 12:48:55.584" endtime="20210901 12:48:55.584"/>
</kw>
<kw name="Run Keyword If" library="BuiltIn">
<arg>'${node}[0]'=='OUTPUT_PATH='</arg>
<arg>set global variable</arg>
<arg>${output_path}</arg>
<arg>${node}[1]</arg>
<doc>Runs the given keyword with the given arguments, if ``condition`` is true.</doc>
<status status="PASS" starttime="20210901 12:48:55.584" endtime="20210901 12:48:55.584"/>
</kw>
<status status="PASS" starttime="20210901 12:48:55.584" endtime="20210901 12:48:55.584"/>
</iter>
<iter>
<var name="${node_line}">#SERVER DETAILS</var>
<kw name="Split String" library="String">
<var>${node}</var>
<arg>${node_line}</arg>
<arg>${SPACE}</arg>
<doc>Splits the ``string`` using ``separator`` as a delimiter string.</doc>
<msg timestamp="20210901 12:48:55.584" level="INFO">${node} = ['#SERVER', 'DETAILS']</msg>
<status status="PASS" starttime="20210901 12:48:55.584" endtime="20210901 12:48:55.584"/>
</kw>
<kw name="Run Keyword If" library="BuiltIn">
<arg>'${node}[0]'=='SPP_ISO='</arg>
<arg>set global variable</arg>
<arg>${spp_dir_name}</arg>
<arg>${node}[1]</arg>
<doc>Runs the given keyword with the given arguments, if ``condition`` is true.</doc>
<status status="PASS" starttime="20210901 12:48:55.584" endtime="20210901 12:48:55.584"/>
</kw>
<kw name="Run Keyword If" library="BuiltIn">
<arg>'${node}[0]'=='CUSTOM_BASELINE_DIR='</arg>
<arg>set global variable</arg>
<arg>${custom_baseline_path}</arg>
<arg>${node}[1]</arg>
<doc>Runs the given keyword with the given arguments, if ``condition`` is true.</doc>
<status status="PASS" starttime="20210901 12:48:55.584" endtime="20210901 12:48:55.584"/>
</kw>
<kw name="Run Keyword If" library="BuiltIn">
<arg>'${node}[0]'=='CD_DRIVE='</arg>
<arg>set global variable</arg>
<arg>${spp_drive_path}</arg>
<arg>${node}[1]</arg>
<doc>Runs the given keyword with the given arguments, if ``condition`` is true.</doc>
<status status="PASS" starttime="20210901 12:48:55.584" endtime="20210901 12:48:55.584"/>
</kw>
<kw name="Run Keyword If" library="BuiltIn">
<arg>'${node}[0]'=='OUTPUT_PATH='</arg>
<arg>set global variable</arg>
<arg>${output_path}</arg>
<arg>${node}[1]</arg>
<doc>Runs the given keyword with the given arguments, if ``condition`` is true.</doc>
<status status="PASS" starttime="20210901 12:48:55.584" endtime="20210901 12:48:55.584"/>
</kw>
<status status="PASS" starttime="20210901 12:48:55.584" endtime="20210901 12:48:55.584"/>
</iter>
<iter>
<var name="${node_line}">#&lt;iLO/Network IP&gt; &lt;username&gt; &lt;password&gt; &lt;Linux/Windows/iLO-ESXi&gt; &lt;Firmware/Driver/Both/All/FW_All&gt;</var>
<kw name="Split String" library="String">
<var>${node}</var>
<arg>${node_line}</arg>
<arg>${SPACE}</arg>
<doc>Splits the ``string`` using ``separator`` as a delimiter string.</doc>
<msg timestamp="20210901 12:48:55.584" level="INFO">${node} = ['#&lt;iLO/Network', 'IP&gt;', '&lt;username&gt;', '&lt;password&gt;', '&lt;Linux/Windows/iLO-ESXi&gt;', '&lt;Firmware/Driver/Both/All/FW_All&gt;']</msg>
<status status="PASS" starttime="20210901 12:48:55.584" endtime="20210901 12:48:55.584"/>
</kw>
<kw name="Run Keyword If" library="BuiltIn">
<arg>'${node}[0]'=='SPP_ISO='</arg>
<arg>set global variable</arg>
<arg>${spp_dir_name}</arg>
<arg>${node}[1]</arg>
<doc>Runs the given keyword with the given arguments, if ``condition`` is true.</doc>
<status status="PASS" starttime="20210901 12:48:55.584" endtime="20210901 12:48:55.584"/>
</kw>
<kw name="Run Keyword If" library="BuiltIn">
<arg>'${node}[0]'=='CUSTOM_BASELINE_DIR='</arg>
<arg>set global variable</arg>
<arg>${custom_baseline_path}</arg>
<arg>${node}[1]</arg>
<doc>Runs the given keyword with the given arguments, if ``condition`` is true.</doc>
<status status="PASS" starttime="20210901 12:48:55.584" endtime="20210901 12:48:55.584"/>
</kw>
<kw name="Run Keyword If" library="BuiltIn">
<arg>'${node}[0]'=='CD_DRIVE='</arg>
<arg>set global variable</arg>
<arg>${spp_drive_path}</arg>
<arg>${node}[1]</arg>
<doc>Runs the given keyword with the given arguments, if ``condition`` is true.</doc>
<status status="PASS" starttime="20210901 12:48:55.584" endtime="20210901 12:48:55.584"/>
</kw>
<kw name="Run Keyword If" library="BuiltIn">
<arg>'${node}[0]'=='OUTPUT_PATH='</arg>
<arg>set global variable</arg>
<arg>${output_path}</arg>
<arg>${node}[1]</arg>
<doc>Runs the given keyword with the given arguments, if ``condition`` is true.</doc>
<status status="PASS" starttime="20210901 12:48:55.584" endtime="20210901 12:48:55.584"/>
</kw>
<status status="PASS" starttime="20210901 12:48:55.584" endtime="20210901 12:48:55.584"/>
</iter>
<iter>
<var name="${node_line}">10.0.205.20 root Hptc_ib Linux Both</var>
<kw name="Split String" library="String">
<var>${node}</var>
<arg>${node_line}</arg>
<arg>${SPACE}</arg>
<doc>Splits the ``string`` using ``separator`` as a delimiter string.</doc>
<msg timestamp="20210901 12:48:55.584" level="INFO">${node} = ['10.0.205.20', 'root', 'Hptc_ib', 'Linux', 'Both']</msg>
<status status="PASS" starttime="20210901 12:48:55.584" endtime="20210901 12:48:55.592"/>
</kw>
<kw name="Run Keyword If" library="BuiltIn">
<arg>'${node}[0]'=='SPP_ISO='</arg>
<arg>set global variable</arg>
<arg>${spp_dir_name}</arg>
<arg>${node}[1]</arg>
<doc>Runs the given keyword with the given arguments, if ``condition`` is true.</doc>
<status status="PASS" starttime="20210901 12:48:55.592" endtime="20210901 12:48:55.592"/>
</kw>
<kw name="Run Keyword If" library="BuiltIn">
<arg>'${node}[0]'=='CUSTOM_BASELINE_DIR='</arg>
<arg>set global variable</arg>
<arg>${custom_baseline_path}</arg>
<arg>${node}[1]</arg>
<doc>Runs the given keyword with the given arguments, if ``condition`` is true.</doc>
<status status="PASS" starttime="20210901 12:48:55.592" endtime="20210901 12:48:55.592"/>
</kw>
<kw name="Run Keyword If" library="BuiltIn">
<arg>'${node}[0]'=='CD_DRIVE='</arg>
<arg>set global variable</arg>
<arg>${spp_drive_path}</arg>
<arg>${node}[1]</arg>
<doc>Runs the given keyword with the given arguments, if ``condition`` is true.</doc>
<status status="PASS" starttime="20210901 12:48:55.592" endtime="20210901 12:48:55.592"/>
</kw>
<kw name="Run Keyword If" library="BuiltIn">
<arg>'${node}[0]'=='OUTPUT_PATH='</arg>
<arg>set global variable</arg>
<arg>${output_path}</arg>
<arg>${node}[1]</arg>
<doc>Runs the given keyword with the given arguments, if ``condition`` is true.</doc>
<status status="PASS" starttime="20210901 12:48:55.592" endtime="20210901 12:48:55.592"/>
</kw>
<status status="PASS" starttime="20210901 12:48:55.584" endtime="20210901 12:48:55.592"/>
</iter>
<iter>
<var name="${node_line}">#10.0.208.28 root Hptc_ib Linux Both</var>
<kw name="Split String" library="String">
<var>${node}</var>
<arg>${node_line}</arg>
<arg>${SPACE}</arg>
<doc>Splits the ``string`` using ``separator`` as a delimiter string.</doc>
<msg timestamp="20210901 12:48:55.592" level="INFO">${node} = ['#10.0.208.28', 'root', 'Hptc_ib', 'Linux', 'Both']</msg>
<status status="PASS" starttime="20210901 12:48:55.592" endtime="20210901 12:48:55.592"/>
</kw>
<kw name="Run Keyword If" library="BuiltIn">
<arg>'${node}[0]'=='SPP_ISO='</arg>
<arg>set global variable</arg>
<arg>${spp_dir_name}</arg>
<arg>${node}[1]</arg>
<doc>Runs the given keyword with the given arguments, if ``condition`` is true.</doc>
<status status="PASS" starttime="20210901 12:48:55.592" endtime="20210901 12:48:55.592"/>
</kw>
<kw name="Run Keyword If" library="BuiltIn">
<arg>'${node}[0]'=='CUSTOM_BASELINE_DIR='</arg>
<arg>set global variable</arg>
<arg>${custom_baseline_path}</arg>
<arg>${node}[1]</arg>
<doc>Runs the given keyword with the given arguments, if ``condition`` is true.</doc>
<status status="PASS" starttime="20210901 12:48:55.592" endtime="20210901 12:48:55.592"/>
</kw>
<kw name="Run Keyword If" library="BuiltIn">
<arg>'${node}[0]'=='CD_DRIVE='</arg>
<arg>set global variable</arg>
<arg>${spp_drive_path}</arg>
<arg>${node}[1]</arg>
<doc>Runs the given keyword with the given arguments, if ``condition`` is true.</doc>
<status status="PASS" starttime="20210901 12:48:55.594" endtime="20210901 12:48:55.595"/>
</kw>
<kw name="Run Keyword If" library="BuiltIn">
<arg>'${node}[0]'=='OUTPUT_PATH='</arg>
<arg>set global variable</arg>
<arg>${output_path}</arg>
<arg>${node}[1]</arg>
<doc>Runs the given keyword with the given arguments, if ``condition`` is true.</doc>
<status status="PASS" starttime="20210901 12:48:55.595" endtime="20210901 12:48:55.595"/>
</kw>
<status status="PASS" starttime="20210901 12:48:55.592" endtime="20210901 12:48:55.595"/>
</iter>
<status status="PASS" starttime="20210901 12:48:55.574" endtime="20210901 12:48:55.595"/>
</for>
<kw name="Log To Console" library="BuiltIn">
<arg>Spp directory : ${spp_dir_name}</arg>
<doc>Logs the given message to the console.</doc>
<status status="PASS" starttime="20210901 12:48:55.595" endtime="20210901 12:48:55.595"/>
</kw>
<kw name="Log To Console" library="BuiltIn">
<arg>Custom baseline : ${custom_baseline_path}</arg>
<doc>Logs the given message to the console.</doc>
<status status="PASS" starttime="20210901 12:48:55.595" endtime="20210901 12:48:55.595"/>
</kw>
<kw name="Log To Console" library="BuiltIn">
<arg>output file : ${output_path}</arg>
<doc>Logs the given message to the console.</doc>
<status status="PASS" starttime="20210901 12:48:55.595" endtime="20210901 12:48:55.595"/>
</kw>
<kw name="Log To Console" library="BuiltIn">
<arg>Cd drive : ${spp_drive_path}</arg>
<doc>Logs the given message to the console.</doc>
<status status="PASS" starttime="20210901 12:48:55.595" endtime="20210901 12:48:55.595"/>
</kw>
<kw name="Create File" library="OperatingSystem">
<arg>${output_path}\\${spp_dir_name}\\${day}\\output_logs\\Details\\dash.txt</arg>
<doc>Creates a file with the given content and encoding.</doc>
<msg timestamp="20210901 12:48:55.595" level="INFO" html="true">Created file '&lt;a href="file://C:\Users\Administrator\Desktop\SPPGen10PlusSnap5.2021_0819.46.iso\01_09_2021_12_48_55_\output_logs\Details\dash.txt"&gt;C:\Users\Administrator\Desktop\SPPGen10PlusSnap5.2021_0819.46.iso\01_09_2021_12_48_55_\output_logs\Details\dash.txt&lt;/a&gt;'.</msg>
<status status="PASS" starttime="20210901 12:48:55.595" endtime="20210901 12:48:55.595"/>
</kw>
<kw name="Run Process" library="Process">
<arg>python</arg>
<arg>Python_files\\config.py</arg>
<arg>${input_file}</arg>
<doc>Runs a process and waits for it to complete.</doc>
<msg timestamp="20210901 12:48:55.595" level="INFO">Starting process:
python Python_files\config.py C:\Users\Administrator\Desktop\input.txt</msg>
<msg timestamp="20210901 12:48:55.595" level="INFO">Waiting for process to complete.</msg>
<msg timestamp="20210901 12:48:55.629" level="INFO">Process completed.</msg>
<status status="PASS" starttime="20210901 12:48:55.595" endtime="20210901 12:48:55.629"/>
</kw>
<for flavor="IN RANGE">
<var>${var}</var>
<value>5</value>
<iter>
<var name="${var}">0</var>
<kw name="Ping Status" library="ping">
<var>${ping_result}</var>
<arg>${output_path}\\${spp_dir_name}\\${day}\\output_logs\\Details\\dash.txt</arg>
<msg timestamp="20210901 12:48:58.701" level="INFO">${ping_result} = yes</msg>
<status status="PASS" starttime="20210901 12:48:55.644" endtime="20210901 12:48:58.701"/>
</kw>
<kw name="Log To Console" library="BuiltIn">
<arg>Ping successfully : ${ping_result}</arg>
<doc>Logs the given message to the console.</doc>
<status status="PASS" starttime="20210901 12:48:58.701" endtime="20210901 12:48:58.701"/>
</kw>
<kw name="Run Keyword If" library="BuiltIn">
<arg>'${ping_result}' != '${compare}'</arg>
<arg>set global Variable</arg>
<arg>${flag}</arg>
<arg>True</arg>
<doc>Runs the given keyword with the given arguments, if ``condition`` is true.</doc>
<status status="PASS" starttime="20210901 12:48:58.701" endtime="20210901 12:48:58.701"/>
</kw>
<kw name="Continue For Loop If" library="BuiltIn">
<arg>'${ping_result}' != '${compare}'</arg>
<doc>Skips the current for loop iteration if the ``condition`` is true.</doc>
<status status="PASS" starttime="20210901 12:48:58.701" endtime="20210901 12:48:58.701"/>
</kw>
<kw name="Ssh Reply" library="ssh">
<var>${ssh_result}</var>
<arg>${output_path}\\${spp_dir_name}\\${day}\\output_logs\\Details\\dash.txt</arg>
<msg timestamp="20210901 12:48:59.621" level="INFO">10.0.205.20 root Hptc_ib Linux Both

[['10.0.205.20']]
[['10.0.205.20', 'root']]
[['10.0.205.20', 'root', 'Hptc_ib']]
[['10.0.205.20', 'root', 'Hptc_ib', 'Linux']]
[['10.0.205.20', 'root', 'Hptc_ib', 'Linux', 'Both']]
yes</msg>
<msg timestamp="20210901 12:48:59.621" level="INFO">${ssh_result} = yes</msg>
<status status="PASS" starttime="20210901 12:48:58.701" endtime="20210901 12:48:59.621"/>
</kw>
<kw name="Log To Console" library="BuiltIn">
<arg>Ssh successfully : ${ssh_result}</arg>
<doc>Logs the given message to the console.</doc>
<status status="PASS" starttime="20210901 12:48:59.627" endtime="20210901 12:48:59.627"/>
</kw>
<kw name="Run Keyword If" library="BuiltIn">
<arg>'${ssh_result}' != '${compare}'</arg>
<arg>set global Variable</arg>
<arg>${flag}</arg>
<arg>True</arg>
<doc>Runs the given keyword with the given arguments, if ``condition`` is true.</doc>
<status status="PASS" starttime="20210901 12:48:59.627" endtime="20210901 12:48:59.627"/>
</kw>
<kw name="Exit For Loop If" library="BuiltIn">
<arg>'${ssh_result}' == '${compare}'</arg>
<doc>Stops executing the enclosing for loop if the ``condition`` is true.</doc>
<msg timestamp="20210901 12:48:59.627" level="INFO">Exiting for loop altogether.</msg>
<status status="PASS" starttime="20210901 12:48:59.627" endtime="20210901 12:48:59.627"/>
</kw>
<status status="PASS" starttime="20210901 12:48:55.644" endtime="20210901 12:48:59.627"/>
</iter>
<status status="PASS" starttime="20210901 12:48:55.644" endtime="20210901 12:48:59.627"/>
</for>
<kw name="Get File Size" library="OperatingSystem">
<var>${size}</var>
<arg>Text_files\\user.txt</arg>
<doc>Returns and logs file size as an integer in bytes.</doc>
<msg timestamp="20210901 12:48:59.627" level="INFO" html="true">Size of file '&lt;a href="file://C:\Users\Administrator\Desktop\SUM_Automation\Text_files\user.txt"&gt;C:\Users\Administrator\Desktop\SUM_Automation\Text_files\user.txt&lt;/a&gt;' is 37 bytes.</msg>
<msg timestamp="20210901 12:48:59.627" level="INFO">${size} = 37</msg>
<status status="PASS" starttime="20210901 12:48:59.627" endtime="20210901 12:48:59.627"/>
</kw>
<kw name="Run Keyword If" library="BuiltIn">
<arg>${size} == 0</arg>
<arg>log to console</arg>
<arg>No nodes were valid</arg>
<doc>Runs the given keyword with the given arguments, if ``condition`` is true.</doc>
<status status="PASS" starttime="20210901 12:48:59.627" endtime="20210901 12:48:59.627"/>
</kw>
<kw name="Run Keyword If" library="BuiltIn">
<arg>${size} == 0</arg>
<arg>Fatal Error</arg>
<doc>Runs the given keyword with the given arguments, if ``condition`` is true.</doc>
<status status="PASS" starttime="20210901 12:48:59.627" endtime="20210901 12:48:59.627"/>
</kw>
<kw name="Test main">
<kw name="Close All Browsers" library="Selenium2Library">
<doc>Closes all open browsers and resets the browser cache.</doc>
<status status="PASS" starttime="20210901 12:48:59.627" endtime="20210901 12:48:59.627"/>
</kw>
<kw name="Create File" library="OperatingSystem">
<arg>${output_path}\\${spp_dir_name}\\${day}\\output_logs\\Details\\baseline_error.txt</arg>
<doc>Creates a file with the given content and encoding.</doc>
<msg timestamp="20210901 12:48:59.627" level="INFO" html="true">Created file '&lt;a href="file://C:\Users\Administrator\Desktop\SPPGen10PlusSnap5.2021_0819.46.iso\01_09_2021_12_48_55_\output_logs\Details\baseline_error.txt"&gt;C:\Users\Administrator\Desktop\SPPGen10PlusSnap5.2021_0819.46.iso\01_09_2021_12_48_55_\output_logs\Details\baseline_error.txt&lt;/a&gt;'.</msg>
<status status="PASS" starttime="20210901 12:48:59.627" endtime="20210901 12:48:59.627"/>
</kw>
<kw name="Get File" library="OperatingSystem">
<var>${file}</var>
<arg>Text_files\\user.txt</arg>
<arg>encoding=UTF-8</arg>
<doc>Returns the contents of a specified file.</doc>
<msg timestamp="20210901 12:48:59.627" level="INFO" html="true">Getting file '&lt;a href="file://C:\Users\Administrator\Desktop\SUM_Automation\Text_files\user.txt"&gt;C:\Users\Administrator\Desktop\SUM_Automation\Text_files\user.txt&lt;/a&gt;'.</msg>
<msg timestamp="20210901 12:48:59.627" level="INFO">${file} = 10.0.205.20 root Hptc_ib Linux Both
</msg>
<status status="PASS" starttime="20210901 12:48:59.627" endtime="20210901 12:48:59.627"/>
</kw>
<kw name="Split To Lines" library="String">
<var>@{lines}</var>
<arg>${file}</arg>
<doc>Splits the given string to lines.</doc>
<msg timestamp="20210901 12:48:59.627" level="INFO">1 lines returned</msg>
<msg timestamp="20210901 12:48:59.627" level="INFO">@{lines} = [ 10.0.205.20 root Hptc_ib Linux Both ]</msg>
<status status="PASS" starttime="20210901 12:48:59.627" endtime="20210901 12:48:59.627"/>
</kw>
<for flavor="IN">
<var>${node_line}</var>
<value>@{lines}</value>
<iter>
<var name="${node_line}">10.0.205.20 root Hptc_ib Linux Both</var>
<kw name="Log To Console" library="BuiltIn">
<arg>............................${node_line}.......................................</arg>
<doc>Logs the given message to the console.</doc>
<status status="PASS" starttime="20210901 12:48:59.627" endtime="20210901 12:48:59.627"/>
</kw>
<kw name="Run Keyword And Ignore Error" library="BuiltIn">
<var>${start_condition}</var>
<arg>Test Start</arg>
<doc>Runs the given keyword with the given arguments and ignores possible error.</doc>
<kw name="Test Start">
<for flavor="IN RANGE">
<var>${inc}</var>
<value>5</value>
<iter>
<var name="${inc}">0</var>
<kw name="Kill Process" library="kill">
<status status="PASS" starttime="20210901 12:48:59.627" endtime="20210901 12:48:59.815"/>
</kw>
<kw name="Close All Browsers" library="Selenium2Library">
<doc>Closes all open browsers and resets the browser cache.</doc>
<status status="PASS" starttime="20210901 12:48:59.815" endtime="20210901 12:48:59.816"/>
</kw>
<kw name="Run Process" library="Process">
<arg>python</arg>
<arg>Python_files\\remove.py</arg>
<doc>Runs a process and waits for it to complete.</doc>
<msg timestamp="20210901 12:48:59.816" level="INFO">Starting process:
python Python_files\remove.py</msg>
<msg timestamp="20210901 12:48:59.820" level="INFO">Waiting for process to complete.</msg>
<msg timestamp="20210901 12:49:00.197" level="INFO">Process completed.</msg>
<status status="PASS" starttime="20210901 12:48:59.816" endtime="20210901 12:49:00.197"/>
</kw>
<kw name="Sleep" library="BuiltIn">
<arg>2</arg>
<doc>Pauses the test executed for the given time.</doc>
<msg timestamp="20210901 12:49:02.210" level="INFO">Slept 2 seconds</msg>
<status status="PASS" starttime="20210901 12:49:00.198" endtime="20210901 12:49:02.210"/>
</kw>
<kw name="Run Keyword And Return Status" library="BuiltIn">
<var>${launch_status}</var>
<arg>Test Launch</arg>
<doc>Runs the given keyword with given arguments and returns the status as a Boolean value.</doc>
<kw name="Test Launch">
<kw name="Start Process" library="Process">
<arg>launch_sum.bat</arg>
<arg>shell=true</arg>
<arg>cwd=${spp_drive_path}\\</arg>
<doc>Starts a new process on background.</doc>
<msg timestamp="20210901 12:49:02.210" level="INFO">Starting process:
launch_sum.bat</msg>
<status status="PASS" starttime="20210901 12:49:02.210" endtime="20210901 12:49:02.217"/>
</kw>
<kw name="Sleep" library="BuiltIn">
<arg>1 min</arg>
<doc>Pauses the test executed for the given time.</doc>
<msg timestamp="20210901 12:50:02.218" level="INFO">Slept 1 minute</msg>
<status status="PASS" starttime="20210901 12:49:02.217" endtime="20210901 12:50:02.218"/>
</kw>
<kw name="Run Process" library="Process">
<arg>Taskkill /F /IM firefox.exe</arg>
<arg>shell=True</arg>
<doc>Runs a process and waits for it to complete.</doc>
<msg timestamp="20210901 12:50:02.218" level="INFO">Starting process:
Taskkill /F /IM firefox.exe</msg>
<msg timestamp="20210901 12:50:02.218" level="INFO">Waiting for process to complete.</msg>
<msg timestamp="20210901 12:50:02.339" level="INFO">Process completed.</msg>
<status status="PASS" starttime="20210901 12:50:02.218" endtime="20210901 12:50:02.339"/>
</kw>
<kw name="Sleep" library="BuiltIn">
<arg>2</arg>
<doc>Pauses the test executed for the given time.</doc>
<msg timestamp="20210901 12:50:04.343" level="INFO">Slept 2 seconds</msg>
<status status="PASS" starttime="20210901 12:50:02.340" endtime="20210901 12:50:04.343"/>
</kw>
<kw name="Open Browser" library="Selenium2Library">
<arg>https://localhost:63002/index.html</arg>
<arg>ff</arg>
<doc>Opens a new browser instance to the optional ``url``.</doc>
<msg timestamp="20210901 12:50:04.343" level="INFO">Opening browser 'ff' to base url 'https://localhost:63002/index.html'.</msg>
<msg timestamp="20210901 12:50:04.343" level="INFO">Firefox driver log is always forced to to: C:\Users\Administrator\Desktop\SUM_Automation\geckodriver-25.log</msg>
<status status="PASS" starttime="20210901 12:50:04.343" endtime="20210901 12:50:09.203"/>
</kw>
<kw name="Maximize Browser Window" library="Selenium2Library">
<doc>Maximizes current browser window.</doc>
<status status="PASS" starttime="20210901 12:50:09.203" endtime="20210901 12:50:09.219"/>
</kw>
<kw name="Wait Until Page Contains" library="Selenium2Library">
<arg>Login</arg>
<arg>timeout=10</arg>
<doc>Waits until ``text`` appears on the current page.</doc>
<status status="PASS" starttime="20210901 12:50:09.219" endtime="20210901 12:50:09.676"/>
</kw>
<kw name="Input Text" library="Selenium2Library">
<arg>xpath://input[@id='hp-login-user']</arg>
<arg>Administrator</arg>
<doc>Types the given ``text`` into the text field identified by ``locator``.</doc>
<msg timestamp="20210901 12:50:09.677" level="INFO">Typing text 'Administrator' into text field 'xpath://input[@id='hp-login-user']'.</msg>
<status status="PASS" starttime="20210901 12:50:09.676" endtime="20210901 12:50:09.712"/>
</kw>
<kw name="Input Text" library="Selenium2Library">
<arg>xpath://input[@id='hp-login-password']</arg>
<arg>Hptc_ib</arg>
<doc>Types the given ``text`` into the text field identified by ``locator``.</doc>
<msg timestamp="20210901 12:50:09.713" level="INFO">Typing text 'Hptc_ib' into text field 'xpath://input[@id='hp-login-password']'.</msg>
<status status="PASS" starttime="20210901 12:50:09.712" endtime="20210901 12:50:09.727"/>
</kw>
<kw name="Click Element" library="Selenium2Library">
<arg>xpath://button[@id='hp-login-button']</arg>
<doc>Click the element identified by ``locator``.</doc>
<msg timestamp="20210901 12:50:09.727" level="INFO">Clicking element 'xpath://button[@id='hp-login-button']'.</msg>
<status status="PASS" starttime="20210901 12:50:09.727" endtime="20210901 12:50:09.775"/>
</kw>
<status status="PASS" starttime="20210901 12:49:02.210" endtime="20210901 12:50:09.775"/>
</kw>
<msg timestamp="20210901 12:50:09.775" level="INFO">${launch_status} = True</msg>
<status status="PASS" starttime="20210901 12:49:02.210" endtime="20210901 12:50:09.775"/>
</kw>
<kw name="Log To Console" library="BuiltIn">
<arg>Trial ${inc} : Web browser launch successful : ${launch_status}</arg>
<doc>Logs the given message to the console.</doc>
<status status="PASS" starttime="20210901 12:50:09.776" endtime="20210901 12:50:09.776"/>
</kw>
<kw name="Exit For Loop If" library="BuiltIn">
<arg>${launch_status}==True</arg>
<doc>Stops executing the enclosing for loop if the ``condition`` is true.</doc>
<msg timestamp="20210901 12:50:09.777" level="INFO">Exiting for loop altogether.</msg>
<status status="PASS" starttime="20210901 12:50:09.776" endtime="20210901 12:50:09.777"/>
</kw>
<status status="PASS" starttime="20210901 12:48:59.627" endtime="20210901 12:50:09.777"/>
</iter>
<status status="PASS" starttime="20210901 12:48:59.627" endtime="20210901 12:50:09.777"/>
</for>
<kw name="Run Keyword If" library="BuiltIn">
<arg>${launch_status}==False</arg>
<arg>FAIL</arg>
<doc>Runs the given keyword with the given arguments, if ``condition`` is true.</doc>
<status status="PASS" starttime="20210901 12:50:09.777" endtime="20210901 12:50:09.777"/>
</kw>
<status status="PASS" starttime="20210901 12:48:59.627" endtime="20210901 12:50:09.778"/>
</kw>
<msg timestamp="20210901 12:50:09.778" level="INFO">${start_condition} = ('PASS', None)</msg>
<status status="PASS" starttime="20210901 12:48:59.627" endtime="20210901 12:50:09.778"/>
</kw>
<kw name="Continue For Loop If" library="BuiltIn">
<arg>'${start_condition}[0]'=='FAIL'</arg>
<doc>Skips the current for loop iteration if the ``condition`` is true.</doc>
<status status="PASS" starttime="20210901 12:50:09.778" endtime="20210901 12:50:09.779"/>
</kw>
<kw name="Log To Console" library="BuiltIn">
<arg>Browser launch was successful.</arg>
<doc>Logs the given message to the console.</doc>
<status status="PASS" starttime="20210901 12:50:09.779" endtime="20210901 12:50:09.779"/>
</kw>
<kw name="Split String" library="String">
<var>${node}</var>
<arg>${node_line}</arg>
<arg>${SPACE}</arg>
<doc>Splits the ``string`` using ``separator`` as a delimiter string.</doc>
<msg timestamp="20210901 12:50:09.779" level="INFO">${node} = ['10.0.205.20', 'root', 'Hptc_ib', 'Linux', 'Both']</msg>
<status status="PASS" starttime="20210901 12:50:09.779" endtime="20210901 12:50:09.779"/>
</kw>
<kw name="Set Screenshot Directory" library="Selenium2Library">
<arg>${output_path}\\${spp_dir_name}\\${day}\\output_logs\\${node}[0]\\screenshots</arg>
<doc>Sets the directory for captured screenshots.</doc>
<status status="PASS" starttime="20210901 12:50:09.779" endtime="20210901 12:50:09.780"/>
</kw>
<kw name="Run Keyword And Ignore Error" library="BuiltIn">
<var>${baseline_condition}</var>
<arg>Test Baseline</arg>
<doc>Runs the given keyword with the given arguments and ignores possible error.</doc>
<kw name="Test Baseline">
<kw name="Log To Console" library="BuiltIn">
<arg>Baseline test has been started.</arg>
<doc>Logs the given message to the console.</doc>
<status status="PASS" starttime="20210901 12:50:09.781" endtime="20210901 12:50:09.781"/>
</kw>
<kw name="Set Selenium Implicit Wait" library="Selenium2Library">
<arg>20</arg>
<doc>Sets the implicit wait value used by Selenium.</doc>
<status status="PASS" starttime="20210901 12:50:09.781" endtime="20210901 12:50:09.783"/>
</kw>
<kw name="Wait Until Page Contains" library="Selenium2Library">
<arg>Baseline</arg>
<arg>timeout=5</arg>
<doc>Waits until ``text`` appears on the current page.</doc>
<status status="PASS" starttime="20210901 12:50:09.783" endtime="20210901 12:50:09.786"/>
</kw>
<kw name="Click Element" library="Selenium2Library">
<arg>xpath://li[@id='select-baseline']//div[@class='hp-home-ico']</arg>
<doc>Click the element identified by ``locator``.</doc>
<msg timestamp="20210901 12:50:09.786" level="INFO">Clicking element 'xpath://li[@id='select-baseline']//div[@class='hp-home-ico']'.</msg>
<status status="PASS" starttime="20210901 12:50:09.786" endtime="20210901 12:50:09.926"/>
</kw>
<kw name="Run Keyword And Ignore Error" library="BuiltIn">
<var>${baseline_addition_status}</var>
<arg>wait until element contains</arg>
<arg>xpath://header[@class='hp-notification-summary']</arg>
<arg>Baseline successfully added</arg>
<doc>Runs the given keyword with the given arguments and ignores possible error.</doc>
<kw name="Wait Until Element Contains" library="Selenium2Library">
<arg>xpath://header[@class='hp-notification-summary']</arg>
<arg>Baseline successfully added</arg>
<doc>Waits until the element ``locator`` contains ``text``.</doc>
<status status="PASS" starttime="20210901 12:50:09.927" endtime="20210901 12:50:10.411"/>
</kw>
<msg timestamp="20210901 12:50:10.412" level="INFO">${baseline_addition_status} = ('PASS', None)</msg>
<status status="PASS" starttime="20210901 12:50:09.926" endtime="20210901 12:50:10.412"/>
</kw>
<kw name="Run Keyword If" library="BuiltIn">
<arg>'${baseline_addition_status}[0]' == 'FAIL'</arg>
<arg>Test Baseline Continue</arg>
<doc>Runs the given keyword with the given arguments, if ``condition`` is true.</doc>
<status status="PASS" starttime="20210901 12:50:10.412" endtime="20210901 12:50:10.412"/>
</kw>
<kw name="Run Keyword If" library="BuiltIn">
<var>${custom_baseline_addition_status}</var>
<arg>'${custom_baseline_path}'!='None'</arg>
<arg>run keyword and ignore error</arg>
<arg>Test Custom Baseline</arg>
<doc>Runs the given keyword with the given arguments, if ``condition`` is true.</doc>
<msg timestamp="20210901 12:50:10.413" level="INFO">${custom_baseline_addition_status} = None</msg>
<status status="PASS" starttime="20210901 12:50:10.412" endtime="20210901 12:50:10.413"/>
</kw>
<kw name="Run Keyword If" library="BuiltIn">
<arg>'${custom_baseline_addition_status}'=='FAIL'</arg>
<arg>FAIL</arg>
<doc>Runs the given keyword with the given arguments, if ``condition`` is true.</doc>
<status status="PASS" starttime="20210901 12:50:10.413" endtime="20210901 12:50:10.413"/>
</kw>
<kw name="Go Back" library="Selenium2Library">
<doc>Simulates the user clicking the back button on their browser.</doc>
<status status="PASS" starttime="20210901 12:50:10.413" endtime="20210901 12:50:10.422"/>
</kw>
<status status="PASS" starttime="20210901 12:50:09.780" endtime="20210901 12:50:10.422"/>
</kw>
<msg timestamp="20210901 12:50:10.422" level="INFO">${baseline_condition} = ('PASS', None)</msg>
<status status="PASS" starttime="20210901 12:50:09.780" endtime="20210901 12:50:10.422"/>
</kw>
<kw name="Run Keyword If" library="BuiltIn">
<arg>'${baseline_condition}[0]'=='FAIL'</arg>
<arg>Test Main Error</arg>
<arg>Baseline_Addition_Failed</arg>
<arg>${node}</arg>
<doc>Runs the given keyword with the given arguments, if ``condition`` is true.</doc>
<status status="PASS" starttime="20210901 12:50:10.422" endtime="20210901 12:50:10.423"/>
</kw>
<kw name="Run Keyword If" library="BuiltIn">
<arg>'${baseline_condition}[0]'=='FAIL'</arg>
<arg>capture page screenshot</arg>
<doc>Runs the given keyword with the given arguments, if ``condition`` is true.</doc>
<status status="PASS" starttime="20210901 12:50:10.423" endtime="20210901 12:50:10.423"/>
</kw>
<kw name="Continue For Loop If" library="BuiltIn">
<arg>'${baseline_condition}[0]'=='FAIL'</arg>
<doc>Skips the current for loop iteration if the ``condition`` is true.</doc>
<status status="PASS" starttime="20210901 12:50:10.423" endtime="20210901 12:50:10.424"/>
</kw>
<kw name="Log To Console" library="BuiltIn">
<arg>Baseline added successfully.</arg>
<doc>Logs the given message to the console.</doc>
<status status="PASS" starttime="20210901 12:50:10.424" endtime="20210901 12:50:10.424"/>
</kw>
<kw name="Run Keyword And Ignore Error" library="BuiltIn">
<var>${add_node_condition}</var>
<arg>Test Addnode</arg>
<arg>${node}</arg>
<doc>Runs the given keyword with the given arguments and ignores possible error.</doc>
<kw name="Test Addnode">
<arg>${node}</arg>
<kw name="Log To Console" library="BuiltIn">
<arg>Adding node.</arg>
<doc>Logs the given message to the console.</doc>
<status status="PASS" starttime="20210901 12:50:10.425" endtime="20210901 12:50:10.425"/>
</kw>
<kw name="Sleep" library="BuiltIn">
<arg>5</arg>
<doc>Pauses the test executed for the given time.</doc>
<msg timestamp="20210901 12:50:15.435" level="INFO">Slept 5 seconds</msg>
<status status="PASS" starttime="20210901 12:50:10.425" endtime="20210901 12:50:15.435"/>
</kw>
<kw name="Wait Until Page Contains" library="Selenium2Library">
<arg>Nodes</arg>
<arg>timeout=10</arg>
<doc>Waits until ``text`` appears on the current page.</doc>
<status status="PASS" starttime="20210901 12:50:15.435" endtime="20210901 12:50:15.435"/>
</kw>
<kw name="Click Element" library="Selenium2Library">
<arg>xpath://li[@id='select-node']//div[@class='hp-home-ico']</arg>
<doc>Click the element identified by ``locator``.</doc>
<msg timestamp="20210901 12:50:15.435" level="INFO">Clicking element 'xpath://li[@id='select-node']//div[@class='hp-home-ico']'.</msg>
<status status="PASS" starttime="20210901 12:50:15.435" endtime="20210901 12:50:15.466"/>
</kw>
<kw name="Sleep" library="BuiltIn">
<arg>2</arg>
<doc>Pauses the test executed for the given time.</doc>
<msg timestamp="20210901 12:50:17.472" level="INFO">Slept 2 seconds</msg>
<status status="PASS" starttime="20210901 12:50:15.466" endtime="20210901 12:50:17.472"/>
</kw>
<kw name="Click Element" library="Selenium2Library">
<arg>xpath://a[@class='hp-button hp-secondary']</arg>
<doc>Click the element identified by ``locator``.</doc>
<msg timestamp="20210901 12:50:17.472" level="INFO">Clicking element 'xpath://a[@class='hp-button hp-secondary']'.</msg>
<status status="PASS" starttime="20210901 12:50:17.472" endtime="20210901 12:50:17.488"/>
</kw>
<kw name="Sleep" library="BuiltIn">
<arg>2</arg>
<doc>Pauses the test executed for the given time.</doc>
<msg timestamp="20210901 12:50:19.488" level="INFO">Slept 2 seconds</msg>
<status status="PASS" starttime="20210901 12:50:17.488" endtime="20210901 12:50:19.488"/>
</kw>
<kw name="Input Text" library="Selenium2Library">
<arg>xpath://input[@id='hpsum-node-name']</arg>
<arg>${node}[0]</arg>
<doc>Types the given ``text`` into the text field identified by ``locator``.</doc>
<msg timestamp="20210901 12:50:19.488" level="INFO">Typing text '10.0.205.20' into text field 'xpath://input[@id='hpsum-node-name']'.</msg>
<status status="PASS" starttime="20210901 12:50:19.488" endtime="20210901 12:50:19.520"/>
</kw>
<kw name="Click Element" library="Selenium2Library">
<arg>xpath://a[@class='selectBox hp-select selectBox-dropdown']</arg>
<doc>Click the element identified by ``locator``.</doc>
<msg timestamp="20210901 12:50:19.520" level="INFO">Clicking element 'xpath://a[@class='selectBox hp-select selectBox-dropdown']'.</msg>
<status status="PASS" starttime="20210901 12:50:19.520" endtime="20210901 12:50:19.742"/>
</kw>
<kw name="Wait Until Page Contains" library="Selenium2Library">
<arg>Linux</arg>
<doc>Waits until ``text`` appears on the current page.</doc>
<status status="PASS" starttime="20210901 12:50:19.742" endtime="20210901 12:50:19.758"/>
</kw>
<kw name="Run Keyword If" library="BuiltIn">
<arg>'${node}[3]'=='Windows'</arg>
<arg>click element</arg>
<arg>xpath://a[contains(text(),'Windows')]</arg>
<doc>Runs the given keyword with the given arguments, if ``condition`` is true.</doc>
<status status="PASS" starttime="20210901 12:50:19.758" endtime="20210901 12:50:19.758"/>
</kw>
<kw name="Run Keyword If" library="BuiltIn">
<arg>'${node}[3]'=='Linux'</arg>
<arg>click element</arg>
<arg>xpath://a[contains(text(),'Linux')]</arg>
<doc>Runs the given keyword with the given arguments, if ``condition`` is true.</doc>
<kw name="Click Element" library="Selenium2Library">
<arg>xpath://a[contains(text(),'Linux')]</arg>
<doc>Click the element identified by ``locator``.</doc>
<msg timestamp="20210901 12:50:19.758" level="INFO">Clicking element 'xpath://a[contains(text(),'Linux')]'.</msg>
<status status="PASS" starttime="20210901 12:50:19.758" endtime="20210901 12:50:19.990"/>
</kw>
<status status="PASS" starttime="20210901 12:50:19.758" endtime="20210901 12:50:19.990"/>
</kw>
<kw name="Run Keyword If" library="BuiltIn">
<arg>'${node}[3]'=='iLO-ESXi'</arg>
<arg>click element</arg>
<arg>xpath://a[contains(text(),'iLO')]</arg>
<doc>Runs the given keyword with the given arguments, if ``condition`` is true.</doc>
<status status="PASS" starttime="20210901 12:50:19.990" endtime="20210901 12:50:19.990"/>
</kw>
<kw name="Sleep" library="BuiltIn">
<arg>2</arg>
<doc>Pauses the test executed for the given time.</doc>
<msg timestamp="20210901 12:50:21.997" level="INFO">Slept 2 seconds</msg>
<status status="PASS" starttime="20210901 12:50:19.990" endtime="20210901 12:50:21.997"/>
</kw>
<kw name="Run Keyword And Ignore Error" library="BuiltIn">
<arg>click element</arg>
<arg>xpath://input[@id='hpsum-node-replace']</arg>
<doc>Runs the given keyword with the given arguments and ignores possible error.</doc>
<kw name="Click Element" library="Selenium2Library">
<arg>xpath://input[@id='hpsum-node-replace']</arg>
<doc>Click the element identified by ``locator``.</doc>
<msg timestamp="20210901 12:50:21.997" level="INFO">Clicking element 'xpath://input[@id='hpsum-node-replace']'.</msg>
<status status="PASS" starttime="20210901 12:50:21.997" endtime="20210901 12:50:22.229"/>
</kw>
<status status="PASS" starttime="20210901 12:50:21.997" endtime="20210901 12:50:22.229"/>
</kw>
<kw name="Click Element" library="Selenium2Library">
<arg>xpath://div[@id='hpsum-node-edit-baseline-list']//div[@class='hp-search-combo-control']</arg>
<doc>Click the element identified by ``locator``.</doc>
<msg timestamp="20210901 12:50:22.229" level="INFO">Clicking element 'xpath://div[@id='hpsum-node-edit-baseline-list']//div[@class='hp-search-combo-control']'.</msg>
<status status="PASS" starttime="20210901 12:50:22.229" endtime="20210901 12:50:22.468"/>
</kw>
<kw name="Click Element" library="Selenium2Library">
<arg>xpath://div[@class='hp-search-combo-menu']</arg>
<doc>Click the element identified by ``locator``.</doc>
<msg timestamp="20210901 12:50:22.468" level="INFO">Clicking element 'xpath://div[@class='hp-search-combo-menu']'.</msg>
<status status="PASS" starttime="20210901 12:50:22.468" endtime="20210901 12:50:22.700"/>
</kw>
<kw name="Sleep" library="BuiltIn">
<arg>2</arg>
<doc>Pauses the test executed for the given time.</doc>
<msg timestamp="20210901 12:50:24.714" level="INFO">Slept 2 seconds</msg>
<status status="PASS" starttime="20210901 12:50:22.700" endtime="20210901 12:50:24.714"/>
</kw>
<kw name="Input Text" library="Selenium2Library">
<arg>xpath://input[@id='hpsum-node-add-baselines-search-input']</arg>
<arg>Service</arg>
<doc>Types the given ``text`` into the text field identified by ``locator``.</doc>
<msg timestamp="20210901 12:50:24.714" level="INFO">Typing text 'Service' into text field 'xpath://input[@id='hpsum-node-add-baselines-search-input']'.</msg>
<status status="PASS" starttime="20210901 12:50:24.714" endtime="20210901 12:50:24.783"/>
</kw>
<kw name="Click Element" library="Selenium2Library">
<arg>xpath://div[@class='hp-search-combo-menu']//li</arg>
<doc>Click the element identified by ``locator``.</doc>
<msg timestamp="20210901 12:50:24.783" level="INFO">Clicking element 'xpath://div[@class='hp-search-combo-menu']//li'.</msg>
<status status="PASS" starttime="20210901 12:50:24.783" endtime="20210901 12:50:25.015"/>
</kw>
<kw name="Run Keyword If" library="BuiltIn">
<arg>'${custom_baseline_path}'!='None'</arg>
<arg>input text</arg>
<arg>xpath://input[@id='hpsum-node-add-hotfix-search-input']</arg>
<arg>ad</arg>
<doc>Runs the given keyword with the given arguments, if ``condition`` is true.</doc>
<status status="PASS" starttime="20210901 12:50:25.015" endtime="20210901 12:50:25.015"/>
</kw>
<kw name="Run Keyword If" library="BuiltIn">
<arg>'${custom_baseline_path}'!='None'</arg>
<arg>sleep</arg>
<arg>2</arg>
<doc>Runs the given keyword with the given arguments, if ``condition`` is true.</doc>
<status status="PASS" starttime="20210901 12:50:25.015" endtime="20210901 12:50:25.015"/>
</kw>
<kw name="Run Keyword If" library="BuiltIn">
<arg>'${custom_baseline_path}'!='None'</arg>
<arg>click element</arg>
<arg>xpath://div[@class='hp-search-combo hp-active']//li</arg>
<doc>Runs the given keyword with the given arguments, if ``condition`` is true.</doc>
<status status="PASS" starttime="20210901 12:50:25.015" endtime="20210901 12:50:25.015"/>
</kw>
<kw name="Run Keyword If" library="BuiltIn">
<arg>'${custom_baseline_path}'!='None'</arg>
<arg>click element</arg>
<arg>xpath://div[@id='hpsum-node-edit-baseline-list']//div[@class='hp-close']</arg>
<doc>Runs the given keyword with the given arguments, if ``condition`` is true.</doc>
<status status="PASS" starttime="20210901 12:50:25.015" endtime="20210901 12:50:25.015"/>
</kw>
<kw name="Input Text" library="Selenium2Library">
<arg>xpath://input[@id='hpsum-node-credential-username']</arg>
<arg>${node}[1]</arg>
<doc>Types the given ``text`` into the text field identified by ``locator``.</doc>
<msg timestamp="20210901 12:50:25.015" level="INFO">Typing text 'root' into text field 'xpath://input[@id='hpsum-node-credential-username']'.</msg>
<status status="PASS" starttime="20210901 12:50:25.015" endtime="20210901 12:50:25.053"/>
</kw>
<kw name="Input Text" library="Selenium2Library">
<arg>xpath://input[@id='hpsum-node-credential-password']</arg>
<arg>${node}[2]</arg>
<doc>Types the given ``text`` into the text field identified by ``locator``.</doc>
<msg timestamp="20210901 12:50:25.053" level="INFO">Typing text 'Hptc_ib' into text field 'xpath://input[@id='hpsum-node-credential-password']'.</msg>
<status status="PASS" starttime="20210901 12:50:25.053" endtime="20210901 12:50:25.069"/>
</kw>
<kw name="Click Button" library="Selenium2Library">
<arg>Add</arg>
<doc>Clicks the button identified by ``locator``.</doc>
<msg timestamp="20210901 12:50:25.069" level="INFO">Clicking button 'Add'.</msg>
<status status="PASS" starttime="20210901 12:50:25.069" endtime="20210901 12:50:45.174"/>
</kw>
<kw name="Sleep" library="BuiltIn">
<arg>2</arg>
<doc>Pauses the test executed for the given time.</doc>
<msg timestamp="20210901 12:50:47.183" level="INFO">Slept 2 seconds</msg>
<status status="PASS" starttime="20210901 12:50:45.174" endtime="20210901 12:50:47.183"/>
</kw>
<kw name="Run Keyword And Ignore Error" library="BuiltIn">
<arg>click button</arg>
<arg>Close</arg>
<doc>Runs the given keyword with the given arguments and ignores possible error.</doc>
<kw name="Click Button" library="Selenium2Library">
<arg>Close</arg>
<doc>Clicks the button identified by ``locator``.</doc>
<msg timestamp="20210901 12:50:47.183" level="INFO">Clicking button 'Close'.</msg>
<msg timestamp="20210901 12:51:27.217" level="FAIL">Button with locator 'Close' not found.</msg>
<status status="FAIL" starttime="20210901 12:50:47.183" endtime="20210901 12:51:27.217"/>
</kw>
<status status="PASS" starttime="20210901 12:50:47.183" endtime="20210901 12:51:27.217"/>
</kw>
<status status="PASS" starttime="20210901 12:50:10.424" endtime="20210901 12:51:27.217"/>
</kw>
<msg timestamp="20210901 12:51:27.217" level="INFO">${add_node_condition} = ('PASS', None)</msg>
<status status="PASS" starttime="20210901 12:50:10.424" endtime="20210901 12:51:27.217"/>
</kw>
<kw name="Run Keyword If" library="BuiltIn">
<arg>'${add_node_condition}[0]'=='FAIL'</arg>
<arg>capture page screenshot</arg>
<doc>Runs the given keyword with the given arguments, if ``condition`` is true.</doc>
<status status="PASS" starttime="20210901 12:51:27.217" endtime="20210901 12:51:27.217"/>
</kw>
<kw name="Run Keyword If" library="BuiltIn">
<arg>'${add_node_condition}[0]'=='FAIL'</arg>
<arg>Test Main Error</arg>
<arg>Node_Addition_Failed</arg>
<arg>${node}</arg>
<doc>Runs the given keyword with the given arguments, if ``condition`` is true.</doc>
<status status="PASS" starttime="20210901 12:51:27.217" endtime="20210901 12:51:27.217"/>
</kw>
<kw name="Continue For Loop If" library="BuiltIn">
<arg>'${add_node_condition}[0]'=='FAIL'</arg>
<doc>Skips the current for loop iteration if the ``condition`` is true.</doc>
<status status="PASS" starttime="20210901 12:51:27.217" endtime="20210901 12:51:27.217"/>
</kw>
<kw name="Log To Console" library="BuiltIn">
<arg>Node ${node_line} successfully added.</arg>
<doc>Logs the given message to the console.</doc>
<status status="PASS" starttime="20210901 12:51:27.217" endtime="20210901 12:51:27.217"/>
</kw>
<kw name="Run Keyword And Ignore Error" library="BuiltIn">
<var>${inventory_condition}</var>
<arg>Test Inventory</arg>
<doc>Runs the given keyword with the given arguments and ignores possible error.</doc>
<kw name="Test Inventory">
<kw name="Log To Console" library="BuiltIn">
<arg>Inventory has been started.</arg>
<doc>Logs the given message to the console.</doc>
<status status="PASS" starttime="20210901 12:51:27.217" endtime="20210901 12:51:27.217"/>
</kw>
<kw name="Wait Until Page Contains" library="Selenium2Library">
<arg>Perform inventory</arg>
<arg>timeout=10 min</arg>
<doc>Waits until ``text`` appears on the current page.</doc>
<status status="PASS" starttime="20210901 12:51:27.217" endtime="20210901 12:51:33.587"/>
</kw>
<kw name="Click Element" library="Selenium2Library">
<arg>xpath://label[contains(text(),'Actions')]</arg>
<doc>Click the element identified by ``locator``.</doc>
<msg timestamp="20210901 12:51:33.587" level="INFO">Clicking element 'xpath://label[contains(text(),'Actions')]'.</msg>
<status status="PASS" starttime="20210901 12:51:33.587" endtime="20210901 12:51:33.818"/>
</kw>
<kw name="Sleep" library="BuiltIn">
<arg>2</arg>
<doc>Pauses the test executed for the given time.</doc>
<msg timestamp="20210901 12:51:35.826" level="INFO">Slept 2 seconds</msg>
<status status="PASS" starttime="20210901 12:51:33.818" endtime="20210901 12:51:35.826"/>
</kw>
<kw name="Wait Until Page Contains" library="Selenium2Library">
<arg>Inventory</arg>
<arg>timeout=10</arg>
<doc>Waits until ``text`` appears on the current page.</doc>
<status status="PASS" starttime="20210901 12:51:35.826" endtime="20210901 12:51:35.832"/>
</kw>
<kw name="Click Element" library="Selenium2Library">
<arg>xpath://a[@id='hpsum-node-action-inventory']</arg>
<doc>Click the element identified by ``locator``.</doc>
<msg timestamp="20210901 12:51:35.832" level="INFO">Clicking element 'xpath://a[@id='hpsum-node-action-inventory']'.</msg>
<status status="PASS" starttime="20210901 12:51:35.832" endtime="20210901 12:51:35.863"/>
</kw>
<kw name="Sleep" library="BuiltIn">
<arg>2</arg>
<doc>Pauses the test executed for the given time.</doc>
<msg timestamp="20210901 12:51:37.877" level="INFO">Slept 2 seconds</msg>
<status status="PASS" starttime="20210901 12:51:35.863" endtime="20210901 12:51:37.877"/>
</kw>
<kw name="Click Button" library="Selenium2Library">
<arg>Inventory</arg>
<doc>Clicks the button identified by ``locator``.</doc>
<msg timestamp="20210901 12:51:37.877" level="INFO">Clicking button 'Inventory'.</msg>
<status status="PASS" starttime="20210901 12:51:37.877" endtime="20210901 12:51:37.946"/>
</kw>
<kw name="Create File" library="OperatingSystem">
<arg>${output_path}\\${spp_dir_name}\\${day}\\output_logs\\Details\\warnings.txt</arg>
<doc>Creates a file with the given content and encoding.</doc>
<msg timestamp="20210901 12:51:37.962" level="INFO" html="true">Created file '&lt;a href="file://C:\Users\Administrator\Desktop\SPPGen10PlusSnap5.2021_0819.46.iso\01_09_2021_12_48_55_\output_logs\Details\warnings.txt"&gt;C:\Users\Administrator\Desktop\SPPGen10PlusSnap5.2021_0819.46.iso\01_09_2021_12_48_55_\output_logs\Details\warnings.txt&lt;/a&gt;'.</msg>
<status status="PASS" starttime="20210901 12:51:37.946" endtime="20210901 12:51:37.962"/>
</kw>
<kw name="Run Keyword And Ignore Error" library="BuiltIn">
<var>${status}</var>
<var>${warning}</var>
<arg>get text</arg>
<arg>xpath://div[@id='hpsum-warning-messages']</arg>
<doc>Runs the given keyword with the given arguments and ignores possible error.</doc>
<kw name="Get Text" library="Selenium2Library">
<arg>xpath://div[@id='hpsum-warning-messages']</arg>
<doc>Returns the text value of the element identified by ``locator``.</doc>
<status status="PASS" starttime="20210901 12:51:37.962" endtime="20210901 12:51:38.162"/>
</kw>
<msg timestamp="20210901 12:51:38.178" level="INFO">${status} = PASS</msg>
<msg timestamp="20210901 12:51:38.178" level="INFO">${warning} = </msg>
<status status="PASS" starttime="20210901 12:51:37.962" endtime="20210901 12:51:38.178"/>
</kw>
<kw name="Append To File" library="OperatingSystem">
<arg>${output_path}\\${spp_dir_name}\\${day}\\output_logs\\Details\\warnings.txt</arg>
<arg>During inventory \n ${warning} \n \n</arg>
<doc>Appends the given content to the specified file.</doc>
<msg timestamp="20210901 12:51:38.178" level="INFO" html="true">Appended to file '&lt;a href="file://C:\Users\Administrator\Desktop\SPPGen10PlusSnap5.2021_0819.46.iso\01_09_2021_12_48_55_\output_logs\Details\warnings.txt"&gt;C:\Users\Administrator\Desktop\SPPGen10PlusSnap5.2021_0819.46.iso\01_09_2021_12_48_55_\output_logs\Details\warnings.txt&lt;/a&gt;'.</msg>
<status status="PASS" starttime="20210901 12:51:38.178" endtime="20210901 12:51:38.178"/>
</kw>
<kw name="Sleep" library="BuiltIn">
<arg>10 min</arg>
<doc>Pauses the test executed for the given time.</doc>
<msg timestamp="20210901 13:01:38.190" level="INFO">Slept 10 minutes</msg>
<status status="PASS" starttime="20210901 12:51:38.178" endtime="20210901 13:01:38.190"/>
</kw>
<kw name="Run Keyword And Ignore Error" library="BuiltIn">
<var>${inventory_status}</var>
<arg>page should contain</arg>
<arg>Inventory failed</arg>
<doc>Runs the given keyword with the given arguments and ignores possible error.</doc>
<kw name="Page Should Contain" library="Selenium2Library">
<arg>Inventory failed</arg>
<doc>Verifies that current page contains ``text``.</doc>
<msg timestamp="20210901 13:02:18.235" level="FAIL">Page should have contained text 'Inventory failed' but did not.</msg>
<status status="FAIL" starttime="20210901 13:01:38.190" endtime="20210901 13:02:18.235"/>
</kw>
<msg timestamp="20210901 13:02:18.235" level="INFO">${inventory_status} = ('FAIL', "Page should have contained text 'Inventory failed' but did not.")</msg>
<status status="PASS" starttime="20210901 13:01:38.190" endtime="20210901 13:02:18.235"/>
</kw>
<kw name="Run Keyword If" library="BuiltIn">
<arg>'${inventory_status}[0]'=='PASS'</arg>
<arg>FAIL</arg>
<doc>Runs the given keyword with the given arguments, if ``condition`` is true.</doc>
<status status="PASS" starttime="20210901 13:02:18.235" endtime="20210901 13:02:18.235"/>
</kw>
<kw name="Wait Until Page Contains" library="Selenium2Library">
<arg>Ready for deployment</arg>
<arg>timeout=30 min</arg>
<doc>Waits until ``text`` appears on the current page.</doc>
<status status="PASS" starttime="20210901 13:02:18.235" endtime="20210901 13:03:22.305"/>
</kw>
<status status="PASS" starttime="20210901 12:51:27.217" endtime="20210901 13:03:22.305"/>
</kw>
<msg timestamp="20210901 13:03:22.305" level="INFO">${inventory_condition} = ('PASS', None)</msg>
<status status="PASS" starttime="20210901 12:51:27.217" endtime="20210901 13:03:22.305"/>
</kw>
<kw name="Run Keyword If" library="BuiltIn">
<arg>'${inventory_condition}[0]'=='FAIL'</arg>
<arg>Test Main Error</arg>
<arg>Inventory_Failed</arg>
<arg>${node}</arg>
<doc>Runs the given keyword with the given arguments, if ``condition`` is true.</doc>
<status status="PASS" starttime="20210901 13:03:22.305" endtime="20210901 13:03:22.305"/>
</kw>
<kw name="Run Keyword If" library="BuiltIn">
<arg>'${inventory_condition}[0]'=='FAIL'</arg>
<arg>capture page screenshot</arg>
<doc>Runs the given keyword with the given arguments, if ``condition`` is true.</doc>
<status status="PASS" starttime="20210901 13:03:22.305" endtime="20210901 13:03:22.305"/>
</kw>
<kw name="Continue For Loop If" library="BuiltIn">
<arg>'${inventory_condition}[0]'=='FAIL'</arg>
<doc>Skips the current for loop iteration if the ``condition`` is true.</doc>
<status status="PASS" starttime="20210901 13:03:22.305" endtime="20210901 13:03:22.305"/>
</kw>
<kw name="Log To Console" library="BuiltIn">
<arg>Node ${node_line} inventory successful.</arg>
<doc>Logs the given message to the console.</doc>
<status status="PASS" starttime="20210901 13:03:22.305" endtime="20210901 13:03:22.305"/>
</kw>
<kw name="Run Keyword And Ignore Error" library="BuiltIn">
<var>${deployment_condition}</var>
<var>${selected}</var>
<arg>Test Deployment</arg>
<arg>${node}</arg>
<doc>Runs the given keyword with the given arguments and ignores possible error.</doc>
<kw name="Test Deployment">
<arg>${node}</arg>
<kw name="Log To Console" library="BuiltIn">
<arg>Deployment has been started</arg>
<doc>Logs the given message to the console.</doc>
<status status="PASS" starttime="20210901 13:03:22.305" endtime="20210901 13:03:22.305"/>
</kw>
<kw name="Run Keyword And Ignore Error" library="BuiltIn">
<var>${status}</var>
<var>${warning}</var>
<arg>get text</arg>
<arg>xpath://div[@id='hpsum-warning-messages']</arg>
<doc>Runs the given keyword with the given arguments and ignores possible error.</doc>
<kw name="Get Text" library="Selenium2Library">
<arg>xpath://div[@id='hpsum-warning-messages']</arg>
<doc>Returns the text value of the element identified by ``locator``.</doc>
<status status="PASS" starttime="20210901 13:03:22.305" endtime="20210901 13:03:22.321"/>
</kw>
<msg timestamp="20210901 13:03:22.321" level="INFO">${status} = PASS</msg>
<msg timestamp="20210901 13:03:22.321" level="INFO">${warning} = </msg>
<status status="PASS" starttime="20210901 13:03:22.305" endtime="20210901 13:03:22.321"/>
</kw>
<kw name="Run Keyword And Ignore Error" library="BuiltIn">
<arg>capture element screenshot</arg>
<arg>xpath://div[@id='hpsum-warning-messages']</arg>
<doc>Runs the given keyword with the given arguments and ignores possible error.</doc>
<kw name="Capture Element Screenshot" library="Selenium2Library">
<arg>xpath://div[@id='hpsum-warning-messages']</arg>
<doc>Captures a screenshot from the element identified by ``locator`` and embeds it into log file.</doc>
<msg timestamp="20210901 13:03:22.343" level="INFO" html="true">&lt;/td&gt;&lt;/tr&gt;&lt;tr&gt;&lt;td colspan="3"&gt;&lt;a href="../SPPGen10PlusSnap5.2021_0819.46.iso/01_09_2021_12_48_55_/output_logs/10.0.205.20/screenshots/selenium-element-screenshot-1.png"&gt;&lt;img src="../SPPGen10PlusSnap5.2021_0819.46.iso/01_09_2021_12_48_55_/output_logs/10.0.205.20/screenshots/selenium-element-screenshot-1.png" width="400px"&gt;&lt;/a&gt;</msg>
<status status="PASS" starttime="20210901 13:03:22.321" endtime="20210901 13:03:22.343"/>
</kw>
<status status="PASS" starttime="20210901 13:03:22.321" endtime="20210901 13:03:22.343"/>
</kw>
<kw name="Append To File" library="OperatingSystem">
<arg>${output_path}\\${spp_dir_name}\\${day}\\output_logs\\Details\\warnings.txt</arg>
<arg>When ready for deployment \n ${warning}</arg>
<doc>Appends the given content to the specified file.</doc>
<msg timestamp="20210901 13:03:22.359" level="INFO" html="true">Appended to file '&lt;a href="file://C:\Users\Administrator\Desktop\SPPGen10PlusSnap5.2021_0819.46.iso\01_09_2021_12_48_55_\output_logs\Details\warnings.txt"&gt;C:\Users\Administrator\Desktop\SPPGen10PlusSnap5.2021_0819.46.iso\01_09_2021_12_48_55_\output_logs\Details\warnings.txt&lt;/a&gt;'.</msg>
<status status="PASS" starttime="20210901 13:03:22.343" endtime="20210901 13:03:22.359"/>
</kw>
<kw name="Click Element" library="Selenium2Library">
<arg>xpath://a[contains(text(),'Review and deploy updates')]</arg>
<doc>Click the element identified by ``locator``.</doc>
<msg timestamp="20210901 13:03:22.359" level="INFO">Clicking element 'xpath://a[contains(text(),'Review and deploy updates')]'.</msg>
<status status="PASS" starttime="20210901 13:03:22.359" endtime="20210901 13:03:22.390"/>
</kw>
<kw name="Sleep" library="BuiltIn">
<arg>30</arg>
<doc>Pauses the test executed for the given time.</doc>
<msg timestamp="20210901 13:03:52.400" level="INFO">Slept 30 seconds</msg>
<status status="PASS" starttime="20210901 13:03:22.390" endtime="20210901 13:03:52.400"/>
</kw>
<kw name="Run Keyword And Ignore Error" library="BuiltIn">
<arg>click element</arg>
<arg>xpath://input[@class='useWEBEMcheckbox ignorewarnings']</arg>
<doc>Runs the given keyword with the given arguments and ignores possible error.</doc>
<kw name="Click Element" library="Selenium2Library">
<arg>xpath://input[@class='useWEBEMcheckbox ignorewarnings']</arg>
<doc>Click the element identified by ``locator``.</doc>
<msg timestamp="20210901 13:03:52.400" level="INFO">Clicking element 'xpath://input[@class='useWEBEMcheckbox ignorewarnings']'.</msg>
<msg timestamp="20210901 13:04:12.414" level="FAIL">Element with locator 'xpath://input[@class='useWEBEMcheckbox ignorewarnings']' not found.</msg>
<status status="FAIL" starttime="20210901 13:03:52.400" endtime="20210901 13:04:12.414"/>
</kw>
<status status="PASS" starttime="20210901 13:03:52.400" endtime="20210901 13:04:12.414"/>
</kw>
<kw name="Click Element" library="Selenium2Library">
<arg>xpath://a[@id='show-reboot-details']</arg>
<doc>Click the element identified by ``locator``.</doc>
<msg timestamp="20210901 13:04:12.414" level="INFO">Clicking element 'xpath://a[@id='show-reboot-details']'.</msg>
<status status="PASS" starttime="20210901 13:04:12.414" endtime="20210901 13:04:12.646"/>
</kw>
<kw name="Sleep" library="BuiltIn">
<arg>2</arg>
[...]
<status status="PASS" starttime="20210901 13:37:30.429" endtime="20210901 13:37:30.429"/>
</kw>
<kw name="Run Keyword And Ignore Error" library="BuiltIn">
<arg>click element</arg>
<arg>xpath:/html[1]/body[1]/div[2]/div[4]/div[1]/div[1]/section[1]/form[1]/div[1]/div[2]/div[1]/div[1]/div[1]/div[1]/table[1]/tbody[1]/tr[${place_count}]/td[5]/a[1]</arg>
<doc>Runs the given keyword with the given arguments and ignores possible error.</doc>
<kw name="Click Element" library="Selenium2Library">
<arg>xpath:/html[1]/body[1]/div[2]/div[4]/div[1]/div[1]/section[1]/form[1]/div[1]/div[2]/div[1]/div[1]/div[1]/div[1]/table[1]/tbody[1]/tr[${place_count}]/td[5]/a[1]</arg>
<doc>Click the element identified by ``locator``.</doc>
<msg timestamp="20210901 13:37:30.429" level="INFO">Clicking element 'xpath:/html[1]/body[1]/div[2]/div[4]/div[1]/div[1]/section[1]/form[1]/div[1]/div[2]/div[1]/div[1]/div[1]/div[1]/table[1]/tbody[1]/tr[6]/td[5]/a[1]'.</msg>
<status status="PASS" starttime="20210901 13:37:30.429" endtime="20210901 13:37:30.676"/>
</kw>
<status status="PASS" starttime="20210901 13:37:30.429" endtime="20210901 13:37:30.676"/>
</kw>
<kw name="Run Keyword And Ignore Error" library="BuiltIn">
<var>${name}</var>
<arg>get text</arg>
<arg>xpath:/html[1]/body[1]/div[2]/div[4]/div[1]/div[1]/section[1]/form[1]/div[1]/div[2]/div[1]/div[1]/div[1]/div[1]/table[1]/tbody[1]/tr[${place_count}]/td[3]</arg>
<doc>Runs the given keyword with the given arguments and ignores possible error.</doc>
<kw name="Get Text" library="Selenium2Library">
<arg>xpath:/html[1]/body[1]/div[2]/div[4]/div[1]/div[1]/section[1]/form[1]/div[1]/div[2]/div[1]/div[1]/div[1]/div[1]/table[1]/tbody[1]/tr[${place_count}]/td[3]</arg>
<doc>Returns the text value of the element identified by ``locator``.</doc>
<status status="PASS" starttime="20210901 13:37:30.676" endtime="20210901 13:37:30.683"/>
</kw>
<msg timestamp="20210901 13:37:30.683" level="INFO">${name} = ('PASS', 'HPE Mellanox RoCE (RDMA over Converged Ethernet) Driver for Mellanox ConnectX-4, ConnectX-5 and ConnectX-6 Adapters for Red Hat Enterprise Linux 8 Update 3 (x86_64)(mlnx-ofa_kernel-5.4-OFED....</msg>
<status status="PASS" starttime="20210901 13:37:30.676" endtime="20210901 13:37:30.683"/>
</kw>
<kw name="Run Keyword And Ignore Error" library="BuiltIn">
<var>${status}</var>
<var>${result}</var>
<arg>get text</arg>
<arg>xpath:/html[1]/body[1]/div[2]/div[4]/div[1]/div[1]/section[1]/form[1]/div[1]/div[2]/div[1]/div[1]/div[1]/div[1]/table[1]/tbody[1]/tr[${place_count}]/td[4]</arg>
<doc>Runs the given keyword with the given arguments and ignores possible error.</doc>
<kw name="Get Text" library="Selenium2Library">
<arg>xpath:/html[1]/body[1]/div[2]/div[4]/div[1]/div[1]/section[1]/form[1]/div[1]/div[2]/div[1]/div[1]/div[1]/div[1]/table[1]/tbody[1]/tr[${place_count}]/td[4]</arg>
<doc>Returns the text value of the element identified by ``locator``.</doc>
<status status="PASS" starttime="20210901 13:37:30.683" endtime="20210901 13:37:30.698"/>
</kw>
<msg timestamp="20210901 13:37:30.698" level="INFO">${status} = PASS</msg>
<msg timestamp="20210901 13:37:30.698" level="INFO">${result} = Success, reboot required to activate new version.</msg>
<status status="PASS" starttime="20210901 13:37:30.683" endtime="20210901 13:37:30.698"/>
</kw>
<kw name="Run Keyword And Ignore Error" library="BuiltIn">
<var>${entry}</var>
<arg>Get value</arg>
<arg>xpath://textarea[@id='log-details']</arg>
<doc>Runs the given keyword with the given arguments and ignores possible error.</doc>
<kw name="Get Value" library="Selenium2Library">
<arg>xpath://textarea[@id='log-details']</arg>
<doc>Returns the value attribute of the element identified by ``locator``.</doc>
<status status="PASS" starttime="20210901 13:37:30.698" endtime="20210901 13:37:30.714"/>
</kw>
<msg timestamp="20210901 13:37:30.714" level="INFO">${entry} = ('PASS', '\n====== Smart Update Manager Installation Log ======\n\n\nSource:   mlnx-ofa_kernel-5.4-OFED.5.4.1.0.3.1.rhel8u3.x86_64.rpm\nVersion:  5.4-OFED.5.4.1.0.3.1.rhel8u3\nLog Date: 9/1/21 9:22 AM...</msg>
<status status="PASS" starttime="20210901 13:37:30.698" endtime="20210901 13:37:30.714"/>
</kw>
<kw name="Run Keyword If" library="BuiltIn">
<arg>'${name}[0]'=='PASS'</arg>
<arg>run keyword and ignore error</arg>
<arg>create File</arg>
<arg>${output_path}\\${spp_dir_name}\\${day}\\output_logs\\${ip_name}\\${name}[1].txt</arg>
<doc>Runs the given keyword with the given arguments, if ``condition`` is true.</doc>
<kw name="Run Keyword And Ignore Error" library="BuiltIn">
<arg>create File</arg>
<arg>${output_path}\\${spp_dir_name}\\${day}\\output_logs\\${ip_name}\\${name}[1].txt</arg>
<doc>Runs the given keyword with the given arguments and ignores possible error.</doc>
<kw name="Create File" library="OperatingSystem">
<arg>${output_path}\\${spp_dir_name}\\${day}\\output_logs\\${ip_name}\\${name}[1].txt</arg>
<doc>Creates a file with the given content and encoding.</doc>
<msg timestamp="20210901 13:37:30.714" level="FAIL">FileNotFoundError: [Errno 2] No such file or directory: 'C:\\Users\\Administrator\\Desktop\\SPPGen10PlusSnap5.2021_0819.46.iso\\01_09_2021_12_48_55_\\output_logs\\10.0.205.20\\HPE Mellanox RoCE (RDMA over Converged Ethernet) Driver for Mellanox ConnectX-4, ConnectX-5 and ConnectX-6 Adapters for Red Hat Enterprise Linux 8 Update 3 (x86_64)(mlnx-ofa_kernel-5.4-OFED.5.4.1.0.3.1.rhel8u3.x86_64).txt'</msg>
<status status="FAIL" starttime="20210901 13:37:30.714" endtime="20210901 13:37:30.714"/>
</kw>
<status status="PASS" starttime="20210901 13:37:30.714" endtime="20210901 13:37:30.714"/>
</kw>
<status status="PASS" starttime="20210901 13:37:30.714" endtime="20210901 13:37:30.714"/>
</kw>
<kw name="Run Keyword If" library="BuiltIn">
<arg>'${name}[0]'=='PASS'</arg>
<arg>run keyword and ignore error</arg>
<arg>Append to file</arg>
<arg>${output_path}\\${spp_dir_name}\\${day}\\output_logs\\${ip_name}\\result.txt</arg>
<arg>${name}[1] : ${result} \n</arg>
<doc>Runs the given keyword with the given arguments, if ``condition`` is true.</doc>
<kw name="Run Keyword And Ignore Error" library="BuiltIn">
<arg>Append to file</arg>
<arg>${output_path}\\${spp_dir_name}\\${day}\\output_logs\\${ip_name}\\result.txt</arg>
<arg>${name}[1] : ${result} \n</arg>
<doc>Runs the given keyword with the given arguments and ignores possible error.</doc>
<kw name="Append To File" library="OperatingSystem">
<arg>${output_path}\\${spp_dir_name}\\${day}\\output_logs\\${ip_name}\\result.txt</arg>
<arg>${name}[1] : ${result} \n</arg>
<doc>Appends the given content to the specified file.</doc>
<msg timestamp="20210901 13:37:30.730" level="INFO" html="true">Appended to file '&lt;a href="file://C:\Users\Administrator\Desktop\SPPGen10PlusSnap5.2021_0819.46.iso\01_09_2021_12_48_55_\output_logs\10.0.205.20\result.txt"&gt;C:\Users\Administrator\Desktop\SPPGen10PlusSnap5.2021_0819.46.iso\01_09_2021_12_48_55_\output_logs\10.0.205.20\result.txt&lt;/a&gt;'.</msg>
<status status="PASS" starttime="20210901 13:37:30.714" endtime="20210901 13:37:30.730"/>
</kw>
<status status="PASS" starttime="20210901 13:37:30.714" endtime="20210901 13:37:30.730"/>
</kw>
<status status="PASS" starttime="20210901 13:37:30.714" endtime="20210901 13:37:30.730"/>
</kw>
<kw name="Run Keyword If" library="BuiltIn">
<arg>'${name}[0]'=='PASS'</arg>
<arg>run keyword and ignore error</arg>
<arg>Append to file</arg>
<arg>${output_path}\\${spp_dir_name}\\${day}\\output_logs\\${ip_name}\\${name}[1].txt</arg>
<arg>${entry}[1]</arg>
<doc>Runs the given keyword with the given arguments, if ``condition`` is true.</doc>
<kw name="Run Keyword And Ignore Error" library="BuiltIn">
<arg>Append to file</arg>
<arg>${output_path}\\${spp_dir_name}\\${day}\\output_logs\\${ip_name}\\${name}[1].txt</arg>
<arg>${entry}[1]</arg>
<doc>Runs the given keyword with the given arguments and ignores possible error.</doc>
<kw name="Append To File" library="OperatingSystem">
<arg>${output_path}\\${spp_dir_name}\\${day}\\output_logs\\${ip_name}\\${name}[1].txt</arg>
<arg>${entry}[1]</arg>
<doc>Appends the given content to the specified file.</doc>
<msg timestamp="20210901 13:37:30.730" level="FAIL">FileNotFoundError: [Errno 2] No such file or directory: 'C:\\Users\\Administrator\\Desktop\\SPPGen10PlusSnap5.2021_0819.46.iso\\01_09_2021_12_48_55_\\output_logs\\10.0.205.20\\HPE Mellanox RoCE (RDMA over Converged Ethernet) Driver for Mellanox ConnectX-4, ConnectX-5 and ConnectX-6 Adapters for Red Hat Enterprise Linux 8 Update 3 (x86_64)(mlnx-ofa_kernel-5.4-OFED.5.4.1.0.3.1.rhel8u3.x86_64).txt'</msg>
<status status="FAIL" starttime="20210901 13:37:30.730" endtime="20210901 13:37:30.730"/>
</kw>
<status status="PASS" starttime="20210901 13:37:30.730" endtime="20210901 13:37:30.730"/>
</kw>
<status status="PASS" starttime="20210901 13:37:30.730" endtime="20210901 13:37:30.730"/>
</kw>
<kw name="Run Keyword If" library="BuiltIn">
<arg>'${name}[0]'=='PASS'</arg>
<arg>run keyword and ignore error</arg>
<arg>Append to file</arg>
<arg>${output_path}\\${spp_dir_name}\\${day}\\output_logs\\Details\\dash.txt</arg>
<arg>${ip_name}:${name}[1]:${result} \n</arg>
<doc>Runs the given keyword with the given arguments, if ``condition`` is true.</doc>
<kw name="Run Keyword And Ignore Error" library="BuiltIn">
<arg>Append to file</arg>
<arg>${output_path}\\${spp_dir_name}\\${day}\\output_logs\\Details\\dash.txt</arg>
<arg>${ip_name}:${name}[1]:${result} \n</arg>
<doc>Runs the given keyword with the given arguments and ignores possible error.</doc>
<kw name="Append To File" library="OperatingSystem">
<arg>${output_path}\\${spp_dir_name}\\${day}\\output_logs\\Details\\dash.txt</arg>
<arg>${ip_name}:${name}[1]:${result} \n</arg>
<doc>Appends the given content to the specified file.</doc>
<msg timestamp="20210901 13:37:30.730" level="INFO" html="true">Appended to file '&lt;a href="file://C:\Users\Administrator\Desktop\SPPGen10PlusSnap5.2021_0819.46.iso\01_09_2021_12_48_55_\output_logs\Details\dash.txt"&gt;C:\Users\Administrator\Desktop\SPPGen10PlusSnap5.2021_0819.46.iso\01_09_2021_12_48_55_\output_logs\Details\dash.txt&lt;/a&gt;'.</msg>
<status status="PASS" starttime="20210901 13:37:30.730" endtime="20210901 13:37:30.730"/>
</kw>
<status status="PASS" starttime="20210901 13:37:30.730" endtime="20210901 13:37:30.730"/>
</kw>
<status status="PASS" starttime="20210901 13:37:30.730" endtime="20210901 13:37:30.730"/>
</kw>
<status status="PASS" starttime="20210901 13:37:20.414" endtime="20210901 13:37:30.730"/>
</iter>
<iter>
<var name="${place_count}">7</var>
<kw name="Sleep" library="BuiltIn">
<arg>10</arg>
<doc>Pauses the test executed for the given time.</doc>
<msg timestamp="20210901 13:37:40.737" level="INFO">Slept 10 seconds</msg>
<status status="PASS" starttime="20210901 13:37:30.730" endtime="20210901 13:37:40.737"/>
</kw>
<kw name="Evaluate" library="BuiltIn">
<var>${position}</var>
<arg>${position}+10</arg>
<doc>Evaluates the given expression in Python and returns the result.</doc>
<msg timestamp="20210901 13:37:40.737" level="INFO">${position} = 70</msg>
<status status="PASS" starttime="20210901 13:37:40.737" endtime="20210901 13:37:40.737"/>
</kw>
<kw name="Log To Console" library="BuiltIn">
<arg>pos_${position}</arg>
<doc>Logs the given message to the console.</doc>
<status status="PASS" starttime="20210901 13:37:40.737" endtime="20210901 13:37:40.737"/>
</kw>
<kw name="Execute Javascript" library="Selenium2Library">
<arg>window.document.querySelector('div#hpsum-node-install-results-panel.hp-grid-panels.hp-grid-narrow').scrollTo(0,${position})</arg>
<doc>Executes the given JavaScript code with possible arguments.</doc>
<msg timestamp="20210901 13:37:40.737" level="INFO">Executing JavaScript:
window.document.querySelector('div#hpsum-node-install-results-panel.hp-grid-panels.hp-grid-narrow').scrollTo(0,70)
Without any arguments.</msg>
<status status="PASS" starttime="20210901 13:37:40.737" endtime="20210901 13:37:40.743"/>
</kw>
<kw name="Run Keyword And Ignore Error" library="BuiltIn">
<arg>click element</arg>
<arg>xpath:/html[1]/body[1]/div[2]/div[4]/div[1]/div[1]/section[1]/form[1]/div[1]/div[2]/div[1]/div[1]/div[1]/div[1]/table[1]/tbody[1]/tr[${place_count}]/td[5]/a[1]</arg>
<doc>Runs the given keyword with the given arguments and ignores possible error.</doc>
<kw name="Click Element" library="Selenium2Library">
<arg>xpath:/html[1]/body[1]/div[2]/div[4]/div[1]/div[1]/section[1]/form[1]/div[1]/div[2]/div[1]/div[1]/div[1]/div[1]/table[1]/tbody[1]/tr[${place_count}]/td[5]/a[1]</arg>
<doc>Click the element identified by ``locator``.</doc>
<msg timestamp="20210901 13:37:40.743" level="INFO">Clicking element 'xpath:/html[1]/body[1]/div[2]/div[4]/div[1]/div[1]/section[1]/form[1]/div[1]/div[2]/div[1]/div[1]/div[1]/div[1]/table[1]/tbody[1]/tr[7]/td[5]/a[1]'.</msg>
<status status="PASS" starttime="20210901 13:37:40.743" endtime="20210901 13:37:40.975"/>
</kw>
<status status="PASS" starttime="20210901 13:37:40.743" endtime="20210901 13:37:40.975"/>
</kw>
<kw name="Run Keyword And Ignore Error" library="BuiltIn">
<var>${name}</var>
<arg>get text</arg>
<arg>xpath:/html[1]/body[1]/div[2]/div[4]/div[1]/div[1]/section[1]/form[1]/div[1]/div[2]/div[1]/div[1]/div[1]/div[1]/table[1]/tbody[1]/tr[${place_count}]/td[3]</arg>
<doc>Runs the given keyword with the given arguments and ignores possible error.</doc>
<kw name="Get Text" library="Selenium2Library">
<arg>xpath:/html[1]/body[1]/div[2]/div[4]/div[1]/div[1]/section[1]/form[1]/div[1]/div[2]/div[1]/div[1]/div[1]/div[1]/table[1]/tbody[1]/tr[${place_count}]/td[3]</arg>
<doc>Returns the text value of the element identified by ``locator``.</doc>
<status status="PASS" starttime="20210901 13:37:40.975" endtime="20210901 13:37:40.975"/>
</kw>
<msg timestamp="20210901 13:37:40.975" level="INFO">${name} = ('PASS', 'HPE Mellanox RoCE (RDMA over Converged Ethernet) Driver for Mellanox ConnectX-4, ConnectX-5 and ConnectX-6 Adapters for Red Hat Enterprise Linux 8 Update 3 (x86_64)(kmod-mlnx-ofa_kernel-5.4-...</msg>
<status status="PASS" starttime="20210901 13:37:40.975" endtime="20210901 13:37:40.975"/>
</kw>
<kw name="Run Keyword And Ignore Error" library="BuiltIn">
<var>${status}</var>
<var>${result}</var>
<arg>get text</arg>
<arg>xpath:/html[1]/body[1]/div[2]/div[4]/div[1]/div[1]/section[1]/form[1]/div[1]/div[2]/div[1]/div[1]/div[1]/div[1]/table[1]/tbody[1]/tr[${place_count}]/td[4]</arg>
<doc>Runs the given keyword with the given arguments and ignores possible error.</doc>
<kw name="Get Text" library="Selenium2Library">
<arg>xpath:/html[1]/body[1]/div[2]/div[4]/div[1]/div[1]/section[1]/form[1]/div[1]/div[2]/div[1]/div[1]/div[1]/div[1]/table[1]/tbody[1]/tr[${place_count}]/td[4]</arg>
<doc>Returns the text value of the element identified by ``locator``.</doc>
<status status="PASS" starttime="20210901 13:37:40.975" endtime="20210901 13:37:40.991"/>
</kw>
<msg timestamp="20210901 13:37:40.991" level="INFO">${status} = PASS</msg>
<msg timestamp="20210901 13:37:40.991" level="INFO">${result} = Success, reboot required to activate new version.</msg>
<status status="PASS" starttime="20210901 13:37:40.975" endtime="20210901 13:37:40.991"/>
</kw>
<kw name="Run Keyword And Ignore Error" library="BuiltIn">
<var>${entry}</var>
<arg>Get value</arg>
<arg>xpath://textarea[@id='log-details']</arg>
<doc>Runs the given keyword with the given arguments and ignores possible error.</doc>
<kw name="Get Value" library="Selenium2Library">
<arg>xpath://textarea[@id='log-details']</arg>
<doc>Returns the value attribute of the element identified by ``locator``.</doc>
<status status="PASS" starttime="20210901 13:37:40.991" endtime="20210901 13:37:40.991"/>
</kw>
<msg timestamp="20210901 13:37:40.991" level="INFO">${entry} = ('PASS', '\n====== Smart Update Manager Installation Log ======\n\n\nSource:   kmod-mlnx-ofa_kernel-5.4-OFED.5.4.1.0.3.1.rhel8u3.x86_64.rpm\nVersion:  5.4-OFED.5.4.1.0.3.1.rhel8u3\nLog Date: 9/1/21 9:...</msg>
<status status="PASS" starttime="20210901 13:37:40.991" endtime="20210901 13:37:40.991"/>
</kw>
<kw name="Run Keyword If" library="BuiltIn">
<arg>'${name}[0]'=='PASS'</arg>
<arg>run keyword and ignore error</arg>
<arg>create File</arg>
<arg>${output_path}\\${spp_dir_name}\\${day}\\output_logs\\${ip_name}\\${name}[1].txt</arg>
<doc>Runs the given keyword with the given arguments, if ``condition`` is true.</doc>
<kw name="Run Keyword And Ignore Error" library="BuiltIn">
<arg>create File</arg>
<arg>${output_path}\\${spp_dir_name}\\${day}\\output_logs\\${ip_name}\\${name}[1].txt</arg>
<doc>Runs the given keyword with the given arguments and ignores possible error.</doc>
<kw name="Create File" library="OperatingSystem">
<arg>${output_path}\\${spp_dir_name}\\${day}\\output_logs\\${ip_name}\\${name}[1].txt</arg>
<doc>Creates a file with the given content and encoding.</doc>
<msg timestamp="20210901 13:37:41.006" level="FAIL">FileNotFoundError: [Errno 2] No such file or directory: 'C:\\Users\\Administrator\\Desktop\\SPPGen10PlusSnap5.2021_0819.46.iso\\01_09_2021_12_48_55_\\output_logs\\10.0.205.20\\HPE Mellanox RoCE (RDMA over Converged Ethernet) Driver for Mellanox ConnectX-4, ConnectX-5 and ConnectX-6 Adapters for Red Hat Enterprise Linux 8 Update 3 (x86_64)(kmod-mlnx-ofa_kernel-5.4-OFED.5.4.1.0.3.1.rhel8u3.x86_64).txt'</msg>
<status status="FAIL" starttime="20210901 13:37:40.991" endtime="20210901 13:37:41.006"/>
</kw>
<status status="PASS" starttime="20210901 13:37:40.991" endtime="20210901 13:37:41.006"/>
</kw>
<status status="PASS" starttime="20210901 13:37:40.991" endtime="20210901 13:37:41.006"/>
</kw>
<kw name="Run Keyword If" library="BuiltIn">
<arg>'${name}[0]'=='PASS'</arg>
<arg>run keyword and ignore error</arg>
<arg>Append to file</arg>
<arg>${output_path}\\${spp_dir_name}\\${day}\\output_logs\\${ip_name}\\result.txt</arg>
<arg>${name}[1] : ${result} \n</arg>
<doc>Runs the given keyword with the given arguments, if ``condition`` is true.</doc>
<kw name="Run Keyword And Ignore Error" library="BuiltIn">
<arg>Append to file</arg>
<arg>${output_path}\\${spp_dir_name}\\${day}\\output_logs\\${ip_name}\\result.txt</arg>
<arg>${name}[1] : ${result} \n</arg>
<doc>Runs the given keyword with the given arguments and ignores possible error.</doc>
<kw name="Append To File" library="OperatingSystem">
<arg>${output_path}\\${spp_dir_name}\\${day}\\output_logs\\${ip_name}\\result.txt</arg>
<arg>${name}[1] : ${result} \n</arg>
<doc>Appends the given content to the specified file.</doc>
<msg timestamp="20210901 13:37:41.006" level="INFO" html="true">Appended to file '&lt;a href="file://C:\Users\Administrator\Desktop\SPPGen10PlusSnap5.2021_0819.46.iso\01_09_2021_12_48_55_\output_logs\10.0.205.20\result.txt"&gt;C:\Users\Administrator\Desktop\SPPGen10PlusSnap5.2021_0819.46.iso\01_09_2021_12_48_55_\output_logs\10.0.205.20\result.txt&lt;/a&gt;'.</msg>
<status status="PASS" starttime="20210901 13:37:41.006" endtime="20210901 13:37:41.006"/>
</kw>
<status status="PASS" starttime="20210901 13:37:41.006" endtime="20210901 13:37:41.006"/>
</kw>
<status status="PASS" starttime="20210901 13:37:41.006" endtime="20210901 13:37:41.006"/>
</kw>
<kw name="Run Keyword If" library="BuiltIn">
<arg>'${name}[0]'=='PASS'</arg>
<arg>run keyword and ignore error</arg>
<arg>Append to file</arg>
<arg>${output_path}\\${spp_dir_name}\\${day}\\output_logs\\${ip_name}\\${name}[1].txt</arg>
<arg>${entry}[1]</arg>
<doc>Runs the given keyword with the given arguments, if ``condition`` is true.</doc>
<kw name="Run Keyword And Ignore Error" library="BuiltIn">
<arg>Append to file</arg>
<arg>${output_path}\\${spp_dir_name}\\${day}\\output_logs\\${ip_name}\\${name}[1].txt</arg>
<arg>${entry}[1]</arg>
<doc>Runs the given keyword with the given arguments and ignores possible error.</doc>
<kw name="Append To File" library="OperatingSystem">
<arg>${output_path}\\${spp_dir_name}\\${day}\\output_logs\\${ip_name}\\${name}[1].txt</arg>
<arg>${entry}[1]</arg>
<doc>Appends the given content to the specified file.</doc>
<msg timestamp="20210901 13:37:41.006" level="FAIL">